2024-07-02 10:38:25.894 [info] Reading sessions from keychain...
2024-07-02 10:38:25.894 [info] Getting sessions for all scopes...
2024-07-02 10:38:25.894 [info] Got stored sessions!
2024-07-02 10:38:25.894 [info] Got 1 verified sessions.
2024-07-02 10:38:25.894 [info] Got 1 sessions for ...
2024-07-02 10:38:25.894 [info] Getting sessions for all scopes...
2024-07-02 10:38:25.894 [info] Got 1 sessions for ...
2024-07-02 10:38:25.918 [info] Getting sessions for read:user,repo,user:email,workflow...
2024-07-02 10:38:25.918 [info] Got 1 sessions for read:user,repo,user:email,workflow...
2024-07-02 10:38:26.513 [info] Getting sessions for read:user,repo,user:email,workflow...
2024-07-02 10:38:26.513 [info] Got 1 sessions for read:user,repo,user:email,workflow...
2024-07-02 10:38:29.351 [info] Getting sessions for read:user,repo,user:email,workflow...
2024-07-02 10:38:29.352 [info] Got 1 sessions for read:user,repo,user:email,workflow...
2024-07-02 10:52:56.949 [info] Getting sessions for read:user,repo,user:email,workflow...
2024-07-02 10:52:56.950 [info] Got 1 sessions for read:user,repo,user:email,workflow...
2024-07-02 12:13:56.687 [info] Getting sessions for read:user,repo,user:email,workflow...
2024-07-02 12:13:56.689 [info] Got 1 sessions for read:user,repo,user:email,workflow...
2024-07-02 12:26:37.692 [info] Getting sessions for read:user,repo,user:email,workflow...
2024-07-02 12:26:37.694 [info] Got 1 sessions for read:user,repo,user:email,workflow...
2024-07-02 13:08:40.462 [info] Getting sessions for read:user,repo,user:email,workflow...
2024-07-02 13:08:40.464 [info] Got 1 sessions for read:user,repo,user:email,workflow...
2024-07-02 13:24:32.664 [info] Getting sessions for read:user,repo,user:email,workflow...
2024-07-02 13:24:32.665 [info] Got 1 sessions for read:user,repo,user:email,workflow...
2024-07-02 13:24:33.135 [info] Getting sessions for read:user,repo,user:email,workflow...
2024-07-02 13:24:33.135 [info] Got 1 sessions for read:user,repo,user:email,workflow...
2024-07-02 13:24:47.844 [info] Getting sessions for read:user,repo,user:email,workflow...
2024-07-02 13:24:47.844 [info] Got 1 sessions for read:user,repo,user:email,workflow...
2024-07-02 13:24:48.192 [info] Getting sessions for read:user,repo,user:email,workflow...
2024-07-02 13:24:48.193 [info] Got 1 sessions for read:user,repo,user:email,workflow...
2024-07-02 13:31:46.505 [info] Getting sessions for read:user,repo,user:email,workflow...
2024-07-02 13:31:46.506 [info] Got 1 sessions for read:user,repo,user:email,workflow...
2024-07-02 13:49:57.910 [info] Getting sessions for read:user,repo,user:email,workflow...
2024-07-02 13:49:57.911 [info] Got 1 sessions for read:user,repo,user:email,workflow...
