File not found: /tmp/code-server/lib/code-server-4.19.1/lib/vscode/out/vsda_bg.wasm
File not found: /tmp/code-server/lib/code-server-4.19.1/lib/vscode/out/vsda.js
[08:48:50] [127.0.0.1][b8601e4a][ManagementConnection] Unknown reconnection token (never seen).
File not found: /tmp/code-server/lib/code-server-4.19.1/lib/vscode/out/vsda_bg.wasm
File not found: /tmp/code-server/lib/code-server-4.19.1/lib/vscode/out/vsda.js
File not found: /tmp/code-server/lib/code-server-4.19.1/lib/vscode/out/vsda.js
File not found: /tmp/code-server/lib/code-server-4.19.1/lib/vscode/out/vsda_bg.wasm
File not found: /tmp/code-server/lib/code-server-4.19.1/lib/vscode/out/vsda.js
File not found: /tmp/code-server/lib/code-server-4.19.1/lib/vscode/out/vsda_bg.wasm
File not found: /tmp/code-server/lib/code-server-4.19.1/lib/vscode/out/vsda.js
File not found: /tmp/code-server/lib/code-server-4.19.1/lib/vscode/out/vsda_bg.wasm
[12:45:05] RequestStore#acceptReply was called without receiving a matching request 221
[12:45:05] RequestStore#acceptReply was called without receiving a matching request 222
[12:45:05] RequestStore#acceptReply was called without receiving a matching request 223
[12:45:05] RequestStore#acceptReply was called without receiving a matching request 224
[12:45:05] RequestStore#acceptReply was called without receiving a matching request 225
[12:45:05] RequestStore#acceptReply was called without receiving a matching request 226
[12:45:05] RequestStore#acceptReply was called without receiving a matching request 227
[12:45:05] RequestStore#acceptReply was called without receiving a matching request 228
[12:45:05] RequestStore#acceptReply was called without receiving a matching request 229
[12:45:05] RequestStore#acceptReply was called without receiving a matching request 230
[12:45:05] RequestStore#acceptReply was called without receiving a matching request 231
[12:45:05] RequestStore#acceptReply was called without receiving a matching request 232
[12:45:05] RequestStore#acceptReply was called without receiving a matching request 233
[12:45:05] RequestStore#acceptReply was called without receiving a matching request 234
[12:45:05] RequestStore#acceptReply was called without receiving a matching request 235
[12:45:05] RequestStore#acceptReply was called without receiving a matching request 236
[12:45:05] RequestStore#acceptReply was called without receiving a matching request 237
[12:45:05] RequestStore#acceptReply was called without receiving a matching request 238
[12:45:05] RequestStore#acceptReply was called without receiving a matching request 239
[12:45:05] RequestStore#acceptReply was called without receiving a matching request 240
[12:45:05] RequestStore#acceptReply was called without receiving a matching request 241
[12:45:05] RequestStore#acceptReply was called without receiving a matching request 242
[12:45:06] RequestStore#acceptReply was called without receiving a matching request 243
[12:45:06] RequestStore#acceptReply was called without receiving a matching request 244
[12:45:06] RequestStore#acceptReply was called without receiving a matching request 245
[12:45:06] RequestStore#acceptReply was called without receiving a matching request 246
[12:45:06] RequestStore#acceptReply was called without receiving a matching request 247
[12:45:06] RequestStore#acceptReply was called without receiving a matching request 248
[12:45:06] RequestStore#acceptReply was called without receiving a matching request 249
[12:45:06] RequestStore#acceptReply was called without receiving a matching request 250
[12:45:06] RequestStore#acceptReply was called without receiving a matching request 251
[12:45:06] RequestStore#acceptReply was called without receiving a matching request 252
[12:45:06] RequestStore#acceptReply was called without receiving a matching request 253
[06:13:40] [127.0.0.1][4e4fc907][ExtensionHostConnection] Unknown reconnection token (seen before).
File not found: /tmp/code-server/lib/code-server-4.19.1/lib/vscode/out/vsda.js
File not found: /tmp/code-server/lib/code-server-4.19.1/lib/vscode/out/vsda_bg.wasm
