2024-07-02 10:38:24.855 [info] Log level: Info
2024-07-02 10:38:24.855 [info] Validating found git in: "git"
2024-07-02 10:38:24.855 [info] Using git "2.43.0" from "git"
2024-07-02 10:38:24.855 [info] > git rev-parse --show-toplevel [5ms]
2024-07-02 10:38:24.855 [info] fatal: not a git repository (or any parent up to mount point /home)
Stopping at filesystem boundary (GIT_DISCOVERY_ACROSS_FILESYSTEM not set).
2024-07-02 10:38:24.855 [info] > git rev-parse --show-toplevel [6ms]
2024-07-02 10:38:24.855 [info] fatal: this operation must be run in a work tree
2024-07-02 10:38:24.856 [info] > git rev-parse --show-toplevel [9ms]
2024-07-02 10:38:24.856 [info] fatal: not a git repository (or any parent up to mount point /home)
Stopping at filesystem boundary (GIT_DISCOVERY_ACROSS_FILESYSTEM not set).
2024-07-02 10:38:24.863 [info] > git rev-parse --show-toplevel [11ms]
2024-07-02 10:38:24.863 [info] fatal: not a git repository (or any parent up to mount point /home)
Stopping at filesystem boundary (GIT_DISCOVERY_ACROSS_FILESYSTEM not set).
2024-07-02 10:38:24.911 [info] > git rev-parse --show-toplevel [24ms]
2024-07-02 10:38:24.911 [info] fatal: not a git repository (or any parent up to mount point /home)
Stopping at filesystem boundary (GIT_DISCOVERY_ACROSS_FILESYSTEM not set).
2024-07-02 10:38:24.973 [info] > git rev-parse --show-toplevel [50ms]
2024-07-02 10:38:24.974 [info] fatal: not a git repository (or any parent up to mount point /home)
Stopping at filesystem boundary (GIT_DISCOVERY_ACROSS_FILESYSTEM not set).
2024-07-02 10:38:25.000 [info] > git rev-parse --show-toplevel [10ms]
2024-07-02 10:38:25.000 [info] fatal: not a git repository (or any parent up to mount point /home)
Stopping at filesystem boundary (GIT_DISCOVERY_ACROSS_FILESYSTEM not set).
2024-07-02 10:38:25.030 [info] > git rev-parse --show-toplevel [16ms]
2024-07-02 10:38:25.030 [info] fatal: not a git repository (or any parent up to mount point /home)
Stopping at filesystem boundary (GIT_DISCOVERY_ACROSS_FILESYSTEM not set).
2024-07-02 10:38:25.055 [info] > git rev-parse --show-toplevel [7ms]
2024-07-02 10:38:25.086 [info] > git rev-parse --git-dir --git-common-dir [14ms]
2024-07-02 10:38:25.128 [info] Open repository: /home/geenloop/uptime-kuma
2024-07-02 10:38:25.178 [info] > git config --get commit.template [15ms]
2024-07-02 10:38:25.208 [info] > git rev-parse --show-toplevel [32ms]
2024-07-02 10:38:25.209 [info] fatal: not a git repository (or any parent up to mount point /home)
Stopping at filesystem boundary (GIT_DISCOVERY_ACROSS_FILESYSTEM not set).
2024-07-02 10:38:25.231 [info] > git for-each-ref --format=%(refname)%00%(upstream:short)%00%(objectname)%00%(upstream:track)%00%(upstream:remotename)%00%(upstream:remoteref) refs/heads/master refs/remotes/master [30ms]
2024-07-02 10:38:25.285 [info] > git status -z -uall [19ms]
2024-07-02 10:38:25.433 [info] > git config --get commit.template [40ms]
2024-07-02 10:38:25.504 [info] > git for-each-ref --format=%(refname)%00%(upstream:short)%00%(objectname)%00%(upstream:track)%00%(upstream:remotename)%00%(upstream:remoteref) refs/heads/master refs/remotes/master [73ms]
2024-07-02 10:38:25.516 [info] > git rev-parse --show-toplevel [14ms]
2024-07-02 10:38:25.516 [info] fatal: not a git repository (or any parent up to mount point /home)
Stopping at filesystem boundary (GIT_DISCOVERY_ACROSS_FILESYSTEM not set).
2024-07-02 10:38:25.531 [info] > git status -z -uall [16ms]
2024-07-02 10:38:25.881 [info] > git show --textconv :.git/COMMIT_EDITMSG [16ms]
2024-07-02 10:38:25.885 [info] > git ls-files --stage -- /home/geenloop/uptime-kuma/.git/COMMIT_EDITMSG [5ms]
2024-07-02 10:38:26.164 [info] > git check-ignore -v -z --stdin [13ms]
2024-07-02 10:38:28.881 [info] > git -c user.useConfigOnly=true commit --quiet --allow-empty-message --file - [16ms]
2024-07-02 10:38:28.896 [info] > git config --get commit.template [4ms]
2024-07-02 10:38:28.924 [info] > git config --get commit.template [14ms]
2024-07-02 10:38:28.936 [info] > git for-each-ref --format=%(refname)%00%(upstream:short)%00%(objectname)%00%(upstream:track)%00%(upstream:remotename)%00%(upstream:remoteref) refs/heads/master refs/remotes/master [12ms]
2024-07-02 10:38:28.956 [info] > git status -z -uall [10ms]
2024-07-02 10:38:30.267 [info] > git ls-files --stage -- /home/geenloop/uptime-kuma/.git/COMMIT_EDITMSG [3ms]
2024-07-02 10:38:30.284 [info] > git push origin master:master [1302ms]
2024-07-02 10:38:30.284 [info] To https://github.com/brokengdnb/uptime-kuma.git
   3a1f2033..f54c71e1  master -> master
2024-07-02 10:38:30.308 [info] > git config --get commit.template [12ms]
2024-07-02 10:38:30.322 [info] > git show --textconv :.git/COMMIT_EDITMSG [3ms]
2024-07-02 10:38:30.322 [info] > git for-each-ref --format=%(refname)%00%(upstream:short)%00%(objectname)%00%(upstream:track)%00%(upstream:remotename)%00%(upstream:remoteref) refs/heads/master refs/remotes/master [16ms]
2024-07-02 10:38:30.340 [info] > git status -z -uall [9ms]
2024-07-02 10:38:30.427 [info] > git config --get commit.template [3ms]
2024-07-02 10:38:30.442 [info] > git for-each-ref --format=%(refname)%00%(upstream:short)%00%(objectname)%00%(upstream:track)%00%(upstream:remotename)%00%(upstream:remoteref) refs/heads/master refs/remotes/master [3ms]
2024-07-02 10:38:30.463 [info] > git status -z -uall [8ms]
2024-07-02 10:38:31.532 [info] > git config --get commit.template [11ms]
2024-07-02 10:38:31.533 [info] > git for-each-ref --format=%(refname)%00%(upstream:short)%00%(objectname)%00%(upstream:track)%00%(upstream:remotename)%00%(upstream:remoteref) refs/heads/master refs/remotes/master [3ms]
2024-07-02 10:38:31.552 [info] > git status -z -uall [8ms]
2024-07-02 10:38:31.659 [info] > git ls-files --stage -- /home/geenloop/uptime-kuma/.git/COMMIT_EDITMSG [3ms]
2024-07-02 10:38:31.701 [info] > git show --textconv :.git/COMMIT_EDITMSG [2ms]
2024-07-02 10:38:32.323 [info] > git show --textconv :package.json [15ms]
2024-07-02 10:38:32.324 [info] > git ls-files --stage -- /home/geenloop/uptime-kuma/package.json [4ms]
2024-07-02 10:38:32.339 [info] > git cat-file -s 4f37cb25b547e7c5ce6546dc9c374e3707cba44d [4ms]
2024-07-02 10:40:13.062 [info] > git config --get commit.template [31ms]
2024-07-02 10:40:13.069 [info] > git for-each-ref --format=%(refname)%00%(upstream:short)%00%(objectname)%00%(upstream:track)%00%(upstream:remotename)%00%(upstream:remoteref) refs/heads/master refs/remotes/master [9ms]
2024-07-02 10:40:13.098 [info] > git status -z -uall [10ms]
2024-07-02 10:40:18.156 [info] > git config --get commit.template [24ms]
2024-07-02 10:40:18.162 [info] > git for-each-ref --format=%(refname)%00%(upstream:short)%00%(objectname)%00%(upstream:track)%00%(upstream:remotename)%00%(upstream:remoteref) refs/heads/master refs/remotes/master [9ms]
2024-07-02 10:40:18.206 [info] > git status -z -uall [13ms]
2024-07-02 10:40:23.263 [info] > git config --get commit.template [27ms]
2024-07-02 10:40:23.264 [info] > git for-each-ref --format=%(refname)%00%(upstream:short)%00%(objectname)%00%(upstream:track)%00%(upstream:remotename)%00%(upstream:remoteref) refs/heads/master refs/remotes/master [4ms]
2024-07-02 10:40:23.309 [info] > git status -z -uall [13ms]
2024-07-02 10:43:09.564 [info] > git config --get commit.template [36ms]
2024-07-02 10:43:09.574 [info] > git for-each-ref --format=%(refname)%00%(upstream:short)%00%(objectname)%00%(upstream:track)%00%(upstream:remotename)%00%(upstream:remoteref) refs/heads/master refs/remotes/master [14ms]
2024-07-02 10:43:09.628 [info] > git status -z -uall [25ms]
2024-07-02 10:43:14.700 [info] > git config --get commit.template [25ms]
2024-07-02 10:43:14.704 [info] > git for-each-ref --format=%(refname)%00%(upstream:short)%00%(objectname)%00%(upstream:track)%00%(upstream:remotename)%00%(upstream:remoteref) refs/heads/master refs/remotes/master [6ms]
2024-07-02 10:43:14.743 [info] > git status -z -uall [19ms]
2024-07-02 10:45:27.112 [info] > git config --get commit.template [29ms]
2024-07-02 10:45:27.113 [info] > git for-each-ref --format=%(refname)%00%(upstream:short)%00%(objectname)%00%(upstream:track)%00%(upstream:remotename)%00%(upstream:remoteref) refs/heads/master refs/remotes/master [3ms]
2024-07-02 10:45:27.150 [info] > git status -z -uall [14ms]
2024-07-02 10:52:08.135 [info] > git config --get commit.template [12ms]
2024-07-02 10:52:08.156 [info] > git for-each-ref --format=%(refname)%00%(upstream:short)%00%(objectname)%00%(upstream:track)%00%(upstream:remotename)%00%(upstream:remoteref) refs/heads/master refs/remotes/master [3ms]
2024-07-02 10:52:08.206 [info] > git status -z -uall [33ms]
2024-07-02 10:52:09.161 [info] > git show --textconv :vue.config.js [26ms]
2024-07-02 10:52:09.168 [info] > git ls-files --stage -- /home/geenloop/uptime-kuma/vue.config.js [9ms]
2024-07-02 10:52:09.190 [info] > git cat-file -s 1b2bc87fa580c4aba0f15b1680997ec4b1cd139a [2ms]
2024-07-02 10:52:13.981 [info] > git show --textconv :package.json [24ms]
2024-07-02 10:52:13.983 [info] > git for-each-ref --format=%(refname)%00%(upstream:short)%00%(objectname)%00%(upstream:track)%00%(upstream:remotename)%00%(upstream:remoteref) refs/heads/master refs/remotes/master [54ms]
2024-07-02 10:52:13.984 [info] > git config --get commit.template [78ms]
2024-07-02 10:52:14.003 [info] > git ls-files --stage -- /home/geenloop/uptime-kuma/package.json [23ms]
2024-07-02 10:52:14.025 [info] > git status -z -uall [24ms]
2024-07-02 10:52:14.035 [info] > git cat-file -s 4f37cb25b547e7c5ce6546dc9c374e3707cba44d [11ms]
2024-07-02 10:52:15.842 [info] > git show --textconv :compose.yaml [35ms]
2024-07-02 10:52:15.868 [info] > git ls-files --stage -- /home/geenloop/uptime-kuma/compose.yaml [28ms]
2024-07-02 10:52:15.937 [info] > git cat-file -s c2fb3e8c3f04099d14a9d325aa51a4caad87e7c3 [32ms]
2024-07-02 10:52:22.552 [info] > git show --textconv :package.json [23ms]
2024-07-02 10:52:22.557 [info] > git ls-files --stage -- /home/geenloop/uptime-kuma/package.json [5ms]
2024-07-02 10:52:22.583 [info] > git cat-file -s 4f37cb25b547e7c5ce6546dc9c374e3707cba44d [5ms]
2024-07-02 10:52:23.761 [info] > git show --textconv :vue.config.js [27ms]
2024-07-02 10:52:23.767 [info] > git ls-files --stage -- /home/geenloop/uptime-kuma/vue.config.js [7ms]
2024-07-02 10:52:23.827 [info] > git cat-file -s 1b2bc87fa580c4aba0f15b1680997ec4b1cd139a [7ms]
2024-07-02 10:52:25.319 [info] > git show --textconv :package.json [32ms]
2024-07-02 10:52:25.327 [info] > git ls-files --stage -- /home/geenloop/uptime-kuma/package.json [9ms]
2024-07-02 10:52:25.360 [info] > git cat-file -s 4f37cb25b547e7c5ce6546dc9c374e3707cba44d [3ms]
2024-07-02 10:52:26.640 [info] > git config --get commit.template [33ms]
2024-07-02 10:52:26.641 [info] > git for-each-ref --format=%(refname)%00%(upstream:short)%00%(objectname)%00%(upstream:track)%00%(upstream:remotename)%00%(upstream:remoteref) refs/heads/master refs/remotes/master [4ms]
2024-07-02 10:52:26.682 [info] > git status -z -uall [14ms]
2024-07-02 10:52:31.731 [info] > git config --get commit.template [23ms]
2024-07-02 10:52:31.732 [info] > git for-each-ref --format=%(refname)%00%(upstream:short)%00%(objectname)%00%(upstream:track)%00%(upstream:remotename)%00%(upstream:remoteref) refs/heads/master refs/remotes/master [2ms]
2024-07-02 10:52:31.760 [info] > git status -z -uall [11ms]
2024-07-02 10:52:36.943 [info] > git config --get commit.template [23ms]
2024-07-02 10:52:36.943 [info] > git for-each-ref --format=%(refname)%00%(upstream:short)%00%(objectname)%00%(upstream:track)%00%(upstream:remotename)%00%(upstream:remoteref) refs/heads/master refs/remotes/master [4ms]
2024-07-02 10:52:36.976 [info] > git status -z -uall [10ms]
2024-07-02 10:52:42.023 [info] > git config --get commit.template [22ms]
2024-07-02 10:52:42.024 [info] > git for-each-ref --format=%(refname)%00%(upstream:short)%00%(objectname)%00%(upstream:track)%00%(upstream:remotename)%00%(upstream:remoteref) refs/heads/master refs/remotes/master [3ms]
2024-07-02 10:52:42.059 [info] > git status -z -uall [13ms]
2024-07-02 10:52:52.377 [info] > git add -A -- . [15ms]
2024-07-02 10:52:52.418 [info] > git -c user.useConfigOnly=true commit --quiet --allow-empty-message --file - [21ms]
2024-07-02 10:52:52.442 [info] > git config --get commit.template [2ms]
2024-07-02 10:52:52.491 [info] > git config --get commit.template [23ms]
2024-07-02 10:52:52.494 [info] > git for-each-ref --format=%(refname)%00%(upstream:short)%00%(objectname)%00%(upstream:track)%00%(upstream:remotename)%00%(upstream:remoteref) refs/heads/master refs/remotes/master [5ms]
2024-07-02 10:52:52.527 [info] > git status -z -uall [10ms]
2024-07-02 10:52:52.637 [info] > git config --get commit.template [2ms]
2024-07-02 10:52:52.661 [info] > git for-each-ref --format=%(refname)%00%(upstream:short)%00%(objectname)%00%(upstream:track)%00%(upstream:remotename)%00%(upstream:remoteref) refs/heads/master refs/remotes/master [4ms]
2024-07-02 10:52:52.687 [info] > git status -z -uall [7ms]
2024-07-02 10:52:53.737 [info] > git config --get commit.template [20ms]
2024-07-02 10:52:53.739 [info] > git for-each-ref --format=%(refname)%00%(upstream:short)%00%(objectname)%00%(upstream:track)%00%(upstream:remotename)%00%(upstream:remoteref) refs/heads/master refs/remotes/master [3ms]
2024-07-02 10:52:53.768 [info] > git status -z -uall [9ms]
2024-07-02 10:52:53.853 [info] > git ls-files --stage -- /home/geenloop/uptime-kuma/package.json [2ms]
2024-07-02 10:52:53.878 [info] > git cat-file -s 2400073733386941ebccec5a02b2dee48bd82280 [2ms]
2024-07-02 10:52:53.933 [info] > git show --textconv :package.json [4ms]
2024-07-02 10:52:56.108 [info] > git log --oneline --cherry master...master@{upstream} -- [3ms]
2024-07-02 10:52:56.533 [info] > git pull --tags origin master [404ms]
2024-07-02 10:52:56.533 [info] From https://github.com/brokengdnb/uptime-kuma
 * branch              master     -> FETCH_HEAD
2024-07-02 10:52:57.853 [info] > git ls-files --stage -- /home/geenloop/uptime-kuma/package.json [2ms]
2024-07-02 10:52:57.874 [info] > git cat-file -s 2400073733386941ebccec5a02b2dee48bd82280 [2ms]
2024-07-02 10:52:57.879 [info] > git push origin master:master [1324ms]
2024-07-02 10:52:57.880 [info] To https://github.com/brokengdnb/uptime-kuma.git
   f54c71e1..39987799  master -> master
2024-07-02 10:52:57.905 [info] > git config --get commit.template [1ms]
2024-07-02 10:52:57.953 [info] > git for-each-ref --format=%(refname)%00%(upstream:short)%00%(objectname)%00%(upstream:track)%00%(upstream:remotename)%00%(upstream:remoteref) refs/heads/master refs/remotes/master [26ms]
2024-07-02 10:52:57.975 [info] > git show --textconv :package.json [23ms]
2024-07-02 10:52:57.982 [info] > git status -z -uall [9ms]
2024-07-02 10:52:59.204 [info] > git config --get commit.template [24ms]
2024-07-02 10:52:59.206 [info] > git for-each-ref --format=%(refname)%00%(upstream:short)%00%(objectname)%00%(upstream:track)%00%(upstream:remotename)%00%(upstream:remoteref) refs/heads/master refs/remotes/master [3ms]
2024-07-02 10:52:59.231 [info] > git status -z -uall [7ms]
2024-07-02 10:52:59.313 [info] > git ls-files --stage -- /home/geenloop/uptime-kuma/package.json [4ms]
2024-07-02 10:52:59.338 [info] > git cat-file -s 2400073733386941ebccec5a02b2dee48bd82280 [2ms]
2024-07-02 10:52:59.414 [info] > git show --textconv :package.json [5ms]
2024-07-02 11:45:04.933 [info] > git check-ignore -v -z --stdin [30ms]
2024-07-02 11:45:10.486 [info] > git show --textconv :dockerfile [29ms]
2024-07-02 11:45:10.489 [info] > git ls-files --stage -- /home/geenloop/uptime-kuma/dockerfile [5ms]
2024-07-02 11:45:10.653 [info] > git check-ignore -v -z --stdin [1ms]
2024-07-02 11:45:11.178 [info] > git config --get commit.template [26ms]
2024-07-02 11:45:11.186 [info] > git for-each-ref --format=%(refname)%00%(upstream:short)%00%(objectname)%00%(upstream:track)%00%(upstream:remotename)%00%(upstream:remoteref) refs/heads/master refs/remotes/master [9ms]
2024-07-02 11:45:11.245 [info] > git status -z -uall [30ms]
2024-07-02 11:45:16.278 [info] > git show --textconv :Dockerfile [26ms]
2024-07-02 11:45:16.278 [info] > git ls-files --stage -- /home/geenloop/uptime-kuma/Dockerfile [2ms]
2024-07-02 11:45:16.478 [info] > git check-ignore -v -z --stdin [2ms]
2024-07-02 11:45:17.004 [info] > git config --get commit.template [22ms]
2024-07-02 11:45:17.005 [info] > git for-each-ref --format=%(refname)%00%(upstream:short)%00%(objectname)%00%(upstream:track)%00%(upstream:remotename)%00%(upstream:remoteref) refs/heads/master refs/remotes/master [3ms]
2024-07-02 11:45:17.037 [info] > git status -z -uall [8ms]
2024-07-02 11:45:21.738 [info] > git add -A -- /home/geenloop/uptime-kuma/Dockerfile [10ms]
2024-07-02 11:45:21.769 [info] > git config --get commit.template [3ms]
2024-07-02 11:45:21.797 [info] > git for-each-ref --format=%(refname)%00%(upstream:short)%00%(objectname)%00%(upstream:track)%00%(upstream:remotename)%00%(upstream:remoteref) refs/heads/master refs/remotes/master [2ms]
2024-07-02 11:45:21.829 [info] > git status -z -uall [9ms]
2024-07-02 11:45:23.060 [info] > git config --get commit.template [38ms]
2024-07-02 11:45:23.061 [info] > git for-each-ref --format=%(refname)%00%(upstream:short)%00%(objectname)%00%(upstream:track)%00%(upstream:remotename)%00%(upstream:remoteref) refs/heads/master refs/remotes/master [3ms]
2024-07-02 11:45:23.092 [info] > git status -z -uall [8ms]
2024-07-02 11:45:23.149 [info] > git ls-files --stage -- /home/geenloop/uptime-kuma/Dockerfile [2ms]
2024-07-02 11:45:23.178 [info] > git cat-file -s e69de29bb2d1d6434b8b29ae775ad8c2e48c5391 [4ms]
2024-07-02 11:45:23.235 [info] > git show --textconv :Dockerfile [3ms]
2024-07-02 11:45:34.765 [info] > git config --get commit.template [30ms]
2024-07-02 11:45:34.766 [info] > git for-each-ref --format=%(refname)%00%(upstream:short)%00%(objectname)%00%(upstream:track)%00%(upstream:remotename)%00%(upstream:remoteref) refs/heads/master refs/remotes/master [4ms]
2024-07-02 11:45:34.805 [info] > git status -z -uall [9ms]
2024-07-02 11:45:44.401 [info] > git config --get commit.template [27ms]
2024-07-02 11:45:44.403 [info] > git for-each-ref --format=%(refname)%00%(upstream:short)%00%(objectname)%00%(upstream:track)%00%(upstream:remotename)%00%(upstream:remoteref) refs/heads/master refs/remotes/master [3ms]
2024-07-02 11:45:44.432 [info] > git status -z -uall [7ms]
2024-07-02 11:45:50.065 [info] > git config --get commit.template [24ms]
2024-07-02 11:45:50.066 [info] > git for-each-ref --format=%(refname)%00%(upstream:short)%00%(objectname)%00%(upstream:track)%00%(upstream:remotename)%00%(upstream:remoteref) refs/heads/master refs/remotes/master [3ms]
2024-07-02 11:45:50.097 [info] > git status -z -uall [6ms]
2024-07-02 11:45:55.162 [info] > git config --get commit.template [35ms]
2024-07-02 11:45:55.164 [info] > git for-each-ref --format=%(refname)%00%(upstream:short)%00%(objectname)%00%(upstream:track)%00%(upstream:remotename)%00%(upstream:remoteref) refs/heads/master refs/remotes/master [4ms]
2024-07-02 11:45:55.218 [info] > git status -z -uall [20ms]
2024-07-02 11:46:00.249 [info] > git config --get commit.template [2ms]
2024-07-02 11:46:00.272 [info] > git for-each-ref --format=%(refname)%00%(upstream:short)%00%(objectname)%00%(upstream:track)%00%(upstream:remotename)%00%(upstream:remoteref) refs/heads/master refs/remotes/master [3ms]
2024-07-02 11:46:00.303 [info] > git status -z -uall [7ms]
2024-07-02 11:46:04.125 [info] > git show --textconv :package.json [28ms]
2024-07-02 11:46:04.126 [info] > git ls-files --stage -- /home/geenloop/uptime-kuma/package.json [5ms]
2024-07-02 11:46:04.149 [info] > git cat-file -s 2400073733386941ebccec5a02b2dee48bd82280 [3ms]
2024-07-02 11:46:05.331 [info] > git config --get commit.template [3ms]
2024-07-02 11:46:05.356 [info] > git for-each-ref --format=%(refname)%00%(upstream:short)%00%(objectname)%00%(upstream:track)%00%(upstream:remotename)%00%(upstream:remoteref) refs/heads/master refs/remotes/master [3ms]
2024-07-02 11:46:05.392 [info] > git status -z -uall [8ms]
2024-07-02 11:46:05.953 [info] > git show --textconv :vue.config.js [25ms]
2024-07-02 11:46:05.955 [info] > git ls-files --stage -- /home/geenloop/uptime-kuma/vue.config.js [3ms]
2024-07-02 11:46:05.983 [info] > git cat-file -s 2c1898ee1949acaa9ffc49fda30a57e440c12a70 [8ms]
2024-07-02 11:47:06.277 [info] > git show --textconv :Dockerfile [32ms]
2024-07-02 11:47:06.278 [info] > git ls-files --stage -- /home/geenloop/uptime-kuma/Dockerfile [11ms]
2024-07-02 11:47:06.308 [info] > git cat-file -s e69de29bb2d1d6434b8b29ae775ad8c2e48c5391 [3ms]
2024-07-02 12:07:43.616 [info] > git config --get commit.template [28ms]
2024-07-02 12:07:43.617 [info] > git for-each-ref --format=%(refname)%00%(upstream:short)%00%(objectname)%00%(upstream:track)%00%(upstream:remotename)%00%(upstream:remoteref) refs/heads/master refs/remotes/master [3ms]
2024-07-02 12:07:43.659 [info] > git status -z -uall [10ms]
2024-07-02 12:08:55.226 [info] > git config --get commit.template [24ms]
2024-07-02 12:08:55.227 [info] > git for-each-ref --format=%(refname)%00%(upstream:short)%00%(objectname)%00%(upstream:track)%00%(upstream:remotename)%00%(upstream:remoteref) refs/heads/master refs/remotes/master [3ms]
2024-07-02 12:08:55.263 [info] > git status -z -uall [9ms]
2024-07-02 12:09:00.320 [info] > git config --get commit.template [24ms]
2024-07-02 12:09:00.322 [info] > git for-each-ref --format=%(refname)%00%(upstream:short)%00%(objectname)%00%(upstream:track)%00%(upstream:remotename)%00%(upstream:remoteref) refs/heads/master refs/remotes/master [2ms]
2024-07-02 12:09:00.353 [info] > git status -z -uall [8ms]
2024-07-02 12:09:11.157 [info] > git config --get commit.template [29ms]
2024-07-02 12:09:11.158 [info] > git for-each-ref --format=%(refname)%00%(upstream:short)%00%(objectname)%00%(upstream:track)%00%(upstream:remotename)%00%(upstream:remoteref) refs/heads/master refs/remotes/master [3ms]
2024-07-02 12:09:11.186 [info] > git status -z -uall [7ms]
2024-07-02 12:09:16.511 [info] > git config --get commit.template [23ms]
2024-07-02 12:09:16.513 [info] > git for-each-ref --format=%(refname)%00%(upstream:short)%00%(objectname)%00%(upstream:track)%00%(upstream:remotename)%00%(upstream:remoteref) refs/heads/master refs/remotes/master [2ms]
2024-07-02 12:09:16.537 [info] > git status -z -uall [6ms]
2024-07-02 12:10:03.234 [info] > git config --get commit.template [3ms]
2024-07-02 12:10:03.259 [info] > git for-each-ref --format=%(refname)%00%(upstream:short)%00%(objectname)%00%(upstream:track)%00%(upstream:remotename)%00%(upstream:remoteref) refs/heads/master refs/remotes/master [2ms]
2024-07-02 12:10:03.288 [info] > git status -z -uall [7ms]
2024-07-02 12:10:08.340 [info] > git config --get commit.template [22ms]
2024-07-02 12:10:08.341 [info] > git for-each-ref --format=%(refname)%00%(upstream:short)%00%(objectname)%00%(upstream:track)%00%(upstream:remotename)%00%(upstream:remoteref) refs/heads/master refs/remotes/master [2ms]
2024-07-02 12:10:08.373 [info] > git status -z -uall [8ms]
2024-07-02 12:11:04.264 [info] > git config --get commit.template [26ms]
2024-07-02 12:11:04.265 [info] > git for-each-ref --format=%(refname)%00%(upstream:short)%00%(objectname)%00%(upstream:track)%00%(upstream:remotename)%00%(upstream:remoteref) refs/heads/master refs/remotes/master [3ms]
2024-07-02 12:11:04.302 [info] > git status -z -uall [10ms]
2024-07-02 12:11:09.335 [info] > git config --get commit.template [2ms]
2024-07-02 12:11:09.358 [info] > git for-each-ref --format=%(refname)%00%(upstream:short)%00%(objectname)%00%(upstream:track)%00%(upstream:remotename)%00%(upstream:remoteref) refs/heads/master refs/remotes/master [2ms]
2024-07-02 12:11:09.389 [info] > git status -z -uall [9ms]
2024-07-02 12:11:14.442 [info] > git config --get commit.template [23ms]
2024-07-02 12:11:14.444 [info] > git for-each-ref --format=%(refname)%00%(upstream:short)%00%(objectname)%00%(upstream:track)%00%(upstream:remotename)%00%(upstream:remoteref) refs/heads/master refs/remotes/master [3ms]
2024-07-02 12:11:14.475 [info] > git status -z -uall [9ms]
2024-07-02 12:11:32.128 [info] > git config --get commit.template [3ms]
2024-07-02 12:11:32.157 [info] > git for-each-ref --format=%(refname)%00%(upstream:short)%00%(objectname)%00%(upstream:track)%00%(upstream:remotename)%00%(upstream:remoteref) refs/heads/master refs/remotes/master [6ms]
2024-07-02 12:11:32.186 [info] > git status -z -uall [6ms]
2024-07-02 12:11:37.237 [info] > git config --get commit.template [24ms]
2024-07-02 12:11:37.238 [info] > git for-each-ref --format=%(refname)%00%(upstream:short)%00%(objectname)%00%(upstream:track)%00%(upstream:remotename)%00%(upstream:remoteref) refs/heads/master refs/remotes/master [2ms]
2024-07-02 12:11:37.266 [info] > git status -z -uall [8ms]
2024-07-02 12:11:42.320 [info] > git config --get commit.template [24ms]
2024-07-02 12:11:42.322 [info] > git for-each-ref --format=%(refname)%00%(upstream:short)%00%(objectname)%00%(upstream:track)%00%(upstream:remotename)%00%(upstream:remoteref) refs/heads/master refs/remotes/master [2ms]
2024-07-02 12:11:42.369 [info] > git status -z -uall [11ms]
2024-07-02 12:12:04.878 [info] > git config --get commit.template [25ms]
2024-07-02 12:12:04.879 [info] > git for-each-ref --format=%(refname)%00%(upstream:short)%00%(objectname)%00%(upstream:track)%00%(upstream:remotename)%00%(upstream:remoteref) refs/heads/master refs/remotes/master [3ms]
2024-07-02 12:12:04.906 [info] > git status -z -uall [7ms]
2024-07-02 12:12:32.913 [info] > git config --get commit.template [3ms]
2024-07-02 12:12:32.941 [info] > git for-each-ref --format=%(refname)%00%(upstream:short)%00%(objectname)%00%(upstream:track)%00%(upstream:remotename)%00%(upstream:remoteref) refs/heads/master refs/remotes/master [2ms]
2024-07-02 12:12:32.974 [info] > git status -z -uall [7ms]
2024-07-02 12:13:23.160 [info] > git config --get commit.template [24ms]
2024-07-02 12:13:23.161 [info] > git for-each-ref --format=%(refname)%00%(upstream:short)%00%(objectname)%00%(upstream:track)%00%(upstream:remotename)%00%(upstream:remoteref) refs/heads/master refs/remotes/master [3ms]
2024-07-02 12:13:23.193 [info] > git status -z -uall [10ms]
2024-07-02 12:13:29.219 [info] > git config --get commit.template [20ms]
2024-07-02 12:13:29.220 [info] > git for-each-ref --format=%(refname)%00%(upstream:short)%00%(objectname)%00%(upstream:track)%00%(upstream:remotename)%00%(upstream:remoteref) refs/heads/master refs/remotes/master [3ms]
2024-07-02 12:13:29.246 [info] > git status -z -uall [8ms]
2024-07-02 12:13:34.296 [info] > git config --get commit.template [22ms]
2024-07-02 12:13:34.297 [info] > git for-each-ref --format=%(refname)%00%(upstream:short)%00%(objectname)%00%(upstream:track)%00%(upstream:remotename)%00%(upstream:remoteref) refs/heads/master refs/remotes/master [3ms]
2024-07-02 12:13:34.324 [info] > git status -z -uall [7ms]
2024-07-02 12:13:39.355 [info] > git config --get commit.template [1ms]
2024-07-02 12:13:39.383 [info] > git for-each-ref --format=%(refname)%00%(upstream:short)%00%(objectname)%00%(upstream:track)%00%(upstream:remotename)%00%(upstream:remoteref) refs/heads/master refs/remotes/master [2ms]
2024-07-02 12:13:39.412 [info] > git status -z -uall [6ms]
2024-07-02 12:13:49.353 [info] > git config --get commit.template [26ms]
2024-07-02 12:13:49.355 [info] > git for-each-ref --format=%(refname)%00%(upstream:short)%00%(objectname)%00%(upstream:track)%00%(upstream:remotename)%00%(upstream:remoteref) refs/heads/master refs/remotes/master [3ms]
2024-07-02 12:13:49.391 [info] > git status -z -uall [7ms]
2024-07-02 12:13:50.769 [info] > git -c user.useConfigOnly=true commit --quiet --allow-empty-message --file - [39ms]
2024-07-02 12:13:50.790 [info] > git config --get commit.template [2ms]
2024-07-02 12:13:50.823 [info] > git config --get commit.template [6ms]
2024-07-02 12:13:50.857 [info] > git for-each-ref --format=%(refname)%00%(upstream:short)%00%(objectname)%00%(upstream:track)%00%(upstream:remotename)%00%(upstream:remoteref) refs/heads/master refs/remotes/master [13ms]
2024-07-02 12:13:50.886 [info] > git status -z -uall [6ms]
2024-07-02 12:13:51.004 [info] > git config --get commit.template [25ms]
2024-07-02 12:13:51.005 [info] > git for-each-ref --format=%(refname)%00%(upstream:short)%00%(objectname)%00%(upstream:track)%00%(upstream:remotename)%00%(upstream:remoteref) refs/heads/master refs/remotes/master [4ms]
2024-07-02 12:13:51.037 [info] > git status -z -uall [8ms]
2024-07-02 12:13:52.208 [info] > git ls-files --stage -- /home/geenloop/uptime-kuma/Dockerfile [3ms]
2024-07-02 12:13:52.238 [info] > git cat-file -s e69de29bb2d1d6434b8b29ae775ad8c2e48c5391 [3ms]
2024-07-02 12:13:52.298 [info] > git show --textconv :Dockerfile [3ms]
2024-07-02 12:13:54.361 [info] > git add -A -- . [7ms]
2024-07-02 12:13:54.395 [info] > git -c user.useConfigOnly=true commit --quiet --allow-empty-message --file - [13ms]
2024-07-02 12:13:54.421 [info] > git config --get commit.template [2ms]
2024-07-02 12:13:54.468 [info] > git config --get commit.template [21ms]
2024-07-02 12:13:54.470 [info] > git for-each-ref --format=%(refname)%00%(upstream:short)%00%(objectname)%00%(upstream:track)%00%(upstream:remotename)%00%(upstream:remoteref) refs/heads/master refs/remotes/master [3ms]
2024-07-02 12:13:54.498 [info] > git status -z -uall [7ms]
2024-07-02 12:13:54.557 [info] > git config --get commit.template [22ms]
2024-07-02 12:13:54.558 [info] > git for-each-ref --format=%(refname)%00%(upstream:short)%00%(objectname)%00%(upstream:track)%00%(upstream:remotename)%00%(upstream:remoteref) refs/heads/master refs/remotes/master [3ms]
2024-07-02 12:13:54.584 [info] > git status -z -uall [7ms]
2024-07-02 12:13:54.634 [info] > git config --get commit.template [20ms]
2024-07-02 12:13:54.635 [info] > git for-each-ref --format=%(refname)%00%(upstream:short)%00%(objectname)%00%(upstream:track)%00%(upstream:remotename)%00%(upstream:remoteref) refs/heads/master refs/remotes/master [2ms]
2024-07-02 12:13:54.660 [info] > git status -z -uall [6ms]
2024-07-02 12:13:55.572 [info] > git log --oneline --cherry master...master@{upstream} -- [4ms]
2024-07-02 12:13:55.832 [info] > git ls-files --stage -- /home/geenloop/uptime-kuma/Dockerfile [5ms]
2024-07-02 12:13:55.856 [info] > git cat-file -s 90dcf376dc93baa61b8c30b5055a5884d511cf29 [4ms]
2024-07-02 12:13:55.914 [info] > git show --textconv :Dockerfile [1ms]
2024-07-02 12:13:56.249 [info] > git pull --tags origin master [651ms]
2024-07-02 12:13:56.249 [info] From https://github.com/brokengdnb/uptime-kuma
 * branch              master     -> FETCH_HEAD
2024-07-02 12:13:57.583 [info] > git ls-files --stage -- /home/geenloop/uptime-kuma/Dockerfile [1ms]
2024-07-02 12:13:57.605 [info] > git cat-file -s 90dcf376dc93baa61b8c30b5055a5884d511cf29 [2ms]
2024-07-02 12:13:57.656 [info] > git show --textconv :Dockerfile [2ms]
2024-07-02 12:13:57.750 [info] > git push origin master:master [1482ms]
2024-07-02 12:13:57.750 [info] To https://github.com/brokengdnb/uptime-kuma.git
   39987799..29c6e67c  master -> master
2024-07-02 12:13:57.795 [info] > git config --get commit.template [22ms]
2024-07-02 12:13:57.796 [info] > git for-each-ref --format=%(refname)%00%(upstream:short)%00%(objectname)%00%(upstream:track)%00%(upstream:remotename)%00%(upstream:remoteref) refs/heads/master refs/remotes/master [2ms]
2024-07-02 12:13:57.822 [info] > git status -z -uall [8ms]
2024-07-02 12:13:59.154 [info] > git ls-files --stage -- /home/geenloop/uptime-kuma/Dockerfile [3ms]
2024-07-02 12:13:59.175 [info] > git cat-file -s 90dcf376dc93baa61b8c30b5055a5884d511cf29 [2ms]
2024-07-02 12:13:59.230 [info] > git show --textconv :Dockerfile [2ms]
2024-07-02 12:13:59.639 [info] > git config --get commit.template [28ms]
2024-07-02 12:13:59.640 [info] > git for-each-ref --format=%(refname)%00%(upstream:short)%00%(objectname)%00%(upstream:track)%00%(upstream:remotename)%00%(upstream:remoteref) refs/heads/master refs/remotes/master [3ms]
2024-07-02 12:13:59.671 [info] > git status -z -uall [8ms]
2024-07-02 12:20:06.823 [info] > git ls-files --stage -- /home/geenloop/uptime-kuma/package.json [5ms]
2024-07-02 12:20:06.845 [info] > git show --textconv :package.json [50ms]
2024-07-02 12:20:06.847 [info] > git cat-file -s 2400073733386941ebccec5a02b2dee48bd82280 [3ms]
2024-07-02 12:20:12.041 [info] > git show --textconv :Dockerfile [25ms]
2024-07-02 12:20:12.042 [info] > git ls-files --stage -- /home/geenloop/uptime-kuma/Dockerfile [4ms]
2024-07-02 12:20:12.065 [info] > git cat-file -s 90dcf376dc93baa61b8c30b5055a5884d511cf29 [3ms]
2024-07-02 12:22:21.365 [info] > git config --get commit.template [23ms]
2024-07-02 12:22:21.368 [info] > git for-each-ref --format=%(refname)%00%(upstream:short)%00%(objectname)%00%(upstream:track)%00%(upstream:remotename)%00%(upstream:remoteref) refs/heads/master refs/remotes/master [5ms]
2024-07-02 12:22:21.427 [info] > git status -z -uall [39ms]
2024-07-02 12:22:32.826 [info] > git show --textconv :package.json [31ms]
2024-07-02 12:22:32.828 [info] > git ls-files --stage -- /home/geenloop/uptime-kuma/package.json [4ms]
2024-07-02 12:22:32.856 [info] > git cat-file -s 2400073733386941ebccec5a02b2dee48bd82280 [6ms]
2024-07-02 12:22:33.068 [info] > git config --get commit.template [24ms]
2024-07-02 12:22:33.069 [info] > git for-each-ref --format=%(refname)%00%(upstream:short)%00%(objectname)%00%(upstream:track)%00%(upstream:remotename)%00%(upstream:remoteref) refs/heads/master refs/remotes/master [3ms]
2024-07-02 12:22:33.100 [info] > git status -z -uall [8ms]
2024-07-02 12:22:50.979 [info] > git config --get commit.template [26ms]
2024-07-02 12:22:50.980 [info] > git for-each-ref --format=%(refname)%00%(upstream:short)%00%(objectname)%00%(upstream:track)%00%(upstream:remotename)%00%(upstream:remoteref) refs/heads/master refs/remotes/master [5ms]
2024-07-02 12:22:51.016 [info] > git status -z -uall [8ms]
2024-07-02 12:22:56.068 [info] > git config --get commit.template [24ms]
2024-07-02 12:22:56.069 [info] > git for-each-ref --format=%(refname)%00%(upstream:short)%00%(objectname)%00%(upstream:track)%00%(upstream:remotename)%00%(upstream:remoteref) refs/heads/master refs/remotes/master [3ms]
2024-07-02 12:22:56.100 [info] > git status -z -uall [7ms]
2024-07-02 12:23:01.152 [info] > git config --get commit.template [26ms]
2024-07-02 12:23:01.157 [info] > git for-each-ref --format=%(refname)%00%(upstream:short)%00%(objectname)%00%(upstream:track)%00%(upstream:remotename)%00%(upstream:remoteref) refs/heads/master refs/remotes/master [7ms]
2024-07-02 12:23:01.187 [info] > git status -z -uall [7ms]
2024-07-02 12:23:13.891 [info] > git config --get commit.template [23ms]
2024-07-02 12:23:13.892 [info] > git for-each-ref --format=%(refname)%00%(upstream:short)%00%(objectname)%00%(upstream:track)%00%(upstream:remotename)%00%(upstream:remoteref) refs/heads/master refs/remotes/master [2ms]
2024-07-02 12:23:13.925 [info] > git status -z -uall [8ms]
2024-07-02 12:23:15.440 [info] > git show --textconv :Dockerfile [28ms]
2024-07-02 12:23:15.442 [info] > git ls-files --stage -- /home/geenloop/uptime-kuma/Dockerfile [3ms]
2024-07-02 12:23:15.467 [info] > git cat-file -s 90dcf376dc93baa61b8c30b5055a5884d511cf29 [4ms]
2024-07-02 12:23:17.154 [info] > git show --textconv :package.json [22ms]
2024-07-02 12:23:17.154 [info] > git ls-files --stage -- /home/geenloop/uptime-kuma/package.json [4ms]
2024-07-02 12:23:17.176 [info] > git cat-file -s 2400073733386941ebccec5a02b2dee48bd82280 [2ms]
2024-07-02 12:26:22.339 [info] > git show --textconv HEAD:Dockerfile [26ms]
2024-07-02 12:26:22.345 [info] > git ls-tree -l HEAD -- /home/geenloop/uptime-kuma/Dockerfile [7ms]
2024-07-02 12:26:24.166 [info] > git show --textconv HEAD:package.json [28ms]
2024-07-02 12:26:24.168 [info] > git ls-tree -l HEAD -- /home/geenloop/uptime-kuma/package.json [3ms]
2024-07-02 12:26:34.068 [info] > git add -A -- . [10ms]
2024-07-02 12:26:34.128 [info] > git -c user.useConfigOnly=true commit --quiet --allow-empty-message --file - [40ms]
2024-07-02 12:26:34.130 [info] > git ls-tree -l HEAD -- /home/geenloop/uptime-kuma/package.json [3ms]
2024-07-02 12:26:34.160 [info] > git config --get commit.template [5ms]
2024-07-02 12:26:34.221 [info] > git config --get commit.template [29ms]
2024-07-02 12:26:34.248 [info] > git for-each-ref --format=%(refname)%00%(upstream:short)%00%(objectname)%00%(upstream:track)%00%(upstream:remotename)%00%(upstream:remoteref) refs/heads/master refs/remotes/master [30ms]
2024-07-02 12:26:34.274 [info] > git show --textconv HEAD:package.json [27ms]
2024-07-02 12:26:34.282 [info] > git status -z -uall [9ms]
2024-07-02 12:26:34.398 [info] > git config --get commit.template [22ms]
2024-07-02 12:26:34.400 [info] > git for-each-ref --format=%(refname)%00%(upstream:short)%00%(objectname)%00%(upstream:track)%00%(upstream:remotename)%00%(upstream:remoteref) refs/heads/master refs/remotes/master [3ms]
2024-07-02 12:26:34.428 [info] > git status -z -uall [8ms]
2024-07-02 12:26:35.498 [info] > git ls-tree -l HEAD -- /home/geenloop/uptime-kuma/Dockerfile [25ms]
2024-07-02 12:26:35.500 [info] > git ls-tree -l HEAD -- /home/geenloop/uptime-kuma/package.json [3ms]
2024-07-02 12:26:35.575 [info] > git show --textconv HEAD:Dockerfile [22ms]
2024-07-02 12:26:35.576 [info] > git show --textconv HEAD:package.json [2ms]
2024-07-02 12:26:36.519 [info] > git config --get commit.template [37ms]
2024-07-02 12:26:36.520 [info] > git for-each-ref --format=%(refname)%00%(upstream:short)%00%(objectname)%00%(upstream:track)%00%(upstream:remotename)%00%(upstream:remoteref) refs/heads/master refs/remotes/master [17ms]
2024-07-02 12:26:36.550 [info] > git status -z -uall [6ms]
2024-07-02 12:26:36.682 [info] > git ls-tree -l HEAD -- /home/geenloop/uptime-kuma/package.json [4ms]
2024-07-02 12:26:36.770 [info] > git log --oneline --cherry master...master@{upstream} -- [3ms]
2024-07-02 12:26:36.838 [info] > git ls-tree -l HEAD -- /home/geenloop/uptime-kuma/package.json [4ms]
2024-07-02 12:26:37.276 [info] > git pull --tags origin master [484ms]
2024-07-02 12:26:37.276 [info] From https://github.com/brokengdnb/uptime-kuma
 * branch              master     -> FETCH_HEAD
2024-07-02 12:26:38.606 [info] > git ls-tree -l HEAD -- /home/geenloop/uptime-kuma/Dockerfile [23ms]
2024-07-02 12:26:38.607 [info] > git push origin master:master [1311ms]
2024-07-02 12:26:38.607 [info] To https://github.com/brokengdnb/uptime-kuma.git
   29c6e67c..db46837e  master -> master
2024-07-02 12:26:38.629 [info] > git ls-tree -l HEAD -- /home/geenloop/uptime-kuma/package.json [23ms]
2024-07-02 12:26:38.631 [info] > git config --get commit.template [3ms]
2024-07-02 12:26:38.653 [info] > git for-each-ref --format=%(refname)%00%(upstream:short)%00%(objectname)%00%(upstream:track)%00%(upstream:remotename)%00%(upstream:remoteref) refs/heads/master refs/remotes/master [2ms]
2024-07-02 12:26:38.699 [info] > git status -z -uall [24ms]
2024-07-02 12:26:38.710 [info] > git show --textconv HEAD:Dockerfile [12ms]
2024-07-02 12:26:38.735 [info] > git show --textconv HEAD:package.json [4ms]
2024-07-02 12:26:40.076 [info] > git ls-tree -l HEAD -- /home/geenloop/uptime-kuma/Dockerfile [25ms]
2024-07-02 12:26:40.079 [info] > git ls-tree -l HEAD -- /home/geenloop/uptime-kuma/package.json [4ms]
2024-07-02 12:26:40.162 [info] > git show --textconv HEAD:Dockerfile [25ms]
2024-07-02 12:26:40.164 [info] > git show --textconv HEAD:package.json [4ms]
2024-07-02 12:27:37.250 [info] > git ls-tree -l HEAD -- /home/geenloop/uptime-kuma/package.json [38ms]
2024-07-02 12:27:37.252 [info] > git config --get commit.template [6ms]
2024-07-02 12:27:37.303 [info] > git for-each-ref --format=%(refname)%00%(upstream:short)%00%(objectname)%00%(upstream:track)%00%(upstream:remotename)%00%(upstream:remoteref) refs/heads/master refs/remotes/master [26ms]
2024-07-02 12:27:37.328 [info] > git ls-tree -l HEAD -- /home/geenloop/uptime-kuma/package.json [26ms]
2024-07-02 12:27:37.340 [info] > git status -z -uall [13ms]
2024-07-02 12:27:41.238 [info] > git ls-tree -l HEAD -- /home/geenloop/uptime-kuma/package.json [2ms]
2024-07-02 12:28:15.209 [info] > git rev-parse --show-toplevel [9ms]
2024-07-02 12:28:15.209 [info] fatal: not a git repository (or any parent up to mount point /home)
Stopping at filesystem boundary (GIT_DISCOVERY_ACROSS_FILESYSTEM not set).
2024-07-02 12:28:34.670 [info] > git rev-parse --show-toplevel [33ms]
2024-07-02 12:28:34.670 [info] fatal: not a git repository (or any parent up to mount point /home)
Stopping at filesystem boundary (GIT_DISCOVERY_ACROSS_FILESYSTEM not set).
2024-07-02 12:28:39.650 [info] > git show --textconv :Dockerfile [34ms]
2024-07-02 12:28:39.653 [info] > git ls-files --stage -- /home/geenloop/uptime-kuma/Dockerfile [6ms]
2024-07-02 12:28:39.680 [info] > git cat-file -s 4a210ed6a7cdf8ee746bf9b2bc9ed4d68e60fbaf [5ms]
2024-07-02 12:28:42.157 [info] > git rev-parse --show-toplevel [5ms]
2024-07-02 12:28:42.158 [info] fatal: not a git repository (or any parent up to mount point /home)
Stopping at filesystem boundary (GIT_DISCOVERY_ACROSS_FILESYSTEM not set).
2024-07-02 12:28:48.533 [info] > git show --textconv :Dockerfile [37ms]
2024-07-02 12:28:48.539 [info] > git ls-files --stage -- /home/geenloop/uptime-kuma/Dockerfile [7ms]
2024-07-02 12:28:48.583 [info] > git cat-file -s 4a210ed6a7cdf8ee746bf9b2bc9ed4d68e60fbaf [17ms]
2024-07-02 12:28:48.771 [info] > git rev-parse --show-toplevel [2ms]
2024-07-02 12:28:48.771 [info] fatal: not a git repository (or any parent up to mount point /home)
Stopping at filesystem boundary (GIT_DISCOVERY_ACROSS_FILESYSTEM not set).
2024-07-02 12:28:50.263 [info] > git ls-tree -l HEAD -- /home/geenloop/uptime-kuma/package.json [26ms]
2024-07-02 12:28:50.595 [info] > git ls-tree -l HEAD -- /home/geenloop/uptime-kuma/Dockerfile [7ms]
2024-07-02 12:28:50.633 [info] > git ls-tree -l HEAD -- /home/geenloop/uptime-kuma/Dockerfile [4ms]
2024-07-02 12:29:00.425 [info] > git rev-parse --show-toplevel [9ms]
2024-07-02 12:29:00.425 [info] fatal: not a git repository (or any parent up to mount point /home)
Stopping at filesystem boundary (GIT_DISCOVERY_ACROSS_FILESYSTEM not set).
2024-07-02 12:29:09.976 [info] > git rev-parse --show-toplevel [8ms]
2024-07-02 12:29:09.976 [info] fatal: not a git repository (or any parent up to mount point /home)
Stopping at filesystem boundary (GIT_DISCOVERY_ACROSS_FILESYSTEM not set).
2024-07-02 12:34:06.558 [info] > git show --textconv :package.json [21ms]
2024-07-02 12:34:06.564 [info] > git ls-files --stage -- /home/geenloop/uptime-kuma/package.json [6ms]
2024-07-02 12:34:06.602 [info] > git cat-file -s 21dc3c85f223ebf41c19d2a38c7d6238926d69d9 [6ms]
2024-07-02 12:34:12.365 [info] > git rev-parse --show-toplevel [3ms]
2024-07-02 12:34:12.365 [info] fatal: not a git repository (or any parent up to mount point /home)
Stopping at filesystem boundary (GIT_DISCOVERY_ACROSS_FILESYSTEM not set).
2024-07-02 12:34:14.588 [info] > git ls-tree -l HEAD -- /home/geenloop/uptime-kuma/Dockerfile [6ms]
2024-07-02 12:34:15.300 [info] > git show --textconv :package.json [22ms]
2024-07-02 12:34:15.302 [info] > git ls-files --stage -- /home/geenloop/uptime-kuma/package.json [4ms]
2024-07-02 12:34:15.331 [info] > git cat-file -s 21dc3c85f223ebf41c19d2a38c7d6238926d69d9 [4ms]
2024-07-02 12:34:16.213 [info] > git show --textconv :vue.config.js [32ms]
2024-07-02 12:34:16.219 [info] > git ls-files --stage -- /home/geenloop/uptime-kuma/vue.config.js [10ms]
2024-07-02 12:34:16.250 [info] > git cat-file -s 2c1898ee1949acaa9ffc49fda30a57e440c12a70 [6ms]
2024-07-02 12:34:17.195 [info] > git ls-tree -l HEAD -- /home/geenloop/uptime-kuma/Dockerfile [6ms]
2024-07-02 12:34:24.806 [info] > git show --textconv :vue.config.js [22ms]
2024-07-02 12:34:24.810 [info] > git ls-files --stage -- /home/geenloop/uptime-kuma/vue.config.js [5ms]
2024-07-02 12:34:24.836 [info] > git cat-file -s 2c1898ee1949acaa9ffc49fda30a57e440c12a70 [5ms]
2024-07-02 12:34:30.196 [info] > git show --textconv :package.json [22ms]
2024-07-02 12:34:30.198 [info] > git ls-files --stage -- /home/geenloop/uptime-kuma/package.json [3ms]
2024-07-02 12:34:30.220 [info] > git cat-file -s 21dc3c85f223ebf41c19d2a38c7d6238926d69d9 [2ms]
2024-07-02 12:34:33.587 [info] > git rev-parse --show-toplevel [4ms]
2024-07-02 12:34:33.588 [info] fatal: not a git repository (or any parent up to mount point /home)
Stopping at filesystem boundary (GIT_DISCOVERY_ACROSS_FILESYSTEM not set).
2024-07-02 12:34:38.517 [info] > git show --textconv :package.json [23ms]
2024-07-02 12:34:38.520 [info] > git ls-files --stage -- /home/geenloop/uptime-kuma/package.json [4ms]
2024-07-02 12:34:38.544 [info] > git cat-file -s 21dc3c85f223ebf41c19d2a38c7d6238926d69d9 [2ms]
2024-07-02 12:34:40.346 [info] > git config --get commit.template [23ms]
2024-07-02 12:34:40.346 [info] > git for-each-ref --format=%(refname)%00%(upstream:short)%00%(objectname)%00%(upstream:track)%00%(upstream:remotename)%00%(upstream:remoteref) refs/heads/master refs/remotes/master [2ms]
2024-07-02 12:34:40.378 [info] > git status -z -uall [10ms]
2024-07-02 12:34:41.555 [info] > git rev-parse --show-toplevel [2ms]
2024-07-02 12:34:41.555 [info] fatal: not a git repository (or any parent up to mount point /home)
Stopping at filesystem boundary (GIT_DISCOVERY_ACROSS_FILESYSTEM not set).
2024-07-02 12:56:02.146 [info] > git ls-files --stage -- /home/geenloop/uptime-kuma/package.json [7ms]
2024-07-02 12:56:02.172 [info] > git show --textconv :package.json [55ms]
2024-07-02 12:56:02.174 [info] > git cat-file -s 21dc3c85f223ebf41c19d2a38c7d6238926d69d9 [3ms]
2024-07-02 12:56:11.117 [info] > git show --textconv :Dockerfile [33ms]
2024-07-02 12:56:11.118 [info] > git ls-files --stage -- /home/geenloop/uptime-kuma/Dockerfile [6ms]
2024-07-02 12:56:11.190 [info] > git cat-file -s 4a210ed6a7cdf8ee746bf9b2bc9ed4d68e60fbaf [7ms]
2024-07-02 12:56:17.699 [info] > git config --get commit.template [31ms]
2024-07-02 12:56:17.702 [info] > git for-each-ref --format=%(refname)%00%(upstream:short)%00%(objectname)%00%(upstream:track)%00%(upstream:remotename)%00%(upstream:remoteref) refs/heads/master refs/remotes/master [7ms]
2024-07-02 12:56:17.746 [info] > git status -z -uall [21ms]
2024-07-02 12:56:25.569 [info] > git config --get commit.template [21ms]
2024-07-02 12:56:25.570 [info] > git for-each-ref --format=%(refname)%00%(upstream:short)%00%(objectname)%00%(upstream:track)%00%(upstream:remotename)%00%(upstream:remoteref) refs/heads/master refs/remotes/master [3ms]
2024-07-02 12:56:25.602 [info] > git status -z -uall [7ms]
2024-07-02 12:56:30.656 [info] > git config --get commit.template [25ms]
2024-07-02 12:56:30.656 [info] > git for-each-ref --format=%(refname)%00%(upstream:short)%00%(objectname)%00%(upstream:track)%00%(upstream:remotename)%00%(upstream:remoteref) refs/heads/master refs/remotes/master [3ms]
2024-07-02 12:56:30.688 [info] > git status -z -uall [7ms]
2024-07-02 12:57:17.448 [info] > git config --get commit.template [3ms]
2024-07-02 12:57:17.480 [info] > git for-each-ref --format=%(refname)%00%(upstream:short)%00%(objectname)%00%(upstream:track)%00%(upstream:remotename)%00%(upstream:remoteref) refs/heads/master refs/remotes/master [4ms]
2024-07-02 12:57:17.509 [info] > git status -z -uall [8ms]
2024-07-02 12:57:23.871 [info] > git for-each-ref --format=%(refname)%00%(upstream:short)%00%(objectname)%00%(upstream:track)%00%(upstream:remotename)%00%(upstream:remoteref) refs/heads/master refs/remotes/master [3ms]
2024-07-02 12:57:23.872 [info] > git config --get commit.template [27ms]
2024-07-02 12:57:23.919 [info] > git status -z -uall [24ms]
2024-07-02 12:57:41.356 [info] > git config --get commit.template [24ms]
2024-07-02 12:57:41.357 [info] > git for-each-ref --format=%(refname)%00%(upstream:short)%00%(objectname)%00%(upstream:track)%00%(upstream:remotename)%00%(upstream:remoteref) refs/heads/master refs/remotes/master [2ms]
2024-07-02 12:57:41.384 [info] > git status -z -uall [6ms]
2024-07-02 12:57:46.443 [info] > git config --get commit.template [29ms]
2024-07-02 12:57:46.444 [info] > git for-each-ref --format=%(refname)%00%(upstream:short)%00%(objectname)%00%(upstream:track)%00%(upstream:remotename)%00%(upstream:remoteref) refs/heads/master refs/remotes/master [3ms]
2024-07-02 12:57:46.477 [info] > git status -z -uall [8ms]
2024-07-02 12:57:51.516 [info] > git config --get commit.template [4ms]
2024-07-02 12:57:51.540 [info] > git for-each-ref --format=%(refname)%00%(upstream:short)%00%(objectname)%00%(upstream:track)%00%(upstream:remotename)%00%(upstream:remoteref) refs/heads/master refs/remotes/master [2ms]
2024-07-02 12:57:51.568 [info] > git status -z -uall [7ms]
2024-07-02 13:06:09.688 [info] > git config --get commit.template [24ms]
2024-07-02 13:06:09.691 [info] > git for-each-ref --format=%(refname)%00%(upstream:short)%00%(objectname)%00%(upstream:track)%00%(upstream:remotename)%00%(upstream:remoteref) refs/heads/master refs/remotes/master [5ms]
2024-07-02 13:06:09.724 [info] > git status -z -uall [12ms]
2024-07-02 13:06:20.185 [info] > git config --get commit.template [25ms]
2024-07-02 13:06:20.186 [info] > git for-each-ref --format=%(refname)%00%(upstream:short)%00%(objectname)%00%(upstream:track)%00%(upstream:remotename)%00%(upstream:remoteref) refs/heads/master refs/remotes/master [2ms]
2024-07-02 13:06:20.218 [info] > git status -z -uall [6ms]
2024-07-02 13:06:25.274 [info] > git config --get commit.template [22ms]
2024-07-02 13:06:25.275 [info] > git for-each-ref --format=%(refname)%00%(upstream:short)%00%(objectname)%00%(upstream:track)%00%(upstream:remotename)%00%(upstream:remoteref) refs/heads/master refs/remotes/master [2ms]
2024-07-02 13:06:25.307 [info] > git status -z -uall [9ms]
2024-07-02 13:06:30.358 [info] > git config --get commit.template [24ms]
2024-07-02 13:06:30.360 [info] > git for-each-ref --format=%(refname)%00%(upstream:short)%00%(objectname)%00%(upstream:track)%00%(upstream:remotename)%00%(upstream:remoteref) refs/heads/master refs/remotes/master [3ms]
2024-07-02 13:06:30.389 [info] > git status -z -uall [7ms]
2024-07-02 13:06:35.440 [info] > git config --get commit.template [24ms]
2024-07-02 13:06:35.443 [info] > git for-each-ref --format=%(refname)%00%(upstream:short)%00%(objectname)%00%(upstream:track)%00%(upstream:remotename)%00%(upstream:remoteref) refs/heads/master refs/remotes/master [4ms]
2024-07-02 13:06:35.476 [info] > git status -z -uall [10ms]
2024-07-02 13:06:40.531 [info] > git config --get commit.template [25ms]
2024-07-02 13:06:40.532 [info] > git for-each-ref --format=%(refname)%00%(upstream:short)%00%(objectname)%00%(upstream:track)%00%(upstream:remotename)%00%(upstream:remoteref) refs/heads/master refs/remotes/master [2ms]
2024-07-02 13:06:40.557 [info] > git status -z -uall [6ms]
2024-07-02 13:06:56.125 [info] > git config --get commit.template [21ms]
2024-07-02 13:06:56.125 [info] > git for-each-ref --format=%(refname)%00%(upstream:short)%00%(objectname)%00%(upstream:track)%00%(upstream:remotename)%00%(upstream:remoteref) refs/heads/master refs/remotes/master [2ms]
2024-07-02 13:06:56.151 [info] > git status -z -uall [7ms]
2024-07-02 13:07:04.774 [info] > git config --get commit.template [3ms]
2024-07-02 13:07:04.800 [info] > git for-each-ref --format=%(refname)%00%(upstream:short)%00%(objectname)%00%(upstream:track)%00%(upstream:remotename)%00%(upstream:remoteref) refs/heads/master refs/remotes/master [5ms]
2024-07-02 13:07:04.828 [info] > git status -z -uall [8ms]
2024-07-02 13:07:04.897 [info] > git show --textconv :package.json [32ms]
2024-07-02 13:07:04.897 [info] > git ls-files --stage -- /home/geenloop/uptime-kuma/package.json [14ms]
2024-07-02 13:07:04.920 [info] > git cat-file -s 21dc3c85f223ebf41c19d2a38c7d6238926d69d9 [3ms]
2024-07-02 13:07:26.969 [info] > git log --format=%H%n%aN%n%aE%n%at%n%ct%n%P%n%D%n%B -z -n120 -- /home/geenloop/uptime-kuma/package.json [74ms]
2024-07-02 13:08:01.512 [info] > git show --textconv e927327bad56308bc02b805f9ad8b08d36cb3e52:package.json [71ms]
2024-07-02 13:08:01.512 [info] > git show --textconv 88187b66ebdd0d301d2c2eec25e79839741b7205:package.json [50ms]
2024-07-02 13:08:01.524 [info] > git ls-tree -l e927327bad56308bc02b805f9ad8b08d36cb3e52 -- /home/geenloop/uptime-kuma/package.json [27ms]
2024-07-02 13:08:01.528 [info] > git ls-tree -l 88187b66ebdd0d301d2c2eec25e79839741b7205 -- /home/geenloop/uptime-kuma/package.json [18ms]
2024-07-02 13:08:02.058 [info] > git check-ignore -v -z --stdin [3ms]
2024-07-02 13:08:11.525 [info] > git show --textconv :package.json [26ms]
2024-07-02 13:08:11.527 [info] > git ls-files --stage -- /home/geenloop/uptime-kuma/package.json [3ms]
2024-07-02 13:08:11.552 [info] > git cat-file -s 21dc3c85f223ebf41c19d2a38c7d6238926d69d9 [4ms]
2024-07-02 13:08:17.590 [info] > git config --get commit.template [26ms]
2024-07-02 13:08:17.591 [info] > git for-each-ref --format=%(refname)%00%(upstream:short)%00%(objectname)%00%(upstream:track)%00%(upstream:remotename)%00%(upstream:remoteref) refs/heads/master refs/remotes/master [5ms]
2024-07-02 13:08:17.630 [info] > git status -z -uall [12ms]
2024-07-02 13:08:22.685 [info] > git config --get commit.template [24ms]
2024-07-02 13:08:22.686 [info] > git for-each-ref --format=%(refname)%00%(upstream:short)%00%(objectname)%00%(upstream:track)%00%(upstream:remotename)%00%(upstream:remoteref) refs/heads/master refs/remotes/master [2ms]
2024-07-02 13:08:22.718 [info] > git status -z -uall [8ms]
2024-07-02 13:08:29.810 [info] > git config --get commit.template [25ms]
2024-07-02 13:08:29.810 [info] > git for-each-ref --format=%(refname)%00%(upstream:short)%00%(objectname)%00%(upstream:track)%00%(upstream:remotename)%00%(upstream:remoteref) refs/heads/master refs/remotes/master [3ms]
2024-07-02 13:08:29.841 [info] > git status -z -uall [9ms]
2024-07-02 13:08:39.660 [info] > git add -A -- . [12ms]
2024-07-02 13:08:39.718 [info] > git -c user.useConfigOnly=true commit --quiet --allow-empty-message --file - [34ms]
2024-07-02 13:08:39.742 [info] > git config --get commit.template [2ms]
2024-07-02 13:08:39.791 [info] > git config --get commit.template [24ms]
2024-07-02 13:08:39.793 [info] > git for-each-ref --format=%(refname)%00%(upstream:short)%00%(objectname)%00%(upstream:track)%00%(upstream:remotename)%00%(upstream:remoteref) refs/heads/master refs/remotes/master [3ms]
2024-07-02 13:08:39.819 [info] > git status -z -uall [6ms]
2024-07-02 13:08:41.176 [info] > git ls-files --stage -- /home/geenloop/uptime-kuma/package.json [3ms]
2024-07-02 13:08:41.200 [info] > git cat-file -s 567efa1b5a035f570a956f106003039ef1e76376 [2ms]
2024-07-02 13:08:41.252 [info] > git show --textconv :package.json [3ms]
2024-07-02 13:08:41.482 [info] > git push origin master:master [1623ms]
2024-07-02 13:08:41.482 [info] To https://github.com/brokengdnb/uptime-kuma.git
   db46837e..cc333af1  master -> master
2024-07-02 13:08:41.532 [info] > git config --get commit.template [25ms]
2024-07-02 13:08:41.533 [info] > git for-each-ref --format=%(refname)%00%(upstream:short)%00%(objectname)%00%(upstream:track)%00%(upstream:remotename)%00%(upstream:remoteref) refs/heads/master refs/remotes/master [3ms]
2024-07-02 13:08:41.572 [info] > git status -z -uall [10ms]
2024-07-02 13:08:41.758 [info] > git config --get commit.template [24ms]
2024-07-02 13:08:41.761 [info] > git for-each-ref --format=%(refname)%00%(upstream:short)%00%(objectname)%00%(upstream:track)%00%(upstream:remotename)%00%(upstream:remoteref) refs/heads/master refs/remotes/master [5ms]
2024-07-02 13:08:41.792 [info] > git status -z -uall [7ms]
2024-07-02 13:08:42.914 [info] > git ls-files --stage -- /home/geenloop/uptime-kuma/package.json [2ms]
2024-07-02 13:08:42.936 [info] > git cat-file -s 567efa1b5a035f570a956f106003039ef1e76376 [2ms]
2024-07-02 13:08:42.991 [info] > git show --textconv :package.json [3ms]
2024-07-02 13:08:43.944 [info] > git config --get commit.template [28ms]
2024-07-02 13:08:43.945 [info] > git for-each-ref --format=%(refname)%00%(upstream:short)%00%(objectname)%00%(upstream:track)%00%(upstream:remotename)%00%(upstream:remoteref) refs/heads/master refs/remotes/master [4ms]
2024-07-02 13:08:43.976 [info] > git status -z -uall [7ms]
2024-07-02 13:24:32.403 [info] > git rev-parse --show-toplevel [4ms]
2024-07-02 13:24:32.431 [info] > git rev-parse --git-dir --git-common-dir [2ms]
2024-07-02 13:24:32.451 [info] Open repository: /home/geenloop/debase-projects/dashboard-glance
2024-07-02 13:24:32.501 [info] > git config --get commit.template [25ms]
2024-07-02 13:24:32.502 [info] > git for-each-ref --format=%(refname)%00%(upstream:short)%00%(objectname)%00%(upstream:track)%00%(upstream:remotename)%00%(upstream:remoteref) refs/heads/master refs/remotes/master [3ms]
2024-07-02 13:24:32.544 [info] > git status -z -uall [16ms]
2024-07-02 13:24:32.586 [info] > git config --get commit.template [3ms]
2024-07-02 13:24:32.611 [info] > git for-each-ref --format=%(refname)%00%(upstream:short)%00%(objectname)%00%(upstream:track)%00%(upstream:remotename)%00%(upstream:remoteref) refs/heads/master refs/remotes/master [1ms]
2024-07-02 13:24:32.637 [info] > git status -z -uall [4ms]
2024-07-02 13:24:33.097 [info] > git check-ignore -v -z --stdin [3ms]
2024-07-02 13:24:33.113 [info] > git check-ignore -v -z --stdin [44ms]
2024-07-02 13:24:33.362 [info] > git rev-list --count beafbf27adea8506efc628770b5dcd09a7beedf7.. -- /home/geenloop/uptime-kuma/package.json [319ms]
2024-07-02 13:24:33.424 [info] > git log --format=%H%n%aN%n%aE%n%at%n%ct%n%P%n%D%n%B -z -n129 -- /home/geenloop/uptime-kuma/package.json [31ms]
2024-07-02 13:24:33.699 [info] > git check-ignore -v -z --stdin [2ms]
2024-07-02 13:24:34.032 [info] > git config --get commit.template [24ms]
2024-07-02 13:24:34.034 [info] > git for-each-ref --format=%(refname)%00%(upstream:short)%00%(objectname)%00%(upstream:track)%00%(upstream:remotename)%00%(upstream:remoteref) refs/heads/main refs/remotes/main [2ms]
2024-07-02 13:24:34.107 [info] > git status -z -uall [51ms]
2024-07-02 13:24:39.148 [info] > git check-ignore -v -z --stdin [6ms]
2024-07-02 13:24:47.458 [info] > git rev-parse --show-toplevel [10ms]
2024-07-02 13:24:47.495 [info] > git rev-parse --git-dir --git-common-dir [12ms]
2024-07-02 13:24:47.505 [info] Open repository: /home/geenloop/debase-projects/uptime-kuma
2024-07-02 13:24:47.533 [info] > git config --get commit.template [5ms]
2024-07-02 13:24:47.568 [info] > git for-each-ref --format=%(refname)%00%(upstream:short)%00%(objectname)%00%(upstream:track)%00%(upstream:remotename)%00%(upstream:remoteref) refs/heads/master refs/remotes/master [11ms]
2024-07-02 13:24:47.617 [info] > git status -z -uall [29ms]
2024-07-02 13:24:47.659 [info] > git config --get commit.template [3ms]
2024-07-02 13:24:47.683 [info] > git for-each-ref --format=%(refname)%00%(upstream:short)%00%(objectname)%00%(upstream:track)%00%(upstream:remotename)%00%(upstream:remoteref) refs/heads/master refs/remotes/master [3ms]
2024-07-02 13:24:47.733 [info] > git status -z -uall [25ms]
2024-07-02 13:24:47.965 [info] > git show --textconv :package.json [25ms]
2024-07-02 13:24:47.966 [info] > git ls-files --stage -- /home/geenloop/debase-projects/uptime-kuma/package.json [5ms]
2024-07-02 13:24:47.990 [info] > git cat-file -s 567efa1b5a035f570a956f106003039ef1e76376 [3ms]
2024-07-02 13:24:48.146 [info] > git check-ignore -v -z --stdin [16ms]
2024-07-02 13:24:48.691 [info] > git check-ignore -v -z --stdin [6ms]
2024-07-02 13:24:50.275 [info] > git check-ignore -v -z --stdin [26ms]
2024-07-02 13:24:50.276 [info] > git check-ignore -v -z --stdin [3ms]
2024-07-02 13:24:51.305 [info] > git check-ignore -v -z --stdin [102ms]
2024-07-02 13:24:56.348 [info] > git show --textconv :Dockerfile [27ms]
2024-07-02 13:24:56.354 [info] > git ls-files --stage -- /home/geenloop/debase-projects/dashboard-glance/Dockerfile [7ms]
2024-07-02 13:24:56.375 [info] > git cat-file -s a883a43d4ad9fa16e9e165ffea84bda57fca02c0 [2ms]
2024-07-02 13:25:17.680 [info] > git check-ignore -v -z --stdin [3ms]
2024-07-02 13:25:18.845 [info] > git check-ignore -v -z --stdin [2ms]
2024-07-02 13:25:19.883 [info] > git check-ignore -v -z --stdin [2ms]
2024-07-02 13:25:21.261 [info] > git check-ignore -v -z --stdin [3ms]
2024-07-02 13:25:24.918 [info] > git show --textconv :Dockerfile.single-platform [22ms]
2024-07-02 13:25:24.920 [info] > git ls-files --stage -- /home/geenloop/debase-projects/dashboard-glance/Dockerfile.single-platform [3ms]
2024-07-02 13:25:24.943 [info] > git cat-file -s 5309059ab1cc6179553490407aacf30561bddaad [3ms]
2024-07-02 13:25:27.783 [info] > git show --textconv :Dockerfile [22ms]
2024-07-02 13:25:27.784 [info] > git ls-files --stage -- /home/geenloop/debase-projects/dashboard-glance/Dockerfile [2ms]
2024-07-02 13:25:27.810 [info] > git cat-file -s a883a43d4ad9fa16e9e165ffea84bda57fca02c0 [3ms]
2024-07-02 13:25:34.736 [info] > git check-ignore -v -z --stdin [3ms]
2024-07-02 13:25:37.461 [info] > git check-ignore -v -z --stdin [2ms]
2024-07-02 13:25:38.523 [info] > git check-ignore -v -z --stdin [2ms]
2024-07-02 13:25:52.080 [info] > git show --textconv :README.md [31ms]
2024-07-02 13:25:52.082 [info] > git ls-files --stage -- /home/geenloop/debase-projects/dashboard-glance/README.md [4ms]
2024-07-02 13:25:52.112 [info] > git cat-file -s f4839d60c6201fda6e61f9c10ac73e4b4c47f6d8 [8ms]
2024-07-02 13:26:42.670 [info] > git show --textconv :Dockerfile [23ms]
2024-07-02 13:26:42.673 [info] > git ls-files --stage -- /home/geenloop/debase-projects/dashboard-glance/Dockerfile [4ms]
2024-07-02 13:26:42.700 [info] > git cat-file -s a883a43d4ad9fa16e9e165ffea84bda57fca02c0 [3ms]
2024-07-02 13:26:49.491 [info] > git show --textconv :Dockerfile.single-platform [23ms]
2024-07-02 13:26:49.494 [info] > git ls-files --stage -- /home/geenloop/debase-projects/dashboard-glance/Dockerfile.single-platform [5ms]
2024-07-02 13:26:49.520 [info] > git cat-file -s 5309059ab1cc6179553490407aacf30561bddaad [4ms]
2024-07-02 13:29:45.236 [info] > git show --textconv :package.json [26ms]
2024-07-02 13:29:45.237 [info] > git ls-files --stage -- /home/geenloop/debase-projects/uptime-kuma/package.json [4ms]
2024-07-02 13:29:45.262 [info] > git cat-file -s 567efa1b5a035f570a956f106003039ef1e76376 [2ms]
2024-07-02 13:30:01.860 [info] > git config --get commit.template [30ms]
2024-07-02 13:30:01.862 [info] > git for-each-ref --format=%(refname)%00%(upstream:short)%00%(objectname)%00%(upstream:track)%00%(upstream:remotename)%00%(upstream:remoteref) refs/heads/master refs/remotes/master [4ms]
2024-07-02 13:30:01.903 [info] > git status -z -uall [13ms]
2024-07-02 13:30:06.973 [info] > git config --get commit.template [29ms]
2024-07-02 13:30:06.974 [info] > git for-each-ref --format=%(refname)%00%(upstream:short)%00%(objectname)%00%(upstream:track)%00%(upstream:remotename)%00%(upstream:remoteref) refs/heads/master refs/remotes/master [4ms]
2024-07-02 13:30:07.012 [info] > git status -z -uall [6ms]
2024-07-02 13:30:12.070 [info] > git config --get commit.template [26ms]
2024-07-02 13:30:12.070 [info] > git for-each-ref --format=%(refname)%00%(upstream:short)%00%(objectname)%00%(upstream:track)%00%(upstream:remotename)%00%(upstream:remoteref) refs/heads/master refs/remotes/master [3ms]
2024-07-02 13:30:12.106 [info] > git status -z -uall [9ms]
2024-07-02 13:30:17.554 [info] > git config --get commit.template [32ms]
2024-07-02 13:30:17.556 [info] > git for-each-ref --format=%(refname)%00%(upstream:short)%00%(objectname)%00%(upstream:track)%00%(upstream:remotename)%00%(upstream:remoteref) refs/heads/master refs/remotes/master [4ms]
2024-07-02 13:30:17.593 [info] > git status -z -uall [10ms]
2024-07-02 13:30:22.784 [info] > git config --get commit.template [29ms]
2024-07-02 13:30:22.785 [info] > git for-each-ref --format=%(refname)%00%(upstream:short)%00%(objectname)%00%(upstream:track)%00%(upstream:remotename)%00%(upstream:remoteref) refs/heads/master refs/remotes/master [3ms]
2024-07-02 13:30:22.812 [info] > git status -z -uall [6ms]
2024-07-02 13:30:27.865 [info] > git config --get commit.template [24ms]
2024-07-02 13:30:27.866 [info] > git for-each-ref --format=%(refname)%00%(upstream:short)%00%(objectname)%00%(upstream:track)%00%(upstream:remotename)%00%(upstream:remoteref) refs/heads/master refs/remotes/master [4ms]
2024-07-02 13:30:27.895 [info] > git status -z -uall [7ms]
2024-07-02 13:30:29.440 [info] > git check-ignore -v -z --stdin [2ms]
2024-07-02 13:30:30.712 [info] > git check-ignore -v -z --stdin [3ms]
2024-07-02 13:30:31.456 [info] > git show --textconv :server/server.js [37ms]
2024-07-02 13:30:31.476 [info] > git ls-files --stage -- /home/geenloop/debase-projects/uptime-kuma/server/server.js [21ms]
2024-07-02 13:30:31.514 [info] > git cat-file -s d5e3f215f4dcc8f55c8b316369f5c1dbf10c9065 [7ms]
2024-07-02 13:30:44.947 [info] > git show --textconv :server/config.js [29ms]
2024-07-02 13:30:44.951 [info] > git ls-files --stage -- /home/geenloop/debase-projects/uptime-kuma/server/config.js [8ms]
2024-07-02 13:30:44.976 [info] > git cat-file -s 515b90465f174833bfc939127903fc06b623c8d6 [3ms]
2024-07-02 13:30:53.234 [info] > git show --textconv :package.json [28ms]
2024-07-02 13:30:53.235 [info] > git ls-files --stage -- /home/geenloop/debase-projects/uptime-kuma/package.json [3ms]
2024-07-02 13:30:53.258 [info] > git cat-file -s 567efa1b5a035f570a956f106003039ef1e76376 [3ms]
2024-07-02 13:30:56.919 [info] > git config --get commit.template [26ms]
2024-07-02 13:30:56.920 [info] > git for-each-ref --format=%(refname)%00%(upstream:short)%00%(objectname)%00%(upstream:track)%00%(upstream:remotename)%00%(upstream:remoteref) refs/heads/master refs/remotes/master [2ms]
2024-07-02 13:30:56.957 [info] > git status -z -uall [8ms]
2024-07-02 13:31:02.021 [info] > git config --get commit.template [28ms]
2024-07-02 13:31:02.023 [info] > git for-each-ref --format=%(refname)%00%(upstream:short)%00%(objectname)%00%(upstream:track)%00%(upstream:remotename)%00%(upstream:remoteref) refs/heads/master refs/remotes/master [4ms]
2024-07-02 13:31:02.055 [info] > git status -z -uall [7ms]
2024-07-02 13:31:08.327 [info] > git show --textconv :server/server.js [27ms]
2024-07-02 13:31:08.327 [info] > git ls-files --stage -- /home/geenloop/debase-projects/uptime-kuma/server/server.js [3ms]
2024-07-02 13:31:08.349 [info] > git cat-file -s d5e3f215f4dcc8f55c8b316369f5c1dbf10c9065 [2ms]
2024-07-02 13:31:13.239 [info] > git show --textconv :server/config.js [32ms]
2024-07-02 13:31:13.243 [info] > git ls-files --stage -- /home/geenloop/debase-projects/uptime-kuma/server/config.js [5ms]
2024-07-02 13:31:13.282 [info] > git cat-file -s 515b90465f174833bfc939127903fc06b623c8d6 [8ms]
2024-07-02 13:31:17.647 [info] > git show --textconv :server/server.js [29ms]
2024-07-02 13:31:17.649 [info] > git ls-files --stage -- /home/geenloop/debase-projects/uptime-kuma/server/server.js [3ms]
2024-07-02 13:31:17.678 [info] > git cat-file -s d5e3f215f4dcc8f55c8b316369f5c1dbf10c9065 [6ms]
2024-07-02 13:31:18.717 [info] > git show --textconv :package.json [27ms]
2024-07-02 13:31:18.719 [info] > git ls-files --stage -- /home/geenloop/debase-projects/uptime-kuma/package.json [3ms]
2024-07-02 13:31:18.743 [info] > git cat-file -s 567efa1b5a035f570a956f106003039ef1e76376 [3ms]
2024-07-02 13:31:23.881 [info] > git config --get commit.template [1ms]
2024-07-02 13:31:23.907 [info] > git for-each-ref --format=%(refname)%00%(upstream:short)%00%(objectname)%00%(upstream:track)%00%(upstream:remotename)%00%(upstream:remoteref) refs/heads/master refs/remotes/master [3ms]
2024-07-02 13:31:23.940 [info] > git status -z -uall [8ms]
2024-07-02 13:31:29.010 [info] > git config --get commit.template [34ms]
2024-07-02 13:31:29.101 [info] > git for-each-ref --format=%(refname)%00%(upstream:short)%00%(objectname)%00%(upstream:track)%00%(upstream:remotename)%00%(upstream:remoteref) refs/heads/master refs/remotes/master [93ms]
2024-07-02 13:31:29.136 [info] > git rev-parse --show-toplevel [42ms]
2024-07-02 13:31:29.136 [info] fatal: not a git repository (or any parent up to mount point /home)
Stopping at filesystem boundary (GIT_DISCOVERY_ACROSS_FILESYSTEM not set).
2024-07-02 13:31:29.196 [info] > git status -z -uall [63ms]
2024-07-02 13:31:29.203 [info] > git rev-parse --show-toplevel [9ms]
2024-07-02 13:31:29.204 [info] fatal: not a git repository (or any parent up to mount point /home)
Stopping at filesystem boundary (GIT_DISCOVERY_ACROSS_FILESYSTEM not set).
2024-07-02 13:31:45.933 [info] > git add -A -- . [15ms]
2024-07-02 13:31:45.975 [info] > git -c user.useConfigOnly=true commit --quiet --allow-empty-message --file - [18ms]
2024-07-02 13:31:46.004 [info] > git config --get commit.template [5ms]
2024-07-02 13:31:46.055 [info] > git config --get commit.template [26ms]
2024-07-02 13:31:46.056 [info] > git for-each-ref --format=%(refname)%00%(upstream:short)%00%(objectname)%00%(upstream:track)%00%(upstream:remotename)%00%(upstream:remoteref) refs/heads/master refs/remotes/master [3ms]
2024-07-02 13:31:46.085 [info] > git status -z -uall [6ms]
2024-07-02 13:31:46.697 [warning] Failed to get repository realpath for: "/home/geenloop/uptime-kuma/". Error: ENOENT: no such file or directory, realpath '/home/geenloop/uptime-kuma/'
2024-07-02 13:31:47.479 [info] > git push origin master:master [1358ms]
2024-07-02 13:31:47.479 [info] To https://github.com/brokengdnb/uptime-kuma.git
   cc333af1..46d4f39b  master -> master
2024-07-02 13:31:47.524 [info] > git config --get commit.template [23ms]
2024-07-02 13:31:47.525 [info] > git for-each-ref --format=%(refname)%00%(upstream:short)%00%(objectname)%00%(upstream:track)%00%(upstream:remotename)%00%(upstream:remoteref) refs/heads/master refs/remotes/master [2ms]
2024-07-02 13:31:47.553 [info] > git status -z -uall [6ms]
2024-07-02 13:31:47.657 [info] > git config --get commit.template [2ms]
2024-07-02 13:31:47.687 [info] > git for-each-ref --format=%(refname)%00%(upstream:short)%00%(objectname)%00%(upstream:track)%00%(upstream:remotename)%00%(upstream:remoteref) refs/heads/master refs/remotes/master [5ms]
2024-07-02 13:31:47.719 [info] > git status -z -uall [7ms]
2024-07-02 13:31:48.220 [warning] Failed to get repository realpath for: "/home/geenloop/uptime-kuma/". Error: ENOENT: no such file or directory, realpath '/home/geenloop/uptime-kuma/'
2024-07-02 13:31:48.873 [info] > git ls-files --stage -- /home/geenloop/debase-projects/uptime-kuma/package.json [2ms]
2024-07-02 13:31:48.898 [info] > git cat-file -s 0f4d9660245822c3b296d7176e65bde65fd2bef6 [3ms]
2024-07-02 13:31:48.956 [info] > git show --textconv :package.json [5ms]
2024-07-02 13:32:29.356 [info] > git ls-files --stage -- /home/geenloop/debase-projects/uptime-kuma/Dockerfile [2ms]
2024-07-02 13:32:29.385 [info] > git show --textconv :Dockerfile [55ms]
2024-07-02 13:32:29.387 [info] > git cat-file -s 16cae8a362b8d379659cd6b740afd178ddd3f30b [3ms]
2024-07-02 13:32:33.412 [info] > git config --get commit.template [2ms]
2024-07-02 13:32:33.439 [info] > git for-each-ref --format=%(refname)%00%(upstream:short)%00%(objectname)%00%(upstream:track)%00%(upstream:remotename)%00%(upstream:remoteref) refs/heads/master refs/remotes/master [3ms]
2024-07-02 13:32:33.471 [info] > git status -z -uall [8ms]
2024-07-02 13:32:38.534 [info] > git config --get commit.template [30ms]
2024-07-02 13:32:38.534 [info] > git for-each-ref --format=%(refname)%00%(upstream:short)%00%(objectname)%00%(upstream:track)%00%(upstream:remotename)%00%(upstream:remoteref) refs/heads/master refs/remotes/master [2ms]
2024-07-02 13:32:38.568 [info] > git status -z -uall [6ms]
2024-07-02 13:32:43.912 [info] > git add -A -- . [8ms]
2024-07-02 13:32:43.948 [info] > git -c user.useConfigOnly=true commit --quiet --allow-empty-message --file - [14ms]
2024-07-02 13:32:43.974 [info] > git config --get commit.template [4ms]
2024-07-02 13:32:44.035 [info] > git config --get commit.template [36ms]
2024-07-02 13:32:44.038 [info] > git for-each-ref --format=%(refname)%00%(upstream:short)%00%(objectname)%00%(upstream:track)%00%(upstream:remotename)%00%(upstream:remoteref) refs/heads/master refs/remotes/master [4ms]
2024-07-02 13:32:44.066 [info] > git status -z -uall [7ms]
2024-07-02 13:32:44.187 [info] > git config --get commit.template [25ms]
2024-07-02 13:32:44.189 [info] > git for-each-ref --format=%(refname)%00%(upstream:short)%00%(objectname)%00%(upstream:track)%00%(upstream:remotename)%00%(upstream:remoteref) refs/heads/master refs/remotes/master [4ms]
2024-07-02 13:32:44.221 [info] > git status -z -uall [7ms]
2024-07-02 13:32:44.668 [warning] Failed to get repository realpath for: "/home/geenloop/uptime-kuma/". Error: ENOENT: no such file or directory, realpath '/home/geenloop/uptime-kuma/'
2024-07-02 13:32:57.945 [info] > git check-ignore -v -z --stdin [3ms]
2024-07-02 13:33:06.981 [info] > git config --get commit.template [25ms]
2024-07-02 13:33:06.985 [info] > git for-each-ref --format=%(refname)%00%(upstream:short)%00%(objectname)%00%(upstream:track)%00%(upstream:remotename)%00%(upstream:remoteref) refs/heads/master refs/remotes/master [5ms]
2024-07-02 13:33:07.026 [info] > git status -z -uall [15ms]
2024-07-02 13:33:14.510 [info] > git rev-parse --show-toplevel [3ms]
2024-07-02 13:33:14.510 [info] fatal: not a git repository (or any parent up to mount point /home)
Stopping at filesystem boundary (GIT_DISCOVERY_ACROSS_FILESYSTEM not set).
2024-07-02 13:33:16.673 [info] > git rev-parse --show-toplevel [13ms]
2024-07-02 13:33:16.674 [info] fatal: not a git repository (or any parent up to mount point /home)
Stopping at filesystem boundary (GIT_DISCOVERY_ACROSS_FILESYSTEM not set).
2024-07-02 13:33:17.646 [info] > git rev-parse --show-toplevel [6ms]
2024-07-02 13:33:17.647 [info] fatal: not a git repository (or any parent up to mount point /home)
Stopping at filesystem boundary (GIT_DISCOVERY_ACROSS_FILESYSTEM not set).
2024-07-02 13:49:31.105 [info] > git ls-files --stage -- /home/geenloop/debase-projects/uptime-kuma/Dockerfile [255ms]
2024-07-02 13:49:31.217 [info] > git show --textconv :Dockerfile [399ms]
2024-07-02 13:49:31.219 [info] > git cat-file -s cdc27b5d820f4fe37b1bd794649603cbd4e21fad [3ms]
2024-07-02 13:49:36.589 [info] > git show --textconv :package.json [30ms]
2024-07-02 13:49:36.590 [info] > git ls-files --stage -- /home/geenloop/debase-projects/uptime-kuma/package.json [5ms]
2024-07-02 13:49:36.619 [info] > git cat-file -s 0f4d9660245822c3b296d7176e65bde65fd2bef6 [4ms]
2024-07-02 13:49:42.722 [info] > git config --get commit.template [3ms]
2024-07-02 13:49:42.769 [info] > git for-each-ref --format=%(refname)%00%(upstream:short)%00%(objectname)%00%(upstream:track)%00%(upstream:remotename)%00%(upstream:remoteref) refs/heads/master refs/remotes/master [20ms]
2024-07-02 13:49:42.812 [info] > git status -z -uall [21ms]
2024-07-02 13:49:50.961 [info] > git config --get commit.template [26ms]
2024-07-02 13:49:50.962 [info] > git for-each-ref --format=%(refname)%00%(upstream:short)%00%(objectname)%00%(upstream:track)%00%(upstream:remotename)%00%(upstream:remoteref) refs/heads/master refs/remotes/master [3ms]
2024-07-02 13:49:50.992 [info] > git status -z -uall [8ms]
2024-07-02 13:49:55.099 [info] > git add -A -- . [15ms]
2024-07-02 13:49:55.166 [info] > git -c user.useConfigOnly=true commit --quiet --allow-empty-message --file - [43ms]
2024-07-02 13:49:55.199 [info] > git config --get commit.template [2ms]
2024-07-02 13:49:55.255 [info] > git config --get commit.template [27ms]
2024-07-02 13:49:55.257 [info] > git for-each-ref --format=%(refname)%00%(upstream:short)%00%(objectname)%00%(upstream:track)%00%(upstream:remotename)%00%(upstream:remoteref) refs/heads/master refs/remotes/master [5ms]
2024-07-02 13:49:55.293 [info] > git status -z -uall [8ms]
2024-07-02 13:49:55.419 [info] > git config --get commit.template [25ms]
2024-07-02 13:49:55.423 [info] > git for-each-ref --format=%(refname)%00%(upstream:short)%00%(objectname)%00%(upstream:track)%00%(upstream:remotename)%00%(upstream:remoteref) refs/heads/master refs/remotes/master [4ms]
2024-07-02 13:49:55.453 [info] > git status -z -uall [8ms]
2024-07-02 13:49:55.923 [warning] Failed to get repository realpath for: "/home/geenloop/uptime-kuma/". Error: ENOENT: no such file or directory, realpath '/home/geenloop/uptime-kuma/'
2024-07-02 13:49:56.855 [info] > git log --oneline --cherry master...master@{upstream} -- [3ms]
2024-07-02 13:49:57.417 [info] > git pull --tags origin master [537ms]
2024-07-02 13:49:57.417 [info] From https://github.com/brokengdnb/uptime-kuma
 * branch              master     -> FETCH_HEAD
2024-07-02 13:49:57.559 [warning] Failed to get repository realpath for: "/home/geenloop/uptime-kuma/". Error: ENOENT: no such file or directory, realpath '/home/geenloop/uptime-kuma/'
2024-07-02 13:49:58.086 [warning] Failed to get repository realpath for: "/home/geenloop/uptime-kuma/". Error: ENOENT: no such file or directory, realpath '/home/geenloop/uptime-kuma/'
2024-07-02 13:49:59.051 [info] > git push origin master:master [1611ms]
2024-07-02 13:49:59.051 [info] To https://github.com/brokengdnb/uptime-kuma.git
   46d4f39b..e46560b4  master -> master
2024-07-02 13:49:59.106 [info] > git config --get commit.template [31ms]
2024-07-02 13:49:59.107 [info] > git for-each-ref --format=%(refname)%00%(upstream:short)%00%(objectname)%00%(upstream:track)%00%(upstream:remotename)%00%(upstream:remoteref) refs/heads/master refs/remotes/master [3ms]
2024-07-02 13:49:59.140 [info] > git status -z -uall [9ms]
2024-07-02 13:49:59.654 [warning] Failed to get repository realpath for: "/home/geenloop/uptime-kuma/". Error: ENOENT: no such file or directory, realpath '/home/geenloop/uptime-kuma/'
2024-07-02 13:50:00.310 [info] > git config --get commit.template [29ms]
2024-07-02 13:50:00.312 [info] > git for-each-ref --format=%(refname)%00%(upstream:short)%00%(objectname)%00%(upstream:track)%00%(upstream:remotename)%00%(upstream:remoteref) refs/heads/master refs/remotes/master [4ms]
2024-07-02 13:50:00.364 [info] > git status -z -uall [27ms]
2024-07-02 13:50:00.430 [info] > git ls-files --stage -- /home/geenloop/debase-projects/uptime-kuma/package.json [4ms]
2024-07-02 13:50:00.460 [info] > git cat-file -s ca9ddce2f0cb1ebfd9670cb55a4b7cff099a7e3f [3ms]
2024-07-02 13:50:00.516 [info] > git show --textconv :package.json [3ms]
2024-07-02 13:50:40.750 [info] > git rev-parse --show-toplevel [4ms]
2024-07-02 13:50:40.750 [info] fatal: not a git repository (or any parent up to mount point /home)
Stopping at filesystem boundary (GIT_DISCOVERY_ACROSS_FILESYSTEM not set).
2024-07-02 13:50:53.360 [info] > git show --textconv :CONTRIBUTING.md [23ms]
2024-07-02 13:50:53.362 [info] > git ls-files --stage -- /home/geenloop/debase-projects/uptime-kuma/CONTRIBUTING.md [3ms]
2024-07-02 13:50:53.387 [info] > git cat-file -s 53f199211153f860dd1d963a782a9386723bf361 [4ms]
2024-07-02 13:50:54.187 [info] > git show --textconv :Dockerfile [34ms]
2024-07-02 13:50:54.188 [info] > git ls-files --stage -- /home/geenloop/debase-projects/uptime-kuma/Dockerfile [9ms]
2024-07-02 13:50:54.222 [info] > git cat-file -s cdc27b5d820f4fe37b1bd794649603cbd4e21fad [3ms]
2024-07-02 13:51:05.963 [info] > git show --textconv :CONTRIBUTING.md [22ms]
2024-07-02 13:51:05.965 [info] > git ls-files --stage -- /home/geenloop/debase-projects/uptime-kuma/CONTRIBUTING.md [3ms]
2024-07-02 13:51:05.992 [info] > git cat-file -s 53f199211153f860dd1d963a782a9386723bf361 [2ms]
2024-07-02 14:06:45.453 [info] > git rev-parse --show-toplevel [43ms]
2024-07-02 14:06:45.455 [info] fatal: not a git repository (or any parent up to mount point /home)
Stopping at filesystem boundary (GIT_DISCOVERY_ACROSS_FILESYSTEM not set).
2024-07-02 14:06:47.676 [info] > git rev-parse --show-toplevel [6ms]
2024-07-02 14:06:47.677 [info] fatal: not a git repository (or any parent up to mount point /home)
Stopping at filesystem boundary (GIT_DISCOVERY_ACROSS_FILESYSTEM not set).
2024-07-02 14:17:30.270 [info] > git rev-parse --show-toplevel [23ms]
2024-07-02 14:17:30.272 [info] fatal: not a git repository (or any parent up to mount point /home)
Stopping at filesystem boundary (GIT_DISCOVERY_ACROSS_FILESYSTEM not set).
2024-07-02 14:17:31.762 [info] > git show --textconv :Dockerfile [25ms]
2024-07-02 14:17:31.766 [info] > git ls-files --stage -- /home/geenloop/debase-projects/dashboard-glance/Dockerfile [3ms]
2024-07-02 14:17:31.794 [info] > git cat-file -s a883a43d4ad9fa16e9e165ffea84bda57fca02c0 [2ms]
2024-07-02 14:17:32.762 [info] > git rev-parse --show-toplevel [3ms]
2024-07-02 14:17:32.763 [info] fatal: not a git repository (or any parent up to mount point /home)
Stopping at filesystem boundary (GIT_DISCOVERY_ACROSS_FILESYSTEM not set).
2024-07-02 14:36:49.610 [info] > git rev-parse --show-toplevel [30ms]
2024-07-02 14:36:49.613 [info] fatal: not a git repository (or any parent up to mount point /home)
Stopping at filesystem boundary (GIT_DISCOVERY_ACROSS_FILESYSTEM not set).
