2024-07-02 08:58:35.935 [info] Extension host with pid 284 started
2024-07-02 08:58:35.935 [error] Error: EEXIST: file already exists, open '/home/geenloop/.local/share/code-server/User/workspaceStorage/3c6d983/vscode.lock'
2024-07-02 08:58:35.943 [info] Lock '/home/geenloop/.local/share/code-server/User/workspaceStorage/3c6d983/vscode.lock': Could not acquire lock, checking if the file is stale.
2024-07-02 08:58:35.956 [info] Lock '/home/geenloop/.local/share/code-server/User/workspaceStorage/3c6d983/vscode.lock': The pid 252 appears to be gone.
2024-07-02 08:58:35.956 [info] Lock '/home/geenloop/.local/share/code-server/User/workspaceStorage/3c6d983/vscode.lock': Deleting a stale lock.
2024-07-02 08:58:35.978 [info] Lock '/home/geenloop/.local/share/code-server/User/workspaceStorage/3c6d983/vscode.lock': Lock acquired.
2024-07-02 08:58:36.013 [info] ExtensionService#_doActivateExtension vscode.emmet, startup: false, activationEvent: 'onLanguage'
2024-07-02 08:58:36.181 [info] ExtensionService#_doActivateExtension vscode.git-base, startup: true, activationEvent: '*', root cause: vscode.git
2024-07-02 08:58:36.328 [info] ExtensionService#_doActivateExtension vscode.git, startup: true, activationEvent: '*'
2024-07-02 08:58:36.329 [info] ExtensionService#_doActivateExtension vscode.github, startup: true, activationEvent: '*'
2024-07-02 08:58:36.745 [info] Eager extensions activated
2024-07-02 08:58:36.745 [info] ExtensionService#_doActivateExtension vscode.debug-auto-launch, startup: false, activationEvent: 'onStartupFinished'
2024-07-02 08:58:36.746 [info] ExtensionService#_doActivateExtension vscode.merge-conflict, startup: false, activationEvent: 'onStartupFinished'
2024-07-02 08:58:37.195 [info] ExtensionService#_doActivateExtension vscode.github-authentication, startup: false, activationEvent: 'onAuthenticationRequest:github'
2024-07-02 09:00:07.443 [info] ExtensionService#_doActivateExtension vscode.npm, startup: false, activationEvent: 'onTerminalQuickFixRequest:ms-vscode.npm-command'
2024-07-02 09:00:17.276 [info] ExtensionService#_doActivateExtension vscode.extension-editing, startup: false, activationEvent: 'onLanguage:json'
2024-07-02 09:00:17.277 [info] ExtensionService#_doActivateExtension vscode.json-language-features, startup: false, activationEvent: 'onLanguage:json'
2024-07-02 09:00:18.101 [info] ExtensionService#_doActivateExtension vscode.typescript-language-features, startup: false, activationEvent: 'onLanguage:jsonc'
2024-07-02 09:00:23.478 [info] ExtensionService#_doActivateExtension ms-vscode.js-debug, startup: false, activationEvent: 'onCommand:extension.js-debug.npmScript'
2024-07-02 09:00:28.496 [info] ExtensionService#_doActivateExtension vscode.debug-server-ready, startup: false, activationEvent: 'onDebugResolve'
2024-07-02 09:01:46.559 [info] ExtensionService#_doActivateExtension vscode.tunnel-forwarding, startup: false, activationEvent: 'onTunnel'
2024-07-02 09:06:24.012 [info] ExtensionService#_doActivateExtension ms-azuretools.vscode-docker, startup: false, activationEvent: 'onDebugInitialConfigurations'
2024-07-02 09:06:54.987 [info] ExtensionService#_doActivateExtension vscode.html-language-features, startup: false, activationEvent: 'onLanguage:html'
2024-07-02 09:07:33.766 [info] ExtensionService#_doActivateExtension vscode.simple-browser, startup: false, activationEvent: 'onOpenExternalUri:https'
2024-07-02 09:08:19.564 [error] Error: read ECONNRESET
	at TLSWrap.onStreamRead (node:internal/stream_base_commons:217:20)
2024-07-02 09:32:16.222 [warning] vscode.json-language-features - Code actions of kind 'quickfix 'requested but returned code action is of kind 'source.sort.json'. Code action will be dropped. Please check 'CodeActionContext.only' to only return requested code actions.
2024-07-02 09:32:16.263 [warning] vscode.json-language-features - Code actions of kind 'quickfix 'requested but returned code action is of kind 'source.sort.json'. Code action will be dropped. Please check 'CodeActionContext.only' to only return requested code actions.
2024-07-02 09:32:19.801 [warning] vscode.json-language-features - Code actions of kind 'quickfix 'requested but returned code action is of kind 'source.sort.json'. Code action will be dropped. Please check 'CodeActionContext.only' to only return requested code actions.
2024-07-02 09:32:27.474 [warning] vscode.json-language-features - Code actions of kind 'quickfix 'requested but returned code action is of kind 'source.sort.json'. Code action will be dropped. Please check 'CodeActionContext.only' to only return requested code actions.
2024-07-02 09:32:31.746 [warning] vscode.json-language-features - Code actions of kind 'quickfix 'requested but returned code action is of kind 'source.sort.json'. Code action will be dropped. Please check 'CodeActionContext.only' to only return requested code actions.
2024-07-02 09:33:34.602 [warning] vscode.json-language-features - Code actions of kind 'quickfix 'requested but returned code action is of kind 'source.sort.json'. Code action will be dropped. Please check 'CodeActionContext.only' to only return requested code actions.
2024-07-02 09:34:19.395 [warning] vscode.json-language-features - Code actions of kind 'quickfix 'requested but returned code action is of kind 'source.sort.json'. Code action will be dropped. Please check 'CodeActionContext.only' to only return requested code actions.
2024-07-02 09:34:34.302 [warning] vscode.json-language-features - Code actions of kind 'quickfix 'requested but returned code action is of kind 'source.sort.json'. Code action will be dropped. Please check 'CodeActionContext.only' to only return requested code actions.
2024-07-02 09:34:34.783 [warning] vscode.json-language-features - Code actions of kind 'quickfix 'requested but returned code action is of kind 'source.sort.json'. Code action will be dropped. Please check 'CodeActionContext.only' to only return requested code actions.
2024-07-02 09:34:42.506 [warning] vscode.json-language-features - Code actions of kind 'quickfix 'requested but returned code action is of kind 'source.sort.json'. Code action will be dropped. Please check 'CodeActionContext.only' to only return requested code actions.
2024-07-02 09:34:42.543 [warning] vscode.json-language-features - Code actions of kind 'quickfix 'requested but returned code action is of kind 'source.sort.json'. Code action will be dropped. Please check 'CodeActionContext.only' to only return requested code actions.
2024-07-02 10:38:19.744 [info] Extension host terminating: received terminate message from renderer
2024-07-02 10:38:19.749 [info] Lock '/home/geenloop/.local/share/code-server/User/workspaceStorage/3c6d983/vscode.lock': Marking the lockfile as scheduled to be released in 6000 ms.
2024-07-02 10:38:19.947 [error] Canceled: Canceled
	at new l (/tmp/code-server/lib/code-server-4.19.1/lib/vscode/out/vs/workbench/api/node/extensionHostProcess.js:125:108505)
	at n.U (/tmp/code-server/lib/code-server-4.19.1/lib/vscode/out/vs/workbench/api/node/extensionHostProcess.js:134:10833)
	at F.<computed>.T.charCodeAt.F.<computed> (/tmp/code-server/lib/code-server-4.19.1/lib/vscode/out/vs/workbench/api/node/extensionHostProcess.js:134:8284)
	at r.g (/tmp/code-server/lib/code-server-4.19.1/lib/vscode/out/vs/workbench/api/node/extensionHostProcess.js:125:139796)
	at r.executeCommand (/tmp/code-server/lib/code-server-4.19.1/lib/vscode/out/vs/workbench/api/node/extensionHostProcess.js:125:139220)
	at I.registerCommand.description (/tmp/code-server/lib/code-server-4.19.1/lib/vscode/out/vs/workbench/api/node/extensionHostProcess.js:125:138530)
	at r.h (/tmp/code-server/lib/code-server-4.19.1/lib/vscode/out/vs/workbench/api/node/extensionHostProcess.js:125:140335)
	at r.g (/tmp/code-server/lib/code-server-4.19.1/lib/vscode/out/vs/workbench/api/node/extensionHostProcess.js:125:139320)
	at r.executeCommand (/tmp/code-server/lib/code-server-4.19.1/lib/vscode/out/vs/workbench/api/node/extensionHostProcess.js:125:139220)
	at Object.executeCommand (/tmp/code-server/lib/code-server-4.19.1/lib/vscode/out/vs/workbench/api/node/extensionHostProcess.js:140:21298)
	at h.D [as value] (/tmp/code-server/lib/code-server-4.19.1/lib/vscode/extensions/git/dist/main.js:2:1316925)
	at c.y (/tmp/code-server/lib/code-server-4.19.1/lib/vscode/out/vs/workbench/api/node/extensionHostProcess.js:80:1918)
	at c.z (/tmp/code-server/lib/code-server-4.19.1/lib/vscode/out/vs/workbench/api/node/extensionHostProcess.js:80:1988)
	at c.fire (/tmp/code-server/lib/code-server-4.19.1/lib/vscode/out/vs/workbench/api/node/extensionHostProcess.js:80:2204)
	at Object.m [as dispose] (/tmp/code-server/lib/code-server-4.19.1/lib/vscode/extensions/git/dist/main.js:2:1332842)
	at /tmp/code-server/lib/code-server-4.19.1/lib/vscode/extensions/git/dist/main.js:2:1337795
	at Array.forEach (<anonymous>)
	at g.dispose (/tmp/code-server/lib/code-server-4.19.1/lib/vscode/extensions/git/dist/main.js:2:1337781)
	at i.<anonymous> (/tmp/code-server/lib/code-server-4.19.1/lib/vscode/out/vs/workbench/api/node/extensionHostProcess.js:121:4339)
	at i.dispose (/tmp/code-server/lib/code-server-4.19.1/lib/vscode/out/vs/workbench/api/node/extensionHostProcess.js:121:4474)
	at i.<anonymous> (/tmp/code-server/lib/code-server-4.19.1/lib/vscode/extensions/git/dist/main.js:2:1318937)
	at i.dispose (/tmp/code-server/lib/code-server-4.19.1/lib/vscode/out/vs/workbench/api/node/extensionHostProcess.js:121:4474)
	at u (/tmp/code-server/lib/code-server-4.19.1/lib/vscode/out/vs/workbench/api/node/extensionHostProcess.js:30:760)
	at d.cb (/tmp/code-server/lib/code-server-4.19.1/lib/vscode/out/vs/workbench/api/node/extensionHostProcess.js:136:10604)
	at /tmp/code-server/lib/code-server-4.19.1/lib/vscode/out/vs/workbench/api/node/extensionHostProcess.js:136:8561
	at Array.map (<anonymous>)
	at d.Y (/tmp/code-server/lib/code-server-4.19.1/lib/vscode/out/vs/workbench/api/node/extensionHostProcess.js:136:8548)
	at d.terminate (/tmp/code-server/lib/code-server-4.19.1/lib/vscode/out/vs/workbench/api/node/extensionHostProcess.js:136:8818)
	at u.terminate (/tmp/code-server/lib/code-server-4.19.1/lib/vscode/out/vs/workbench/api/node/extensionHostProcess.js:140:1513)
	at t (/tmp/code-server/lib/code-server-4.19.1/lib/vscode/out/vs/workbench/api/node/extensionHostProcess.js:153:9808)
	at h.value (/tmp/code-server/lib/code-server-4.19.1/lib/vscode/out/vs/workbench/api/node/extensionHostProcess.js:153:7854)
	at c.y (/tmp/code-server/lib/code-server-4.19.1/lib/vscode/out/vs/workbench/api/node/extensionHostProcess.js:80:1918)
	at c.fire (/tmp/code-server/lib/code-server-4.19.1/lib/vscode/out/vs/workbench/api/node/extensionHostProcess.js:80:2135)
	at f.fire (/tmp/code-server/lib/code-server-4.19.1/lib/vscode/out/vs/workbench/api/node/extensionHostProcess.js:92:14023)
	at s.z (/tmp/code-server/lib/code-server-4.19.1/lib/vscode/out/vs/workbench/api/node/extensionHostProcess.js:92:17068)
	at h.value (/tmp/code-server/lib/code-server-4.19.1/lib/vscode/out/vs/workbench/api/node/extensionHostProcess.js:92:15520)
	at c.y (/tmp/code-server/lib/code-server-4.19.1/lib/vscode/out/vs/workbench/api/node/extensionHostProcess.js:80:1918)
	at c.fire (/tmp/code-server/lib/code-server-4.19.1/lib/vscode/out/vs/workbench/api/node/extensionHostProcess.js:80:2135)
	at h.acceptChunk (/tmp/code-server/lib/code-server-4.19.1/lib/vscode/out/vs/workbench/api/node/extensionHostProcess.js:92:11797)
	at h.value (/tmp/code-server/lib/code-server-4.19.1/lib/vscode/out/vs/workbench/api/node/extensionHostProcess.js:92:11084)
	at c.y (/tmp/code-server/lib/code-server-4.19.1/lib/vscode/out/vs/workbench/api/node/extensionHostProcess.js:80:1918)
	at c.fire (/tmp/code-server/lib/code-server-4.19.1/lib/vscode/out/vs/workbench/api/node/extensionHostProcess.js:80:2135)
	at c.z (/tmp/code-server/lib/code-server-4.19.1/lib/vscode/out/vs/workbench/api/node/extensionHostProcess.js:150:19378) setContext undefined
2024-07-02 10:38:19.948 [error] Canceled: Canceled
	at new l (/tmp/code-server/lib/code-server-4.19.1/lib/vscode/out/vs/workbench/api/node/extensionHostProcess.js:125:108505)
	at n.U (/tmp/code-server/lib/code-server-4.19.1/lib/vscode/out/vs/workbench/api/node/extensionHostProcess.js:134:10833)
	at F.<computed>.T.charCodeAt.F.<computed> (/tmp/code-server/lib/code-server-4.19.1/lib/vscode/out/vs/workbench/api/node/extensionHostProcess.js:134:8284)
	at r.g (/tmp/code-server/lib/code-server-4.19.1/lib/vscode/out/vs/workbench/api/node/extensionHostProcess.js:125:139796)
	at r.executeCommand (/tmp/code-server/lib/code-server-4.19.1/lib/vscode/out/vs/workbench/api/node/extensionHostProcess.js:125:139220)
	at I.registerCommand.description (/tmp/code-server/lib/code-server-4.19.1/lib/vscode/out/vs/workbench/api/node/extensionHostProcess.js:125:138530)
	at r.h (/tmp/code-server/lib/code-server-4.19.1/lib/vscode/out/vs/workbench/api/node/extensionHostProcess.js:125:140335)
	at r.g (/tmp/code-server/lib/code-server-4.19.1/lib/vscode/out/vs/workbench/api/node/extensionHostProcess.js:125:139320)
	at r.executeCommand (/tmp/code-server/lib/code-server-4.19.1/lib/vscode/out/vs/workbench/api/node/extensionHostProcess.js:125:139220)
	at Object.executeCommand (/tmp/code-server/lib/code-server-4.19.1/lib/vscode/out/vs/workbench/api/node/extensionHostProcess.js:140:21298)
	at set b [as b] (/tmp/code-server/lib/code-server-4.19.1/lib/vscode/extensions/github/dist/extension.js:2:714708)
	at /tmp/code-server/lib/code-server-4.19.1/lib/vscode/extensions/github/dist/extension.js:2:715349
	at h.value (/tmp/code-server/lib/code-server-4.19.1/lib/vscode/extensions/git/dist/main.js:2:1408111)
	at c.y (/tmp/code-server/lib/code-server-4.19.1/lib/vscode/out/vs/workbench/api/node/extensionHostProcess.js:80:1918)
	at c.z (/tmp/code-server/lib/code-server-4.19.1/lib/vscode/out/vs/workbench/api/node/extensionHostProcess.js:80:1988)
	at c.fire (/tmp/code-server/lib/code-server-4.19.1/lib/vscode/out/vs/workbench/api/node/extensionHostProcess.js:80:2204)
	at Object.m [as dispose] (/tmp/code-server/lib/code-server-4.19.1/lib/vscode/extensions/git/dist/main.js:2:1332842)
	at /tmp/code-server/lib/code-server-4.19.1/lib/vscode/extensions/git/dist/main.js:2:1337795
	at Array.forEach (<anonymous>)
	at g.dispose (/tmp/code-server/lib/code-server-4.19.1/lib/vscode/extensions/git/dist/main.js:2:1337781)
	at i.<anonymous> (/tmp/code-server/lib/code-server-4.19.1/lib/vscode/out/vs/workbench/api/node/extensionHostProcess.js:121:4339)
	at i.dispose (/tmp/code-server/lib/code-server-4.19.1/lib/vscode/out/vs/workbench/api/node/extensionHostProcess.js:121:4474)
	at i.<anonymous> (/tmp/code-server/lib/code-server-4.19.1/lib/vscode/extensions/git/dist/main.js:2:1318937)
	at i.dispose (/tmp/code-server/lib/code-server-4.19.1/lib/vscode/out/vs/workbench/api/node/extensionHostProcess.js:121:4474)
	at u (/tmp/code-server/lib/code-server-4.19.1/lib/vscode/out/vs/workbench/api/node/extensionHostProcess.js:30:760)
	at d.cb (/tmp/code-server/lib/code-server-4.19.1/lib/vscode/out/vs/workbench/api/node/extensionHostProcess.js:136:10604)
	at /tmp/code-server/lib/code-server-4.19.1/lib/vscode/out/vs/workbench/api/node/extensionHostProcess.js:136:8561
	at Array.map (<anonymous>)
	at d.Y (/tmp/code-server/lib/code-server-4.19.1/lib/vscode/out/vs/workbench/api/node/extensionHostProcess.js:136:8548)
	at d.terminate (/tmp/code-server/lib/code-server-4.19.1/lib/vscode/out/vs/workbench/api/node/extensionHostProcess.js:136:8818)
	at u.terminate (/tmp/code-server/lib/code-server-4.19.1/lib/vscode/out/vs/workbench/api/node/extensionHostProcess.js:140:1513)
	at t (/tmp/code-server/lib/code-server-4.19.1/lib/vscode/out/vs/workbench/api/node/extensionHostProcess.js:153:9808)
	at h.value (/tmp/code-server/lib/code-server-4.19.1/lib/vscode/out/vs/workbench/api/node/extensionHostProcess.js:153:7854)
	at c.y (/tmp/code-server/lib/code-server-4.19.1/lib/vscode/out/vs/workbench/api/node/extensionHostProcess.js:80:1918)
	at c.fire (/tmp/code-server/lib/code-server-4.19.1/lib/vscode/out/vs/workbench/api/node/extensionHostProcess.js:80:2135)
	at f.fire (/tmp/code-server/lib/code-server-4.19.1/lib/vscode/out/vs/workbench/api/node/extensionHostProcess.js:92:14023)
	at s.z (/tmp/code-server/lib/code-server-4.19.1/lib/vscode/out/vs/workbench/api/node/extensionHostProcess.js:92:17068)
	at h.value (/tmp/code-server/lib/code-server-4.19.1/lib/vscode/out/vs/workbench/api/node/extensionHostProcess.js:92:15520)
	at c.y (/tmp/code-server/lib/code-server-4.19.1/lib/vscode/out/vs/workbench/api/node/extensionHostProcess.js:80:1918)
	at c.fire (/tmp/code-server/lib/code-server-4.19.1/lib/vscode/out/vs/workbench/api/node/extensionHostProcess.js:80:2135)
	at h.acceptChunk (/tmp/code-server/lib/code-server-4.19.1/lib/vscode/out/vs/workbench/api/node/extensionHostProcess.js:92:11797)
	at h.value (/tmp/code-server/lib/code-server-4.19.1/lib/vscode/out/vs/workbench/api/node/extensionHostProcess.js:92:11084)
	at c.y (/tmp/code-server/lib/code-server-4.19.1/lib/vscode/out/vs/workbench/api/node/extensionHostProcess.js:80:1918)
	at c.fire (/tmp/code-server/lib/code-server-4.19.1/lib/vscode/out/vs/workbench/api/node/extensionHostProcess.js:80:2135)
	at c.z (/tmp/code-server/lib/code-server-4.19.1/lib/vscode/out/vs/workbench/api/node/extensionHostProcess.js:150:19378) setContext undefined
2024-07-02 10:38:20.115 [info] Extension host with pid 284 exiting with code 0
