2024-07-02 08:58:37.423 [info] Reading sessions from keychain...
2024-07-02 08:58:37.423 [info] Getting sessions for all scopes...
2024-07-02 08:58:37.423 [info] Got 0 sessions for ...
2024-07-02 08:58:37.447 [info] Getting sessions for read:user,repo,user:email,workflow...
2024-07-02 08:58:37.447 [info] Got 0 sessions for read:user,repo,user:email,workflow...
2024-07-02 08:58:37.681 [info] Getting sessions for all scopes...
2024-07-02 08:58:37.681 [info] Got 0 sessions for ...
2024-07-02 09:58:08.380 [info] Getting sessions for read:user,repo,user:email,workflow...
2024-07-02 09:58:08.381 [info] Got 0 sessions for read:user,repo,user:email,workflow...
2024-07-02 09:58:10.135 [info] Logging in for the following scopes: read:user repo user:email workflow
2024-07-02 09:58:10.260 [info] Trying device code flow... (read:user repo user:email workflow)
2024-07-02 09:59:41.169 [info] Getting user info...
2024-07-02 09:59:41.455 [info] Got account info!
2024-07-02 09:59:41.457 [info] Storing 1 sessions...
2024-07-02 09:59:41.488 [info] Reading sessions from keychain...
2024-07-02 09:59:41.489 [info] Stored 1 sessions!
2024-07-02 09:59:41.490 [info] Login success!
2024-07-02 09:59:41.592 [info] Got stored sessions!
2024-07-02 09:59:41.592 [info] Got 1 verified sessions.
2024-07-02 09:59:42.004 [info] Getting sessions for read:user,repo,user:email,workflow...
2024-07-02 09:59:42.005 [info] Got 1 sessions for read:user,repo,user:email,workflow...
2024-07-02 10:29:28.318 [info] Getting sessions for read:user,repo,user:email,workflow...
2024-07-02 10:29:28.320 [info] Got 1 sessions for read:user,repo,user:email,workflow...
2024-07-02 10:33:00.850 [info] Getting sessions for read:user,repo,user:email,workflow...
2024-07-02 10:33:00.850 [info] Got 1 sessions for read:user,repo,user:email,workflow...
