0 verbose cli /usr/bin/node /usr/bin/npm
1 info using npm@10.7.0
2 info using node@v20.15.0
3 silly config:load:file:/usr/lib/node_modules/npm/npmrc
4 silly config:load:file:/home/geenloop/uptime-kuma/.npmrc
5 silly config:load:file:/home/geenloop/.npmrc
6 silly config:load:file:/usr/etc/npmrc
7 verbose title npm install
8 verbose argv "install"
9 verbose logfile logs-max:10 dir:/home/geenloop/.npm/_logs/2024-07-02T10_40_08_414Z-
10 verbose logfile /home/geenloop/.npm/_logs/2024-07-02T10_40_08_414Z-debug-0.log
11 silly logfile start cleaning logs, removing 1 files
12 silly logfile done cleaning log files
13 silly idealTree buildDeps
14 warn EBADENGINE Unsupported engine {
14 warn EBADENGINE   package: '@azure/msal-node@1.18.4',
14 warn EBADENGINE   required: { node: '10 || 12 || 14 || 16 || 18' },
14 warn EBADENGINE   current: { node: 'v20.15.0', npm: '10.7.0' }
14 warn EBADENGINE }
15 silly reify moves {}
16 silly audit bulk request {
16 silly audit   '@aashutoshrathi/word-wrap': [ '1.2.6' ],
16 silly audit   '@actions/github': [ '5.0.3' ],
16 silly audit   '@actions/http-client': [ '2.2.1' ],
16 silly audit   '@ampproject/remapping': [ '2.3.0' ],
16 silly audit   '@antfu/utils': [ '0.7.7' ],
16 silly audit   '@aws-crypto/crc32': [ '3.0.0' ],
16 silly audit   tslib: [ '1.14.1', '2.6.2' ],
16 silly audit   '@aws-crypto/ie11-detection': [ '3.0.0' ],
16 silly audit   '@aws-crypto/sha256-browser': [ '3.0.0' ],
16 silly audit   '@aws-crypto/sha256-js': [ '3.0.0' ],
16 silly audit   '@aws-crypto/supports-web-crypto': [ '3.0.0' ],
16 silly audit   '@aws-crypto/util': [ '3.0.0' ],
16 silly audit   '@aws-sdk/client-cognito-identity': [ '3.540.0' ],
16 silly audit   '@aws-sdk/client-sso': [ '3.540.0' ],
16 silly audit   '@aws-sdk/client-sso-oidc': [ '3.540.0' ],
16 silly audit   '@aws-sdk/client-sts': [ '3.540.0' ],
16 silly audit   '@aws-sdk/core': [ '3.535.0' ],
16 silly audit   '@aws-sdk/credential-provider-cognito-identity': [ '3.540.0' ],
16 silly audit   '@aws-sdk/credential-provider-env': [ '3.535.0' ],
16 silly audit   '@aws-sdk/credential-provider-http': [ '3.535.0' ],
16 silly audit   '@aws-sdk/credential-provider-ini': [ '3.540.0' ],
16 silly audit   '@aws-sdk/credential-provider-node': [ '3.540.0' ],
16 silly audit   '@aws-sdk/credential-provider-process': [ '3.535.0' ],
16 silly audit   '@aws-sdk/credential-provider-sso': [ '3.540.0' ],
16 silly audit   '@aws-sdk/credential-provider-web-identity': [ '3.540.0' ],
16 silly audit   '@aws-sdk/credential-providers': [ '3.540.0' ],
16 silly audit   '@aws-sdk/middleware-host-header': [ '3.535.0' ],
16 silly audit   '@aws-sdk/middleware-logger': [ '3.535.0' ],
16 silly audit   '@aws-sdk/middleware-recursion-detection': [ '3.535.0' ],
16 silly audit   '@aws-sdk/middleware-user-agent': [ '3.540.0' ],
16 silly audit   '@aws-sdk/region-config-resolver': [ '3.535.0' ],
16 silly audit   '@aws-sdk/token-providers': [ '3.540.0' ],
16 silly audit   '@aws-sdk/types': [ '3.535.0' ],
16 silly audit   '@aws-sdk/util-endpoints': [ '3.540.0' ],
16 silly audit   '@aws-sdk/util-locate-window': [ '3.535.0' ],
16 silly audit   '@aws-sdk/util-user-agent-browser': [ '3.535.0' ],
16 silly audit   '@aws-sdk/util-user-agent-node': [ '3.535.0' ],
16 silly audit   '@aws-sdk/util-utf8-browser': [ '3.259.0' ],
16 silly audit   '@azure/abort-controller': [ '1.1.0', '2.1.1' ],
16 silly audit   '@azure/core-auth': [ '1.7.1' ],
16 silly audit   '@azure/core-client': [ '1.9.1' ],
16 silly audit   '@azure/core-http-compat': [ '2.1.1' ],
16 silly audit   '@azure/core-lro': [ '2.7.1' ],
16 silly audit   '@azure/core-paging': [ '1.6.1' ],
16 silly audit   '@azure/core-rest-pipeline': [ '1.15.1' ],
16 silly audit   'http-proxy-agent': [ '7.0.2', '5.0.0', '4.0.1' ],
16 silly audit   'https-proxy-agent': [ '7.0.4', '5.0.1' ],
16 silly audit   '@azure/core-tracing': [ '1.1.1' ],
16 silly audit   '@azure/core-util': [ '1.8.1' ],
16 silly audit   '@azure/identity': [ '2.1.0' ],
16 silly audit   jwa: [ '2.0.0', '1.4.1' ],
16 silly audit   jws: [ '4.0.0', '3.2.2' ],
16 silly audit   '@azure/keyvault-keys': [ '4.8.0' ],
16 silly audit   '@azure/logger': [ '1.1.1' ],
16 silly audit   '@azure/msal-browser': [ '2.38.3' ],
16 silly audit   '@azure/msal-common': [ '13.3.1', '7.6.0' ],
16 silly audit   '@azure/msal-node': [ '1.18.4' ],
16 silly audit   '@babel/code-frame': [ '7.24.2' ],
16 silly audit   '@babel/compat-data': [ '7.24.1' ],
16 silly audit   '@babel/core': [ '7.24.3' ],
16 silly audit   semver: [ '6.3.1', '7.5.4' ],
16 silly audit   '@babel/generator': [ '7.24.1' ],
16 silly audit   jsesc: [ '2.5.2', '3.0.2' ],
16 silly audit   '@babel/helper-annotate-as-pure': [ '7.22.5' ],
16 silly audit   '@babel/helper-compilation-targets': [ '7.23.6' ],
16 silly audit   'lru-cache': [ '5.1.1', '6.0.0', '8.0.5', '7.18.3', '10.2.0' ],
16 silly audit   yallist: [ '3.1.1', '4.0.0' ],
16 silly audit   '@babel/helper-create-class-features-plugin': [ '7.24.1' ],
16 silly audit   '@babel/helper-environment-visitor': [ '7.22.20' ],
16 silly audit   '@babel/helper-function-name': [ '7.23.0' ],
16 silly audit   '@babel/helper-hoist-variables': [ '7.22.5' ],
16 silly audit   '@babel/helper-member-expression-to-functions': [ '7.23.0' ],
16 silly audit   '@babel/helper-module-imports': [ '7.24.3', '7.22.15' ],
16 silly audit   '@babel/helper-module-transforms': [ '7.23.3' ],
16 silly audit   '@babel/helper-optimise-call-expression': [ '7.22.5' ],
16 silly audit   '@babel/helper-plugin-utils': [ '7.24.0' ],
16 silly audit   '@babel/helper-replace-supers': [ '7.24.1' ],
16 silly audit   '@babel/helper-simple-access': [ '7.22.5' ],
16 silly audit   '@babel/helper-skip-transparent-expression-wrappers': [ '7.22.5' ],
16 silly audit   '@babel/helper-split-export-declaration': [ '7.22.6' ],
16 silly audit   '@babel/helper-string-parser': [ '7.24.1' ],
16 silly audit   '@babel/helper-validator-identifier': [ '7.22.20' ],
16 silly audit   '@babel/helper-validator-option': [ '7.23.5' ],
16 silly audit   '@babel/helpers': [ '7.24.1' ],
16 silly audit   '@babel/highlight': [ '7.24.2' ],
16 silly audit   'ansi-styles': [ '3.2.1', '6.2.1', '4.3.0' ],
16 silly audit   chalk: [ '2.4.2', '4.1.2' ],
16 silly audit   'color-convert': [ '1.9.3', '2.0.1', '0.5.3' ],
16 silly audit   'color-name': [ '1.1.3', '1.1.4' ],
16 silly audit   'escape-string-regexp': [ '1.0.5', '4.0.0' ],
16 silly audit   'has-flag': [ '3.0.0', '4.0.0' ],
16 silly audit   'js-tokens': [ '4.0.0', '8.0.3' ],
16 silly audit   'supports-color': [ '5.5.0', '7.2.0', '8.1.1' ],
16 silly audit   '@babel/parser': [ '7.24.1' ],
16 silly audit   '@babel/plugin-proposal-decorators': [ '7.24.1' ],
16 silly audit   '@babel/plugin-syntax-decorators': [ '7.24.1' ],
16 silly audit   '@babel/plugin-syntax-import-attributes': [ '7.24.1' ],
16 silly audit   '@babel/plugin-syntax-import-meta': [ '7.10.4' ],
16 silly audit   '@babel/plugin-syntax-jsx': [ '7.24.1' ],
16 silly audit   '@babel/plugin-syntax-typescript': [ '7.24.1' ],
16 silly audit   '@babel/plugin-transform-typescript': [ '7.24.1' ],
16 silly audit   '@babel/runtime': [ '7.24.1' ],
16 silly audit   '@babel/template': [ '7.24.0' ],
16 silly audit   '@babel/traverse': [ '7.24.1' ],
16 silly audit   globals: [ '11.12.0', '13.24.0' ],
16 silly audit   '@babel/types': [ '7.24.0' ],
16 silly audit   '@csstools/css-parser-algorithms': [ '2.6.1' ],
16 silly audit   '@csstools/css-tokenizer': [ '2.2.4' ],
16 silly audit   '@csstools/media-query-list-parser': [ '2.1.9' ],
16 silly audit   '@csstools/selector-specificity': [ '3.0.2' ],
16 silly audit   '@es-joy/jsdoccomment': [ '0.40.1' ],
16 silly audit   '@esbuild/aix-ppc64': [ '0.19.12' ],
16 silly audit   '@esbuild/android-arm': [ '0.19.12' ],
16 silly audit   '@esbuild/android-arm64': [ '0.19.12' ],
16 silly audit   '@esbuild/android-x64': [ '0.19.12' ],
16 silly audit   '@esbuild/darwin-arm64': [ '0.19.12' ],
16 silly audit   '@esbuild/darwin-x64': [ '0.19.12' ],
16 silly audit   '@esbuild/freebsd-arm64': [ '0.19.12' ],
16 silly audit   '@esbuild/freebsd-x64': [ '0.19.12' ],
16 silly audit   '@esbuild/linux-arm': [ '0.19.12' ],
16 silly audit   '@esbuild/linux-arm64': [ '0.19.12' ],
16 silly audit   '@esbuild/linux-ia32': [ '0.19.12' ],
16 silly audit   '@esbuild/linux-loong64': [ '0.19.12' ],
16 silly audit   '@esbuild/linux-mips64el': [ '0.19.12' ],
16 silly audit   '@esbuild/linux-ppc64': [ '0.19.12' ],
16 silly audit   '@esbuild/linux-riscv64': [ '0.19.12' ],
16 silly audit   '@esbuild/linux-s390x': [ '0.19.12' ],
16 silly audit   '@esbuild/linux-x64': [ '0.19.12' ],
16 silly audit   '@esbuild/netbsd-x64': [ '0.19.12' ],
16 silly audit   '@esbuild/openbsd-x64': [ '0.19.12' ],
16 silly audit   '@esbuild/sunos-x64': [ '0.19.12' ],
16 silly audit   '@esbuild/win32-arm64': [ '0.19.12' ],
16 silly audit   '@esbuild/win32-ia32': [ '0.19.12' ],
16 silly audit   '@esbuild/win32-x64': [ '0.19.12' ],
16 silly audit   '@eslint-community/eslint-utils': [ '4.4.0' ],
16 silly audit   '@eslint-community/regexpp': [ '4.10.0' ],
16 silly audit   '@eslint/eslintrc': [ '1.4.1' ],
16 silly audit   'brace-expansion': [ '1.1.11', '2.0.1' ],
16 silly audit   minimatch: [ '3.1.2', '9.0.3' ],
16 silly audit   '@fastify/busboy': [ '2.1.1' ],
16 silly audit   '@fortawesome/fontawesome-common-types': [ '0.2.36' ],
16 silly audit   '@fortawesome/fontawesome-svg-core': [ '1.2.36' ],
16 silly audit   '@fortawesome/free-regular-svg-icons': [ '5.15.4' ],
16 silly audit   '@fortawesome/free-solid-svg-icons': [ '5.15.4' ],
16 silly audit   '@fortawesome/vue-fontawesome': [ '3.0.6' ],
16 silly audit   '@gar/promisify': [ '1.1.3' ],
16 silly audit   '@grpc/grpc-js': [ '1.7.3' ],
16 silly audit   '@grpc/proto-loader': [ '0.7.10' ],
16 silly audit   '@hapi/hoek': [ '9.3.0' ],
16 silly audit   '@hapi/topo': [ '5.1.0' ],
16 silly audit   '@humanwhocodes/config-array': [ '0.9.5' ],
16 silly audit   '@humanwhocodes/object-schema': [ '1.2.1' ],
16 silly audit   '@intlify/core-base': [ '9.2.2' ],
16 silly audit   '@intlify/devtools-if': [ '9.2.2' ],
16 silly audit   '@intlify/message-compiler': [ '9.2.2' ],
16 silly audit   'source-map': [ '0.6.1', '0.7.4' ],
16 silly audit   '@intlify/shared': [ '9.2.2' ],
16 silly audit   '@intlify/vue-devtools': [ '9.2.2' ],
16 silly audit   '@isaacs/cliui': [ '8.0.2' ],
16 silly audit   'ansi-regex': [ '6.0.1', '5.0.1' ],
16 silly audit   'emoji-regex': [ '9.2.2', '8.0.0' ],
16 silly audit   'string-width': [ '5.1.2', '4.2.3' ],
16 silly audit   'strip-ansi': [ '7.1.0', '6.0.1' ],
16 silly audit   'wrap-ansi': [ '8.1.0', '6.2.0', '7.0.0' ],
16 silly audit   '@jridgewell/gen-mapping': [ '0.3.5' ],
16 silly audit   '@jridgewell/resolve-uri': [ '3.1.2' ],
16 silly audit   '@jridgewell/set-array': [ '1.2.1' ],
16 silly audit   '@jridgewell/source-map': [ '0.3.6' ],
16 silly audit   '@jridgewell/sourcemap-codec': [ '1.4.15' ],
16 silly audit   '@jridgewell/trace-mapping': [ '0.3.25' ],
16 silly audit   '@js-joda/core': [ '5.6.2' ],
16 silly audit   '@kurkle/color': [ '0.3.2' ],
16 silly audit   '@louislam/ping': [ '0.4.4-mod.1' ],
16 silly audit   '@louislam/sqlite3': [ '15.1.6' ],
16 silly audit   '@mapbox/node-pre-gyp': [ '1.0.11' ],
16 silly audit   '@mongodb-js/saslprep': [ '1.1.5' ],
16 silly audit   '@noble/ciphers': [ '0.2.0' ],
16 silly audit   '@noble/curves': [ '1.1.0' ],
16 silly audit   '@noble/hashes': [ '1.3.1' ],
16 silly audit   '@nodelib/fs.scandir': [ '2.1.5' ],
16 silly audit   '@nodelib/fs.stat': [ '2.0.5' ],
16 silly audit   '@nodelib/fs.walk': [ '1.2.8' ],
16 silly audit   '@npmcli/fs': [ '1.1.1' ],
16 silly audit   '@npmcli/move-file': [ '1.1.2' ],
16 silly audit   '@octokit/auth-token': [ '2.5.0' ],
16 silly audit   '@octokit/core': [ '3.6.0' ],
16 silly audit   '@octokit/endpoint': [ '6.0.12' ],
16 silly audit   '@octokit/graphql': [ '4.8.0' ],
16 silly audit   '@octokit/openapi-types': [ '12.11.0' ],
16 silly audit   '@octokit/plugin-paginate-rest': [ '2.21.3' ],
16 silly audit   '@octokit/plugin-rest-endpoint-methods': [ '5.16.2' ],
16 silly audit   '@octokit/request': [ '5.6.3' ],
16 silly audit   '@octokit/request-error': [ '2.1.0' ],
16 silly audit   '@octokit/types': [ '6.41.0' ],
16 silly audit   '@pkgjs/parseargs': [ '0.11.0' ],
16 silly audit   '@playwright/test': [ '1.39.0' ],
16 silly audit   '@polka/url': [ '1.0.0-next.25' ],
16 silly audit   '@popperjs/core': [ '2.10.2' ],
16 silly audit   '@protobufjs/aspromise': [ '1.1.2' ],
16 silly audit   '@protobufjs/base64': [ '1.1.2' ],
16 silly audit   '@protobufjs/codegen': [ '2.0.4' ],
16 silly audit   '@protobufjs/eventemitter': [ '1.1.0' ],
16 silly audit   '@protobufjs/fetch': [ '1.1.0' ],
16 silly audit   '@protobufjs/float': [ '1.0.2' ],
16 silly audit   '@protobufjs/inquire': [ '1.1.0' ],
16 silly audit   '@protobufjs/path': [ '1.1.2' ],
16 silly audit   '@protobufjs/pool': [ '1.1.0' ],
16 silly audit   '@protobufjs/utf8': [ '1.1.0' ],
16 silly audit   '@redis/bloom': [ '1.1.0' ],
16 silly audit   '@redis/client': [ '1.4.2' ],
16 silly audit   '@redis/graph': [ '1.1.0' ],
16 silly audit   '@redis/json': [ '1.0.4' ],
16 silly audit   '@redis/search': [ '1.1.0' ],
16 silly audit   '@redis/time-series': [ '1.0.4' ],
16 silly audit   '@rollup/pluginutils': [ '5.1.0' ],
16 silly audit   '@rollup/rollup-android-arm-eabi': [ '4.13.0' ],
16 silly audit   '@rollup/rollup-android-arm64': [ '4.13.0' ],
16 silly audit   '@rollup/rollup-darwin-arm64': [ '4.13.0' ],
16 silly audit   '@rollup/rollup-darwin-x64': [ '4.13.0' ],
16 silly audit   '@rollup/rollup-linux-arm-gnueabihf': [ '4.13.0' ],
16 silly audit   '@rollup/rollup-linux-arm64-gnu': [ '4.13.0' ],
16 silly audit   '@rollup/rollup-linux-arm64-musl': [ '4.13.0' ],
16 silly audit   '@rollup/rollup-linux-riscv64-gnu': [ '4.13.0' ],
16 silly audit   '@rollup/rollup-linux-x64-gnu': [ '4.13.0' ],
16 silly audit   '@rollup/rollup-linux-x64-musl': [ '4.13.0' ],
16 silly audit   '@rollup/rollup-win32-arm64-msvc': [ '4.13.0' ],
16 silly audit   '@rollup/rollup-win32-ia32-msvc': [ '4.13.0' ],
16 silly audit   '@rollup/rollup-win32-x64-msvc': [ '4.13.0' ],
16 silly audit   '@scure/base': [ '1.1.1' ],
16 silly audit   '@scure/bip32': [ '1.3.1' ],
16 silly audit   '@scure/bip39': [ '1.2.1' ],
16 silly audit   '@sideway/address': [ '4.1.5' ],
16 silly audit   '@sideway/formula': [ '3.0.1' ],
16 silly audit   '@sideway/pinpoint': [ '2.0.0' ],
16 silly audit   '@sindresorhus/is': [ '5.6.0' ],
16 silly audit   '@smithy/abort-controller': [ '2.2.0' ],
16 silly audit   '@smithy/config-resolver': [ '2.2.0' ],
16 silly audit   '@smithy/core': [ '1.4.0' ],
16 silly audit   '@smithy/credential-provider-imds': [ '2.3.0' ],
16 silly audit   '@smithy/eventstream-codec': [ '2.2.0' ],
16 silly audit   '@smithy/fetch-http-handler': [ '2.5.0' ],
16 silly audit   '@smithy/hash-node': [ '2.2.0' ],
16 silly audit   '@smithy/invalid-dependency': [ '2.2.0' ],
16 silly audit   '@smithy/is-array-buffer': [ '2.2.0' ],
16 silly audit   '@smithy/middleware-content-length': [ '2.2.0' ],
16 silly audit   '@smithy/middleware-endpoint': [ '2.5.0' ],
16 silly audit   '@smithy/middleware-retry': [ '2.2.0' ],
16 silly audit   '@smithy/middleware-serde': [ '2.3.0' ],
16 silly audit   '@smithy/middleware-stack': [ '2.2.0' ],
16 silly audit   '@smithy/node-config-provider': [ '2.3.0' ],
16 silly audit   '@smithy/node-http-handler': [ '2.5.0' ],
16 silly audit   '@smithy/property-provider': [ '2.2.0' ],
16 silly audit   '@smithy/protocol-http': [ '3.3.0' ],
16 silly audit   '@smithy/querystring-builder': [ '2.2.0' ],
16 silly audit   '@smithy/querystring-parser': [ '2.2.0' ],
16 silly audit   '@smithy/service-error-classification': [ '2.1.5' ],
16 silly audit   '@smithy/shared-ini-file-loader': [ '2.4.0' ],
16 silly audit   '@smithy/signature-v4': [ '2.2.0' ],
16 silly audit   '@smithy/smithy-client': [ '2.5.0' ],
16 silly audit   '@smithy/types': [ '2.12.0' ],
16 silly audit   '@smithy/url-parser': [ '2.2.0' ],
16 silly audit   '@smithy/util-base64': [ '2.3.0' ],
16 silly audit   '@smithy/util-body-length-browser': [ '2.2.0' ],
16 silly audit   '@smithy/util-body-length-node': [ '2.3.0' ],
16 silly audit   '@smithy/util-buffer-from': [ '2.2.0' ],
16 silly audit   '@smithy/util-config-provider': [ '2.3.0' ],
16 silly audit   '@smithy/util-defaults-mode-browser': [ '2.2.0' ],
16 silly audit   '@smithy/util-defaults-mode-node': [ '2.3.0' ],
16 silly audit   '@smithy/util-endpoints': [ '1.2.0' ],
16 silly audit   '@smithy/util-hex-encoding': [ '2.2.0' ],
16 silly audit   '@smithy/util-middleware': [ '2.2.0' ],
16 silly audit   '@smithy/util-retry': [ '2.2.0' ],
16 silly audit   '@smithy/util-stream': [ '2.2.0' ],
16 silly audit   '@smithy/util-uri-escape': [ '2.2.0' ],
16 silly audit   '@smithy/util-utf8': [ '2.3.0' ],
16 silly audit   '@socket.io/component-emitter': [ '3.1.0' ],
16 silly audit   '@szmarczak/http-timer': [ '5.0.1' ],
16 silly audit   '@tediousjs/connection-string': [ '0.3.0' ],
16 silly audit   '@tootallnate/once': [ '2.0.0', '1.1.2' ],
16 silly audit   '@types/accepts': [ '1.3.7' ],
16 silly audit   '@types/body-parser': [ '1.19.5' ],
16 silly audit   '@types/bootstrap': [ '5.1.13' ],
16 silly audit   '@types/connect': [ '3.4.38' ],
16 silly audit   '@types/content-disposition': [ '0.5.8' ],
16 silly audit   '@types/cookie': [ '0.4.1' ],
16 silly audit   '@types/cookies': [ '0.9.0' ],
16 silly audit   '@types/cors': [ '2.8.17' ],
16 silly audit   '@types/es-aggregate-error': [ '1.0.6' ],
16 silly audit   '@types/estree': [ '1.0.5' ],
16 silly audit   '@types/express': [ '4.17.21' ],
16 silly audit   '@types/express-serve-static-core': [ '4.17.43' ],
16 silly audit   '@types/http-assert': [ '1.5.5' ],
16 silly audit   '@types/http-cache-semantics': [ '4.0.4' ],
16 silly audit   '@types/http-errors': [ '2.0.4' ],
16 silly audit   '@types/json-schema': [ '7.0.15' ],
16 silly audit   '@types/keygrip': [ '1.0.6' ],
16 silly audit   '@types/koa': [ '2.15.0' ],
16 silly audit   '@types/koa-compose': [ '3.2.8' ],
16 silly audit   '@types/mime': [ '1.3.5' ],
16 silly audit   '@types/minimist': [ '1.2.5' ],
16 silly audit   '@types/node': [ '20.11.30', '18.19.26', '20.3.3' ],
16 silly audit   '@types/normalize-package-data': [ '2.4.4' ],
16 silly audit   '@types/qs': [ '6.9.14' ],
16 silly audit   '@types/range-parser': [ '1.2.7' ],
16 silly audit   '@types/semver': [ '7.5.8' ],
16 silly audit   '@types/send': [ '0.17.4' ],
16 silly audit   '@types/serve-static': [ '1.15.5' ],
16 silly audit   '@types/ssh2': [ '1.15.0' ],
16 silly audit   '@types/webidl-conversions': [ '7.0.3' ],
16 silly audit   '@types/whatwg-url': [ '8.2.2' ],
16 silly audit   '@typescript-eslint/eslint-plugin': [ '6.21.0' ],
16 silly audit   '@typescript-eslint/parser': [ '6.21.0' ],
16 silly audit   '@typescript-eslint/scope-manager': [ '6.21.0' ],
16 silly audit   '@typescript-eslint/type-utils': [ '6.21.0' ],
16 silly audit   '@typescript-eslint/types': [ '6.21.0' ],
16 silly audit   '@typescript-eslint/typescript-estree': [ '6.21.0' ],
16 silly audit   '@typescript-eslint/utils': [ '6.21.0' ],
16 silly audit   '@typescript-eslint/visitor-keys': [ '6.21.0' ],
16 silly audit   '@vitejs/plugin-vue': [ '5.0.4' ],
16 silly audit   '@vue/babel-helper-vue-transform-on': [ '1.2.2' ],
16 silly audit   '@vue/babel-plugin-jsx': [ '1.2.2' ],
16 silly audit   '@vue/babel-plugin-resolve-type': [ '1.2.2' ],
16 silly audit   '@vue/compiler-core': [ '3.4.21' ],
16 silly audit   '@vue/compiler-dom': [ '3.4.21' ],
16 silly audit   '@vue/compiler-sfc': [ '3.4.21' ],
16 silly audit   '@vue/compiler-ssr': [ '3.4.21' ],
16 silly audit   '@vue/devtools-api': [ '6.6.1' ],
16 silly audit   '@vue/devtools-core': [ '7.0.21' ],
16 silly audit   '@vue/devtools-kit': [ '7.0.21' ],
16 silly audit   '@vue/devtools-shared': [ '7.0.21' ],
16 silly audit   '@vue/reactivity': [ '3.4.21' ],
16 silly audit   '@vue/runtime-core': [ '3.4.21' ],
16 silly audit   '@vue/runtime-dom': [ '3.4.21' ],
16 silly audit   '@vue/server-renderer': [ '3.4.21' ],
16 silly audit   '@vue/shared': [ '3.4.21' ],
16 silly audit   '@vuepic/vue-datepicker': [ '3.4.8' ],
16 silly audit   '@vvo/tzdb': [ '6.126.0' ],
16 silly audit   abbrev: [ '1.1.1' ],
16 silly audit   'abort-controller': [ '3.0.0' ],
16 silly audit   accepts: [ '1.3.8' ],
16 silly audit   acorn: [ '8.11.3' ],
16 silly audit   'acorn-jsx': [ '5.3.2' ],
16 silly audit   aedes: [ '0.46.3' ],
16 silly audit   'aedes-packet': [ '2.3.1' ],
16 silly audit   'mqtt-packet': [ '6.10.0', '7.1.2' ],
16 silly audit   'aedes-persistence': [ '8.1.3' ],
16 silly audit   'agent-base': [ '7.1.0', '6.0.2' ],
16 silly audit   agentkeepalive: [ '4.5.0' ],
16 silly audit   'aggregate-error': [ '3.1.0' ],
16 silly audit   ajv: [ '6.12.6', '8.12.0' ],
16 silly audit   anafanafo: [ '2.0.0' ],
16 silly audit   'any-promise': [ '1.3.0' ],
16 silly audit   anymatch: [ '3.1.3' ],
16 silly audit   aproba: [ '2.0.0' ],
16 silly audit   'are-docs-informative': [ '0.0.2' ],
16 silly audit   'are-we-there-yet': [ '2.0.0', '3.0.1' ],
16 silly audit   argparse: [ '2.0.1' ],
16 silly audit   'args-parser': [ '1.3.0' ],
16 silly audit   'array-buffer-byte-length': [ '1.0.1' ],
16 silly audit   'array-flatten': [ '1.1.1' ],
16 silly audit   'array-union': [ '2.1.0' ],
16 silly audit   'arraybuffer.prototype.slice': [ '1.0.3' ],
16 silly audit   arrify: [ '1.0.1' ],
16 silly audit   asn1: [ '0.2.6' ],
16 silly audit   'astral-regex': [ '2.0.0' ],
16 silly audit   asynckit: [ '0.4.0' ],
16 silly audit   'available-typed-arrays': [ '1.0.7' ],
16 silly audit   'await-lock': [ '2.2.2' ],
16 silly audit   axios: [ '0.28.0', '0.21.4', '1.6.8' ],
16 silly audit   'axios-ntlm': [ '1.3.0' ],
16 silly audit   'babel-plugin-add-module-exports': [ '0.2.1' ],
16 silly audit   'babel-runtime': [ '6.26.0' ],
16 silly audit   'core-js': [ '2.6.12', '3.26.1' ],
16 silly audit   'regenerator-runtime': [ '0.11.1', '0.14.1' ],
16 silly audit   'badge-maker': [ '3.3.1' ],
16 silly audit   'balanced-match': [ '1.0.2', '2.0.0' ],
16 silly audit   barse: [ '0.4.3' ],
16 silly audit   isarray: [ '0.0.1', '1.0.0', '2.0.5' ],
16 silly audit   'readable-stream': [ '1.0.34', '2.3.8', '3.6.2', '4.5.2' ],
16 silly audit   string_decoder: [ '0.10.31', '1.1.1', '1.3.0' ],
16 silly audit   'base64-js': [ '1.5.1' ],
16 silly audit   base64id: [ '2.0.0' ],
16 silly audit   'basic-auth': [ '2.0.1' ],
16 silly audit   'bcrypt-pbkdf': [ '1.0.2' ],
16 silly audit   bcryptjs: [ '2.4.3' ],
16 silly audit   'before-after-hook': [ '2.2.3' ],
16 silly audit   'binary-extensions': [ '2.3.0' ],
16 silly audit   'binary-search': [ '1.3.6' ],
16 silly audit   bintrees: [ '1.0.2' ],
16 silly audit   bl: [ '4.1.0', '5.1.0' ],
16 silly audit   'body-parser': [ '1.20.2' ],
16 silly audit   bytes: [ '3.1.2', '3.0.0' ],
16 silly audit   debug: [ '2.6.9', '4.3.4', '3.2.7' ],
16 silly audit   'iconv-lite': [ '0.4.24', '0.6.3' ],
16 silly audit   ms: [ '2.0.0', '2.1.2', '2.1.3' ],
16 silly audit   qs: [ '6.11.0', '6.10.4' ],
16 silly audit   boolbase: [ '1.0.0' ],
16 silly audit   bootstrap: [ '5.1.3' ],
16 silly audit   bowser: [ '2.11.0' ],
16 silly audit   braces: [ '3.0.2' ],
16 silly audit   browserslist: [ '4.23.0' ],
16 silly audit   bson: [ '4.7.2' ],
16 silly audit   buffer: [ '5.7.1', '6.0.3' ],
16 silly audit   'buffer-equal-constant-time': [ '1.0.1' ],
16 silly audit   'buffer-from': [ '1.1.2' ],
16 silly audit   'buffer-writer': [ '2.0.0' ],
16 silly audit   buildcheck: [ '0.0.6' ],
16 silly audit   'builtin-modules': [ '3.3.0' ],
16 silly audit   'bulk-write-stream': [ '2.0.1' ],
16 silly audit   'bundle-name': [ '4.1.0' ],
16 silly audit   cacache: [ '15.3.0' ],
16 silly audit   'cacheable-lookup': [ '7.0.0' ],
16 silly audit   'cacheable-request': [ '10.2.14' ],
16 silly audit   'call-bind': [ '1.0.7' ],
16 silly audit   callsites: [ '3.1.0' ],
16 silly audit   camelcase: [ '6.3.0', '5.3.1' ],
16 silly audit   'camelcase-keys': [ '7.0.2' ],
16 silly audit   'type-fest': [ '1.4.0', '0.20.2' ],
16 silly audit   'caniuse-lite': [ '1.0.30001600' ],
16 silly audit   'char-width-table-consumer': [ '1.0.0' ],
16 silly audit   chardet: [ '1.4.0' ],
16 silly audit   'chart.js': [ '4.2.1' ],
16 silly audit   'chartjs-adapter-dayjs-4': [ '1.0.4' ],
16 silly audit   'check-password-strength': [ '2.0.10' ],
16 silly audit   cheerio: [ '1.0.0-rc.12' ],
16 silly audit   'cheerio-select': [ '2.1.0' ],
16 silly audit   chokidar: [ '3.6.0' ],
16 silly audit   'glob-parent': [ '5.1.2', '6.0.2' ],
16 silly audit   chownr: [ '2.0.0' ],
16 silly audit   'chroma-js': [ '2.4.2' ],
16 silly audit   'clean-stack': [ '2.2.0' ],
16 silly audit   cliui: [ '8.0.1', '6.0.0' ],
16 silly audit   'cluster-key-slot': [ '1.1.1' ],
16 silly audit   'color-support': [ '1.1.3' ],
16 silly audit   colord: [ '2.9.3' ],
16 silly audit   colorette: [ '2.0.19' ],
16 silly audit   'combined-stream': [ '1.0.8' ],
16 silly audit   'command-exists': [ '1.2.9' ],
16 silly audit   commander: [ '10.0.1', '9.5.0', '6.2.1', '2.20.3' ],
16 silly audit   'comment-parser': [ '1.4.0' ],
16 silly audit   commist: [ '1.1.0' ],
16 silly audit   'compare-versions': [ '3.6.0' ],
16 silly audit   compressible: [ '2.0.18' ],
16 silly audit   compression: [ '1.7.4' ],
16 silly audit   'concat-map': [ '0.0.1' ],
16 silly audit   'concat-stream': [ '2.0.0' ],
16 silly audit   concurrently: [ '7.6.0' ],
16 silly audit   'console-control-strings': [ '1.1.0' ],
16 silly audit   'content-disposition': [ '0.5.4' ],
16 silly audit   'safe-buffer': [ '5.2.1', '5.1.2' ],
16 silly audit   'content-type': [ '1.0.5' ],
16 silly audit   'convert-source-map': [ '2.0.0' ],
16 silly audit   cookie: [ '0.4.2', '0.6.0' ],
16 silly audit   'cookie-signature': [ '1.0.6' ],
16 silly audit   'core-util-is': [ '1.0.3' ],
16 silly audit   cors: [ '2.8.5' ],
16 silly audit   cosmiconfig: [ '8.3.6' ],
16 silly audit   'cpu-features': [ '0.0.9' ],
16 silly audit   croner: [ '6.0.7' ],
16 silly audit   cronstrue: [ '2.24.0' ],
16 silly audit   'cross-env': [ '7.0.3' ],
16 silly audit   'cross-spawn': [ '7.0.3' ],
16 silly audit   'css-color-converter': [ '2.0.0' ],
16 silly audit   'css-functions-list': [ '3.2.1' ],
16 silly audit   'css-select': [ '5.1.0' ],
16 silly audit   'css-tree': [ '2.3.1' ],
16 silly audit   'css-unit-converter': [ '1.1.2' ],
16 silly audit   'css-what': [ '6.1.0' ],
16 silly audit   cssesc: [ '3.0.0' ],
16 silly audit   csstype: [ '3.1.3' ],
16 silly audit   'data-view-buffer': [ '1.0.1' ],
16 silly audit   'data-view-byte-length': [ '1.0.1' ],
16 silly audit   'data-view-byte-offset': [ '1.0.0' ],
16 silly audit   'date-fns': [ '2.30.0' ],
16 silly audit   dayjs: [ '1.11.10' ],
16 silly audit   decamelize: [ '5.0.1', '1.2.0' ],
16 silly audit   'decamelize-keys': [ '1.1.1' ],
16 silly audit   'map-obj': [ '1.0.1', '4.3.0' ],
16 silly audit   'decompress-response': [ '6.0.0' ],
16 silly audit   'mimic-response': [ '3.1.0', '4.0.0' ],
16 silly audit   'deep-is': [ '0.1.4' ],
16 silly audit   'default-browser': [ '5.2.1' ],
16 silly audit   'default-browser-id': [ '5.0.0' ],
16 silly audit   'defer-to-connect': [ '2.0.1' ],
16 silly audit   'define-data-property': [ '1.1.4' ],
16 silly audit   'define-lazy-prop': [ '2.0.0', '3.0.0' ],
16 silly audit   'define-properties': [ '1.2.1' ],
16 silly audit   delay: [ '5.0.0' ],
16 silly audit   'delayed-stream': [ '1.0.0' ],
16 silly audit   delegates: [ '1.0.0' ],
16 silly audit   denque: [ '2.1.0' ],
16 silly audit   depd: [ '2.0.0' ],
16 silly audit   deprecation: [ '2.3.1' ],
16 silly audit   destroy: [ '1.2.0' ],
16 silly audit   'detect-libc': [ '2.0.3' ],
16 silly audit   'dev-null': [ '0.1.1' ],
16 silly audit   dijkstrajs: [ '1.0.3' ],
16 silly audit   'dir-glob': [ '3.0.1' ],
16 silly audit   dns2: [ '2.0.5' ],
16 silly audit   doctrine: [ '3.0.0' ],
16 silly audit   'dom-serializer': [ '2.0.0' ],
16 silly audit   domelementtype: [ '2.3.0' ],
16 silly audit   domhandler: [ '5.0.3' ],
16 silly audit   dompurify: [ '2.4.9' ],
16 silly audit   domutils: [ '3.1.0' ],
16 silly audit   dotenv: [ '16.0.3' ],
16 silly audit   duplexify: [ '4.1.3' ],
16 silly audit   eastasianwidth: [ '0.2.0' ],
16 silly audit   'ecdsa-sig-formatter': [ '1.0.11' ],
16 silly audit   'ee-first': [ '1.1.1' ],
16 silly audit   'electron-to-chromium': [ '1.4.717' ],
16 silly audit   'encode-utf8': [ '1.0.3' ],
16 silly audit   encodeurl: [ '1.0.2' ],
16 silly audit   encoding: [ '0.1.13' ],
16 silly audit   'end-of-stream': [ '1.4.4' ],
16 silly audit   'engine.io': [ '6.4.2' ],
16 silly audit   'engine.io-client': [ '6.4.0' ],
16 silly audit   ws: [ '8.11.0', '7.5.9', '8.16.0' ],
16 silly audit   'engine.io-parser': [ '5.0.7' ],
16 silly audit   entities: [ '4.5.0' ],
16 silly audit   'env-paths': [ '2.2.1' ],
16 silly audit   'err-code': [ '2.0.3' ],
16 silly audit   'error-ex': [ '1.3.2' ],
16 silly audit   'error-stack-parser-es': [ '0.1.1' ],
16 silly audit   'es-abstract': [ '1.23.2' ],
16 silly audit   'es-aggregate-error': [ '1.0.13' ],
16 silly audit   'es-define-property': [ '1.0.0' ],
16 silly audit   'es-errors': [ '1.3.0' ],
16 silly audit   'es-object-atoms': [ '1.0.0' ],
16 silly audit   'es-set-tostringtag': [ '2.0.3' ],
16 silly audit   'es-to-primitive': [ '1.2.1' ],
16 silly audit   esbuild: [ '0.19.12' ],
16 silly audit   escalade: [ '3.1.2' ],
16 silly audit   'escape-html': [ '1.0.3' ],
16 silly audit   eslint: [ '8.14.0' ],
16 silly audit   'eslint-plugin-jsdoc': [ '46.4.6' ],
16 silly audit   'eslint-plugin-vue': [ '8.7.1' ],
16 silly audit   'eslint-scope': [ '7.2.2' ],
16 silly audit   'eslint-utils': [ '3.0.0' ],
16 silly audit   'eslint-visitor-keys': [ '2.1.0', '3.4.3' ],
16 silly audit   esm: [ '3.2.25' ],
16 silly audit   espree: [ '9.6.1' ],
16 silly audit   esquery: [ '1.5.0' ],
16 silly audit   esrecurse: [ '4.3.0' ],
16 silly audit   estraverse: [ '5.3.0' ],
16 silly audit   'estree-walker': [ '2.0.2' ],
16 silly audit   esutils: [ '2.0.3' ],
16 silly audit   etag: [ '1.8.1' ],
16 silly audit   'event-target-shim': [ '5.0.1' ],
16 silly audit   'event-to-promise': [ '0.7.0' ],
16 silly audit   events: [ '3.3.0' ],
16 silly audit   execa: [ '8.0.1' ],
16 silly audit   'get-stream': [ '8.0.1', '6.0.1' ],
16 silly audit   'is-stream': [ '3.0.0', '2.0.1' ],
16 silly audit   'signal-exit': [ '4.1.0', '3.0.7' ],
16 silly audit   express: [ '4.19.2' ],
16 silly audit   'express-basic-auth': [ '1.2.1' ],
16 silly audit   'express-static-gzip': [ '2.1.7' ],
16 silly audit   'fast-deep-equal': [ '3.1.3' ],
16 silly audit   'fast-glob': [ '3.3.2' ],
16 silly audit   'fast-json-stable-stringify': [ '2.1.0' ],
16 silly audit   'fast-levenshtein': [ '2.0.6' ],
16 silly audit   'fast-xml-parser': [ '4.2.5' ],
16 silly audit   'fastest-levenshtein': [ '1.0.16' ],
16 silly audit   fastfall: [ '1.5.1' ],
16 silly audit   fastparallel: [ '2.4.1' ],
16 silly audit   fastq: [ '1.17.1' ],
16 silly audit   fastseries: [ '2.0.0' ],
16 silly audit   'favico.js': [ '0.3.10' ],
16 silly audit   'file-entry-cache': [ '6.0.1', '7.0.2' ],
16 silly audit   'fill-range': [ '7.0.1' ],
16 silly audit   finalhandler: [ '1.2.0' ],
16 silly audit   'find-up': [ '5.0.0', '4.1.0' ],
16 silly audit   'flat-cache': [ '3.2.0' ],
16 silly audit   flatted: [ '3.3.1' ],
16 silly audit   'follow-redirects': [ '1.15.6' ],
16 silly audit   'for-each': [ '0.3.3' ],
16 silly audit   'foreground-child': [ '3.1.1' ],
16 silly audit   'form-data': [ '4.0.0' ],
16 silly audit   'form-data-encoder': [ '2.1.4' ],
16 silly audit   forwarded: [ '0.2.0' ],
16 silly audit   fresh: [ '0.5.2' ],
16 silly audit   from2: [ '2.3.0' ],
16 silly audit   'fs-extra': [ '10.1.0', '11.2.0' ],
16 silly audit   universalify: [ '2.0.1', '0.2.0' ],
16 silly audit   'fs-minipass': [ '2.1.0' ],
16 silly audit   'fs.realpath': [ '1.0.0' ],
16 silly audit   fsevents: [ '2.3.2', '2.3.3' ],
16 silly audit   'function-bind': [ '1.1.2' ],
16 silly audit   'function.prototype.name': [ '1.1.6' ],
16 silly audit   'functional-red-black-tree': [ '1.0.1' ],
16 silly audit   'functions-have-names': [ '1.2.3' ],
16 silly audit   gamedig: [ '4.3.1' ],
16 silly audit   gauge: [ '3.0.2', '4.0.4' ],
16 silly audit   gbxremote: [ '0.2.1' ],
16 silly audit   'generate-function': [ '2.3.1' ],
16 silly audit   'generic-pool': [ '3.9.0' ],
16 silly audit   gensync: [ '1.0.0-beta.2' ],
16 silly audit   'get-caller-file': [ '2.0.5' ],
16 silly audit   'get-intrinsic': [ '1.2.4' ],
16 silly audit   'get-package-type': [ '0.1.0' ],
16 silly audit   'get-port-please': [ '3.1.2' ],
16 silly audit   'get-symbol-description': [ '1.0.2' ],
16 silly audit   getopts: [ '2.3.0' ],
16 silly audit   glob: [ '7.2.3', '10.3.10' ],
16 silly audit   'global-modules': [ '2.0.0' ],
16 silly audit   'global-prefix': [ '3.0.0' ],
16 silly audit   which: [ '1.3.1', '2.0.2' ],
16 silly audit   globalthis: [ '1.0.3' ],
16 silly audit   globby: [ '11.1.0' ],
16 silly audit   globjoin: [ '0.1.4' ],
16 silly audit   gopd: [ '1.0.1' ],
16 silly audit   got: [ '12.6.1' ],
16 silly audit   'graceful-fs': [ '4.2.11' ],
16 silly audit   graphemer: [ '1.4.0' ],
16 silly audit   'hard-rejection': [ '2.1.0' ],
16 silly audit   'has-bigints': [ '1.0.2' ],
16 silly audit   'has-property-descriptors': [ '1.0.2' ],
16 silly audit   'has-proto': [ '1.0.3' ],
16 silly audit   'has-symbols': [ '1.0.3' ],
16 silly audit   'has-tostringtag': [ '1.0.2' ],
16 silly audit   'has-unicode': [ '2.0.1' ],
16 silly audit   hasown: [ '2.0.2' ],
16 silly audit   'help-me': [ '3.0.0' ],
16 silly audit   hoek: [ '6.1.3' ],
16 silly audit   hookable: [ '5.5.3' ],
16 silly audit   'hosted-git-info': [ '4.1.0' ],
16 silly audit   'html-escaper': [ '3.0.3' ],
16 silly audit   'html-tags': [ '3.3.1' ],
16 silly audit   htmlparser2: [ '8.0.2' ],
16 silly audit   'http-cache-semantics': [ '4.1.1' ],
16 silly audit   'http-cookie-agent': [ '5.0.4' ],
16 silly audit   'http-errors': [ '2.0.0' ],
16 silly audit   'http-graceful-shutdown': [ '3.1.13' ],
16 silly audit   'http2-wrapper': [ '2.2.1' ],
16 silly audit   'human-signals': [ '5.0.0' ],
16 silly audit   'humanize-ms': [ '1.2.1' ],
16 silly audit   hyperid: [ '3.2.0' ],
16 silly audit   ieee754: [ '1.2.1' ],
16 silly audit   ignore: [ '5.3.1' ],
16 silly audit   'import-fresh': [ '3.3.0' ],
16 silly audit   'import-lazy': [ '4.0.0' ],
16 silly audit   imurmurhash: [ '0.1.4' ],
16 silly audit   'indent-string': [ '4.0.0', '5.0.0' ],
16 silly audit   'infer-owner': [ '1.0.4' ],
16 silly audit   inflight: [ '1.0.6' ],
16 silly audit   inherits: [ '2.0.4' ],
16 silly audit   ini: [ '1.3.8' ],
16 silly audit   'internal-slot': [ '1.0.7' ],
16 silly audit   interpret: [ '2.2.0' ],
16 silly audit   'ip-address': [ '9.0.5' ],
16 silly audit   'ipaddr.js': [ '1.9.1' ],
16 silly audit   'is-array-buffer': [ '3.0.4' ],
16 silly audit   'is-arrayish': [ '0.2.1' ],
16 silly audit   'is-bigint': [ '1.0.4' ],
16 silly audit   'is-binary-path': [ '2.1.0' ],
16 silly audit   'is-boolean-object': [ '1.1.2' ],
16 silly audit   'is-builtin-module': [ '3.2.1' ],
16 silly audit   'is-callable': [ '1.2.7' ],
16 silly audit   'is-core-module': [ '2.13.1' ],
16 silly audit   'is-data-view': [ '1.0.1' ],
16 silly audit   'is-date-object': [ '1.0.5' ],
16 silly audit   'is-docker': [ '2.2.1', '3.0.0' ],
16 silly audit   'is-extglob': [ '2.1.1' ],
16 silly audit   'is-fullwidth-code-point': [ '3.0.0' ],
16 silly audit   'is-glob': [ '4.0.3' ],
16 silly audit   'is-inside-container': [ '1.0.0' ],
16 silly audit   'is-lambda': [ '1.0.1' ],
16 silly audit   'is-negative-zero': [ '2.0.3' ],
16 silly audit   'is-number': [ '7.0.0' ],
16 silly audit   'is-number-object': [ '1.0.7' ],
16 silly audit   'is-plain-obj': [ '1.1.0' ],
16 silly audit   'is-plain-object': [ '5.0.0' ],
16 silly audit   'is-property': [ '1.0.2' ],
16 silly audit   'is-regex': [ '1.1.4' ],
16 silly audit   'is-shared-array-buffer': [ '1.0.3' ],
16 silly audit   'is-string': [ '1.0.7' ],
16 silly audit   'is-symbol': [ '1.0.4' ],
16 silly audit   'is-typed-array': [ '1.1.13' ],
16 silly audit   'is-weakref': [ '1.0.2' ],
16 silly audit   'is-wsl': [ '2.2.0', '3.1.0' ],
16 silly audit   isemail: [ '3.2.0' ],
16 silly audit   isexe: [ '2.0.0' ],
16 silly audit   'isomorphic-ws': [ '5.0.0' ],
16 silly audit   jackspeak: [ '2.3.6' ],
16 silly audit   joi: [ '14.3.1', '17.12.2' ],
16 silly audit   jose: [ '4.15.5' ],
16 silly audit   'js-md4': [ '0.3.2' ],
16 silly audit   'js-sdsl': [ '4.3.0' ],
16 silly audit   'js-yaml': [ '4.1.0' ],
16 silly audit   jsbi: [ '4.3.0' ],
16 silly audit   jsbn: [ '1.1.0' ],
16 silly audit   'jsdoc-type-pratt-parser': [ '4.0.0' ],
16 silly audit   'json-buffer': [ '3.0.1' ],
16 silly audit   'json-parse-even-better-errors': [ '2.3.1' ],
16 silly audit   'json-schema-traverse': [ '0.4.1', '1.0.0' ],
16 silly audit   'json-stable-stringify-without-jsonify': [ '1.0.1' ],
16 silly audit   json5: [ '2.2.3' ],
16 silly audit   jsonata: [ '2.0.4' ],
16 silly audit   jsonfile: [ '6.1.0' ],
16 silly audit   jsonwebtoken: [ '9.0.2' ],
16 silly audit   'just-performance': [ '4.3.0' ],
16 silly audit   'jwt-decode': [ '3.1.2' ],
16 silly audit   kafkajs: [ '2.2.4' ],
16 silly audit   keyv: [ '4.5.4' ],
16 silly audit   'kind-of': [ '6.0.3' ],
16 silly audit   knex: [ '2.5.1', '2.4.2' ],
16 silly audit   'pg-connection-string': [ '2.6.1', '2.6.2', '2.5.0' ],
16 silly audit   'resolve-from': [ '5.0.0', '4.0.0' ],
16 silly audit   'known-css-properties': [ '0.29.0' ],
16 silly audit   kolorist: [ '1.8.0' ],
16 silly audit   leven: [ '2.1.0' ],
16 silly audit   levn: [ '0.4.1' ],
16 silly audit   limiter: [ '2.1.0' ],
16 silly audit   'lines-and-columns': [ '1.2.4' ],
16 silly audit   liquidjs: [ '10.10.2' ],
16 silly audit   'locate-path': [ '6.0.0', '5.0.0' ],
16 silly audit   lodash: [ '4.17.21' ],
16 silly audit   'lodash.camelcase': [ '4.3.0' ],
16 silly audit   'lodash.get': [ '4.4.2' ],
16 silly audit   'lodash.includes': [ '4.3.0' ],
16 silly audit   'lodash.isboolean': [ '3.0.3' ],
16 silly audit   'lodash.isinteger': [ '4.0.4' ],
16 silly audit   'lodash.isnumber': [ '3.0.3' ],
16 silly audit   'lodash.isplainobject': [ '4.0.6' ],
16 silly audit   'lodash.isstring': [ '4.0.1' ],
16 silly audit   'lodash.merge': [ '4.6.2' ],
16 silly audit   'lodash.once': [ '4.1.1' ],
16 silly audit   'lodash.truncate': [ '4.4.2' ],
16 silly audit   long: [ '5.2.3' ],
16 silly audit   'lowercase-keys': [ '3.0.0' ],
16 silly audit   'magic-string': [ '0.30.8' ],
16 silly audit   'make-dir': [ '3.1.0' ],
16 silly audit   'make-fetch-happen': [ '9.1.0' ],
16 silly audit   marked: [ '4.2.12' ],
16 silly audit   'mathml-tag-names': [ '2.1.3' ],
16 silly audit   'mdn-data': [ '2.0.30' ],
16 silly audit   'media-typer': [ '0.3.0' ],
16 silly audit   'memory-pager': [ '1.5.0' ],
16 silly audit   meow: [ '10.1.5' ],
16 silly audit   merge: [ '2.1.1' ],
16 silly audit   'merge-descriptors': [ '1.0.1' ],
16 silly audit   'merge-stream': [ '2.0.0' ],
16 silly audit   merge2: [ '1.4.1' ],
16 silly audit   methods: [ '1.1.2' ],
16 silly audit   micromatch: [ '4.0.5' ],
16 silly audit   mime: [ '1.6.0' ],
16 silly audit   'mime-db': [ '1.52.0' ],
16 silly audit   'mime-types': [ '2.1.35' ],
16 silly audit   'mimic-fn': [ '4.0.0' ],
16 silly audit   'min-indent': [ '1.0.1' ],
16 silly audit   minimist: [ '1.2.8' ],
16 silly audit   'minimist-options': [ '4.1.0' ],
16 silly audit   minipass: [ '3.3.6', '7.0.4', '5.0.0' ],
16 silly audit   'minipass-collect': [ '1.0.2' ],
16 silly audit   'minipass-fetch': [ '1.4.1' ],
16 silly audit   'minipass-flush': [ '1.0.5' ],
16 silly audit   'minipass-pipeline': [ '1.2.4' ],
16 silly audit   'minipass-sized': [ '1.0.3' ],
16 silly audit   minizlib: [ '2.1.2' ],
16 silly audit   mitt: [ '3.0.1' ],
16 silly audit   mkdirp: [ '1.0.4' ],
16 silly audit   mongodb: [ '4.17.2' ],
16 silly audit   'mongodb-connection-string-url': [ '2.6.0' ],
16 silly audit   tr46: [ '3.0.0', '0.0.3', '4.1.1' ],
16 silly audit   'whatwg-url': [ '11.0.0', '5.0.0', '12.0.1' ],
16 silly audit   mqemitter: [ '4.5.0' ],
16 silly audit   mqtt: [ '4.3.8' ],
16 silly audit   mrmime: [ '2.0.0' ],
16 silly audit   mssql: [ '8.1.4' ],
16 silly audit   mysql2: [ '3.6.5' ],
16 silly audit   'named-placeholders': [ '1.1.3' ],
16 silly audit   nan: [ '2.19.0' ],
16 silly audit   nanoid: [ '3.3.7' ],
16 silly audit   'native-duplexpair': [ '1.0.0' ],
16 silly audit   'natural-compare': [ '1.4.0' ],
16 silly audit   negotiator: [ '0.6.3' ],
16 silly audit   'node-abort-controller': [ '3.1.1' ],
16 silly audit   'node-addon-api': [ '4.3.0' ],
16 silly audit   'node-cloudflared-tunnel': [ '1.0.10' ],
16 silly audit   'node-fetch': [ '2.7.0' ],
16 silly audit   'webidl-conversions': [ '3.0.1', '7.0.0' ],
16 silly audit   'node-gyp': [ '8.4.1' ],
16 silly audit   npmlog: [ '6.0.2', '5.0.1' ],
16 silly audit   'node-radius-client': [ '1.0.0' ],
16 silly audit   'node-radius-utils': [ '1.2.0' ],
16 silly audit   'node-releases': [ '2.0.14' ],
16 silly audit   'node-ssh': [ '13.1.0' ],
16 silly audit   nodemailer: [ '6.9.13' ],
16 silly audit   nopt: [ '5.0.0' ],
16 silly audit   'normalize-package-data': [ '3.0.3' ],
16 silly audit   'normalize-path': [ '3.0.0' ],
16 silly audit   'normalize-url': [ '8.0.1' ],
16 silly audit   'nostr-tools': [ '1.17.0' ],
16 silly audit   notp: [ '2.0.3' ],
16 silly audit   'npm-run-path': [ '5.3.0' ],
16 silly audit   'path-key': [ '4.0.0', '3.1.1' ],
16 silly audit   'nth-check': [ '2.1.1' ],
16 silly audit   'number-allocator': [ '1.0.14' ],
16 silly audit   'object-assign': [ '4.1.1' ],
16 silly audit   'object-hash': [ '2.2.0' ],
16 silly audit   'object-inspect': [ '1.13.1' ],
16 silly audit   'object-keys': [ '1.1.1' ],
16 silly audit   'object.assign': [ '4.1.5' ],
16 silly audit   'oidc-token-hash': [ '5.0.3' ],
16 silly audit   'on-finished': [ '2.4.1' ],
16 silly audit   'on-headers': [ '1.0.2' ],
16 silly audit   once: [ '1.4.0' ],
16 silly audit   onetime: [ '6.0.0' ],
16 silly audit   open: [ '8.4.2', '10.1.0' ],
16 silly audit   'openid-client': [ '5.6.5' ],
16 silly audit   optionator: [ '0.9.3' ],
16 silly audit   'p-cancelable': [ '3.0.0' ],
16 silly audit   'p-limit': [ '3.1.0', '2.3.0' ],
16 silly audit   'p-locate': [ '5.0.0', '4.1.0' ],
16 silly audit   'p-map': [ '4.0.0' ],
16 silly audit   'p-try': [ '2.2.0' ],
16 silly audit   'packet-reader': [ '1.0.0' ],
16 silly audit   'parent-module': [ '1.0.1' ],
16 silly audit   'parse-json': [ '5.2.0' ],
16 silly audit   parse5: [ '7.1.2' ],
16 silly audit   'parse5-htmlparser2-tree-adapter': [ '7.0.0' ],
16 silly audit   parseurl: [ '1.3.3' ],
16 silly audit   'password-hash': [ '1.2.2' ],
16 silly audit   'path-exists': [ '4.0.0' ],
16 silly audit   'path-is-absolute': [ '1.0.1' ],
16 silly audit   'path-parse': [ '1.0.7' ],
16 silly audit   'path-scurry': [ '1.10.1' ],
16 silly audit   'path-to-regexp': [ '0.1.7' ],
16 silly audit   'path-type': [ '4.0.0' ],
16 silly audit   pathe: [ '1.1.2' ],
16 silly audit   'perfect-debounce': [ '1.0.0' ],
16 silly audit   pg: [ '8.11.3' ],
16 silly audit   'pg-cloudflare': [ '1.1.1' ],
16 silly audit   'pg-int8': [ '1.0.1' ],
16 silly audit   'pg-pool': [ '3.6.1' ],
16 silly audit   'pg-protocol': [ '1.6.0' ],
16 silly audit   'pg-types': [ '2.2.0' ],
16 silly audit   pgpass: [ '1.0.5' ],
16 silly audit   split2: [ '4.2.0', '3.2.2' ],
16 silly audit   picocolors: [ '1.0.0' ],
16 silly audit   picomatch: [ '2.3.1' ],
16 silly audit   pkginfo: [ '0.4.1' ],
16 silly audit   playwright: [ '1.39.0' ],
16 silly audit   'playwright-core': [ '1.39.0' ],
16 silly audit   pngjs: [ '5.0.0' ],
16 silly audit   'possible-typed-array-names': [ '1.0.0' ],
16 silly audit   postcss: [ '8.4.38' ],
16 silly audit   'postcss-html': [ '1.5.0' ],
16 silly audit   'postcss-resolve-nested-selector': [ '0.1.1' ],
16 silly audit   'postcss-rtlcss': [ '3.7.2' ],
16 silly audit   'postcss-safe-parser': [ '6.0.0' ],
16 silly audit   'postcss-scss': [ '4.0.9' ],
16 silly audit   'postcss-selector-parser': [ '6.0.16' ],
16 silly audit   'postcss-value-parser': [ '4.2.0' ],
16 silly audit   'postgres-array': [ '2.0.0' ],
16 silly audit   'postgres-bytea': [ '1.0.0' ],
16 silly audit   'postgres-date': [ '1.0.7' ],
16 silly audit   'postgres-interval': [ '1.2.0' ],
16 silly audit   'prelude-ls': [ '1.2.1' ],
16 silly audit   prismjs: [ '1.29.0' ],
16 silly audit   process: [ '0.11.10' ],
16 silly audit   'process-nextick-args': [ '2.0.1' ],
16 silly audit   'prom-client': [ '13.2.0' ],
16 silly audit   'prometheus-api-metrics': [ '3.2.2' ],
16 silly audit   'promise-inflight': [ '1.0.1' ],
16 silly audit   'promise-retry': [ '2.0.1' ],
16 silly audit   'promisify-child-process': [ '4.1.2' ],
16 silly audit   protobufjs: [ '7.2.6' ],
16 silly audit   'proxy-addr': [ '2.0.7' ],
16 silly audit   'proxy-from-env': [ '1.1.0' ],
16 silly audit   psl: [ '1.9.0' ],
16 silly audit   pump: [ '3.0.0' ],
16 silly audit   punycode: [ '2.3.1' ],
16 silly audit   qlobber: [ '5.0.3' ],
16 silly audit   qrcode: [ '1.5.3' ],
16 silly audit   y18n: [ '4.0.3', '5.0.8' ],
16 silly audit   yargs: [ '15.4.1', '17.7.2' ],
16 silly audit   'yargs-parser': [ '18.1.3', '20.2.9', '21.1.1' ],
16 silly audit   querystringify: [ '2.2.0' ],
16 silly audit   'queue-microtask': [ '1.2.3' ],
16 silly audit   'quick-lru': [ '5.1.1' ],
16 silly audit   radius: [ '1.1.4' ],
16 silly audit   'range-parser': [ '1.2.1' ],
16 silly audit   'raw-body': [ '2.5.2' ],
16 silly audit   'read-pkg': [ '6.0.0' ],
16 silly audit   'read-pkg-up': [ '8.0.0' ],
16 silly audit   readdirp: [ '3.6.0' ],
16 silly audit   rechoir: [ '0.8.0' ],
16 silly audit   'redbean-node': [ '0.3.3' ],
16 silly audit   redent: [ '4.0.0' ],
16 silly audit   redis: [ '4.5.1' ],
16 silly audit   'regexp.prototype.flags': [ '1.5.2' ],
16 silly audit   regexpp: [ '3.2.0' ],
16 silly audit   reinterval: [ '1.1.0' ],
16 silly audit   'require-directory': [ '2.1.1' ],
16 silly audit   'require-from-string': [ '2.0.2' ],
16 silly audit   'require-main-filename': [ '2.0.0' ],
16 silly audit   'requires-port': [ '1.0.0' ],
16 silly audit   resolve: [ '1.22.8' ],
16 silly audit   'resolve-alpn': [ '1.2.1' ],
16 silly audit   responselike: [ '3.0.0' ],
16 silly audit   retimer: [ '3.0.0' ],
16 silly audit   retry: [ '0.12.0' ],
16 silly audit   reusify: [ '1.0.4' ],
16 silly audit   rfdc: [ '1.3.1' ],
16 silly audit   rimraf: [ '3.0.2' ],
16 silly audit   rollup: [ '4.13.0' ],
16 silly audit   'rollup-plugin-visualizer': [ '5.12.0' ],
16 silly audit   rtlcss: [ '3.5.0' ],
16 silly audit   'run-applescript': [ '7.0.0' ],
16 silly audit   'run-parallel': [ '1.2.0' ],
16 silly audit   rxjs: [ '7.8.1' ],
16 silly audit   'safe-array-concat': [ '1.1.2' ],
16 silly audit   'safe-regex-test': [ '1.0.3' ],
16 silly audit   'safer-buffer': [ '2.1.2' ],
16 silly audit   sass: [ '1.42.1' ],
16 silly audit   sax: [ '1.2.4' ],
16 silly audit   'sb-promise-queue': [ '2.1.0' ],
16 silly audit   'sb-scandir': [ '3.1.0' ],
16 silly audit   'seek-bzip': [ '2.0.0' ],
16 silly audit   send: [ '0.18.0' ],
16 silly audit   'seq-queue': [ '0.0.5' ],
16 silly audit   'serve-static': [ '1.15.0' ],
16 silly audit   'set-blocking': [ '2.0.0' ],
16 silly audit   'set-function-length': [ '1.2.2' ],
16 silly audit   'set-function-name': [ '2.0.2' ],
16 silly audit   setprototypeof: [ '1.2.0' ],
16 silly audit   'shebang-command': [ '2.0.0' ],
16 silly audit   'shebang-regex': [ '3.0.0' ],
16 silly audit   'shell-escape': [ '0.2.0' ],
16 silly audit   'shell-quote': [ '1.8.1' ],
16 silly audit   'side-channel': [ '1.0.6' ],
16 silly audit   sirv: [ '2.0.4' ],
16 silly audit   slash: [ '3.0.0' ],
16 silly audit   'slice-ansi': [ '4.0.0' ],
16 silly audit   'smart-buffer': [ '4.2.0' ],
16 silly audit   'socket.io': [ '4.6.2' ],
16 silly audit   'socket.io-adapter': [ '2.5.4' ],
16 silly audit   'socket.io-client': [ '4.6.2' ],
16 silly audit   'socket.io-parser': [ '4.2.4' ],
16 silly audit   socks: [ '2.8.1' ],
16 silly audit   'socks-proxy-agent': [ '6.1.1' ],
16 silly audit   sortablejs: [ '1.14.0' ],
16 silly audit   'source-map-js': [ '1.2.0' ],
16 silly audit   'source-map-support': [ '0.5.21' ],
16 silly audit   'sparse-bitfield': [ '3.0.3' ],
16 silly audit   'spawn-command': [ '0.0.2-1' ],
16 silly audit   'spdx-correct': [ '3.2.0' ],
16 silly audit   'spdx-exceptions': [ '2.5.0' ],
16 silly audit   'spdx-expression-parse': [ '3.0.1' ],
16 silly audit   'spdx-license-ids': [ '3.0.17' ],
16 silly audit   speakingurl: [ '14.0.1' ],
16 silly audit   'sprintf-js': [ '1.1.3' ],
16 silly audit   sqlstring: [ '2.3.3' ],
16 silly audit   ssh2: [ '1.15.0' ],
16 silly audit   ssri: [ '8.0.1' ],
16 silly audit   statuses: [ '2.0.1' ],
16 silly audit   stoppable: [ '1.1.0' ],
16 silly audit   'stream-shift': [ '1.0.3' ],
16 silly audit   'string-to-stream': [ '1.1.1' ],
16 silly audit   'string.prototype.replaceall': [ '1.0.10' ],
16 silly audit   'string.prototype.trim': [ '1.2.9' ],
16 silly audit   'string.prototype.trimend': [ '1.0.8' ],
16 silly audit   'string.prototype.trimstart': [ '1.0.8' ],
16 silly audit   'strip-final-newline': [ '3.0.0' ],
16 silly audit   'strip-indent': [ '4.0.0' ],
16 silly audit   'strip-json-comments': [ '3.1.1' ],
16 silly audit   strnum: [ '1.0.5' ],
16 silly audit   'style-search': [ '0.1.0' ],
16 silly audit   stylelint: [ '15.11.0' ],
16 silly audit   'stylelint-config-recommended': [ '7.0.0' ],
16 silly audit   'stylelint-config-standard': [ '25.0.0' ],
16 silly audit   'supports-hyperlinks': [ '3.0.0' ],
16 silly audit   'supports-preserve-symlinks-flag': [ '1.0.0' ],
16 silly audit   'svg-tags': [ '1.0.0' ],
16 silly audit   table: [ '6.8.1' ],
16 silly audit   tar: [ '6.1.15' ],
16 silly audit   tarn: [ '3.0.2' ],
16 silly audit   'tcp-ping': [ '0.1.1' ],
16 silly audit   tdigest: [ '0.1.2' ],
16 silly audit   tedious: [ '14.7.0' ],
16 silly audit   terser: [ '5.15.1' ],
16 silly audit   test: [ '3.3.0' ],
16 silly audit   'text-table': [ '0.2.0' ],
16 silly audit   'thirty-two': [ '1.0.2' ],
16 silly audit   tildify: [ '2.0.0' ],
16 silly audit   'to-fast-properties': [ '2.0.0' ],
16 silly audit   'to-regex-range': [ '5.0.1' ],
16 silly audit   toidentifier: [ '1.0.1' ],
16 silly audit   topo: [ '3.0.3' ],
16 silly audit   totalist: [ '3.0.1' ],
16 silly audit   'tough-cookie': [ '4.1.3' ],
16 silly audit   'tree-kill': [ '1.2.2' ],
16 silly audit   'trim-newlines': [ '4.1.1' ],
16 silly audit   'ts-api-utils': [ '1.3.0' ],
16 silly audit   tunnel: [ '0.0.6' ],
16 silly audit   tweetnacl: [ '0.14.5' ],
16 silly audit   'type-check': [ '0.4.0' ],
16 silly audit   'type-is': [ '1.6.18' ],
16 silly audit   'typed-array-buffer': [ '1.0.2' ],
16 silly audit   'typed-array-byte-length': [ '1.0.1' ],
16 silly audit   'typed-array-byte-offset': [ '1.0.2' ],
16 silly audit   'typed-array-length': [ '1.0.6' ],
16 silly audit   typedarray: [ '0.0.6' ],
16 silly audit   typescript: [ '4.4.4' ],
16 silly audit   'unbox-primitive': [ '1.0.2' ],
16 silly audit   underscore: [ '1.13.6' ],
16 silly audit   undici: [ '5.28.3' ],
16 silly audit   'undici-types': [ '5.26.5' ],
16 silly audit   'unique-filename': [ '1.1.1' ],
16 silly audit   'unique-slug': [ '2.0.2' ],
16 silly audit   'universal-user-agent': [ '6.0.1' ],
16 silly audit   unpipe: [ '1.0.0' ],
16 silly audit   'update-browserslist-db': [ '1.0.13' ],
16 silly audit   'uri-js': [ '4.4.1' ],
16 silly audit   'url-parse': [ '1.5.10' ],
16 silly audit   'util-deprecate': [ '1.0.2' ],
16 silly audit   'utils-merge': [ '1.0.1' ],
16 silly audit   uuid: [ '8.3.2' ],
16 silly audit   'uuid-parse': [ '1.1.0' ],
16 silly audit   'v-pagination-3': [ '0.1.7' ],
16 silly audit   'v8-compile-cache': [ '2.4.0' ],
16 silly audit   'validate-npm-package-license': [ '3.0.4' ],
16 silly audit   varint: [ '6.0.0' ],
16 silly audit   vary: [ '1.1.2' ],
16 silly audit   vite: [ '5.0.13' ],
16 silly audit   'vite-hot-client': [ '0.2.3' ],
16 silly audit   'vite-plugin-compression': [ '0.5.1' ],
16 silly audit   'vite-plugin-inspect': [ '0.8.3' ],
16 silly audit   'vite-plugin-vue-devtools': [ '7.0.21' ],
16 silly audit   'vite-plugin-vue-inspector': [ '4.0.2' ],
16 silly audit   vue: [ '3.4.21' ],
16 silly audit   'vue-chartjs': [ '5.2.0' ],
16 silly audit   'vue-confirm-dialog': [ '1.0.2' ],
16 silly audit   'vue-contenteditable': [ '3.0.4' ],
16 silly audit   'vue-demi': [ '0.12.5' ],
16 silly audit   'vue-eslint-parser': [ '8.3.0' ],
16 silly audit   'vue-i18n': [ '9.2.2' ],
16 silly audit   'vue-image-crop-upload': [ '3.0.3' ],
16 silly audit   'vue-multiselect': [ '3.0.0-beta.3' ],
16 silly audit   'vue-prism-editor': [ '2.0.0-alpha.2' ],
16 silly audit   'vue-qrcode': [ '1.0.1' ],
16 silly audit   'vue-router': [ '4.2.5' ],
16 silly audit   'vue-toastification': [ '2.0.0-rc.5' ],
16 silly audit   vuedraggable: [ '4.1.0' ],
16 silly audit   'wait-on': [ '7.2.0' ],
16 silly audit   'which-boxed-primitive': [ '1.0.2' ],
16 silly audit   'which-module': [ '2.0.1' ],
16 silly audit   'which-typed-array': [ '1.1.15' ],
16 silly audit   'wide-align': [ '1.1.5' ],
16 silly audit   wrappy: [ '1.0.2' ],
16 silly audit   'write-file-atomic': [ '5.0.1' ],
16 silly audit   xmlbuilder: [ '8.2.2' ],
16 silly audit   'xmlhttprequest-ssl': [ '2.0.0' ],
16 silly audit   xmlrpc: [ '1.3.2' ],
16 silly audit   xtend: [ '4.0.2' ],
16 silly audit   'yocto-queue': [ '0.1.0' ]
16 silly audit }
17 verbose reify failed optional dependency /home/geenloop/uptime-kuma/node_modules/fsevents
18 silly reify mark deleted [ '/home/geenloop/uptime-kuma/node_modules/fsevents' ]
19 verbose reify failed optional dependency /home/geenloop/uptime-kuma/node_modules/@rollup/rollup-win32-x64-msvc
20 silly reify mark deleted [
20 silly reify   '/home/geenloop/uptime-kuma/node_modules/@rollup/rollup-win32-x64-msvc'
20 silly reify ]
21 verbose reify failed optional dependency /home/geenloop/uptime-kuma/node_modules/@rollup/rollup-win32-ia32-msvc
22 silly reify mark deleted [
22 silly reify   '/home/geenloop/uptime-kuma/node_modules/@rollup/rollup-win32-ia32-msvc'
22 silly reify ]
23 verbose reify failed optional dependency /home/geenloop/uptime-kuma/node_modules/@rollup/rollup-win32-arm64-msvc
24 silly reify mark deleted [
24 silly reify   '/home/geenloop/uptime-kuma/node_modules/@rollup/rollup-win32-arm64-msvc'
24 silly reify ]
25 verbose reify failed optional dependency /home/geenloop/uptime-kuma/node_modules/@rollup/rollup-linux-riscv64-gnu
26 silly reify mark deleted [
26 silly reify   '/home/geenloop/uptime-kuma/node_modules/@rollup/rollup-linux-riscv64-gnu'
26 silly reify ]
27 verbose reify failed optional dependency /home/geenloop/uptime-kuma/node_modules/@rollup/rollup-linux-arm64-musl
28 silly reify mark deleted [
28 silly reify   '/home/geenloop/uptime-kuma/node_modules/@rollup/rollup-linux-arm64-musl'
28 silly reify ]
29 verbose reify failed optional dependency /home/geenloop/uptime-kuma/node_modules/@rollup/rollup-linux-arm64-gnu
30 silly reify mark deleted [
30 silly reify   '/home/geenloop/uptime-kuma/node_modules/@rollup/rollup-linux-arm64-gnu'
30 silly reify ]
31 verbose reify failed optional dependency /home/geenloop/uptime-kuma/node_modules/@rollup/rollup-linux-arm-gnueabihf
32 silly reify mark deleted [
32 silly reify   '/home/geenloop/uptime-kuma/node_modules/@rollup/rollup-linux-arm-gnueabihf'
32 silly reify ]
33 verbose reify failed optional dependency /home/geenloop/uptime-kuma/node_modules/@rollup/rollup-darwin-x64
34 silly reify mark deleted [ '/home/geenloop/uptime-kuma/node_modules/@rollup/rollup-darwin-x64' ]
35 verbose reify failed optional dependency /home/geenloop/uptime-kuma/node_modules/@rollup/rollup-darwin-arm64
36 silly reify mark deleted [
36 silly reify   '/home/geenloop/uptime-kuma/node_modules/@rollup/rollup-darwin-arm64'
36 silly reify ]
37 verbose reify failed optional dependency /home/geenloop/uptime-kuma/node_modules/@rollup/rollup-android-arm64
38 silly reify mark deleted [
38 silly reify   '/home/geenloop/uptime-kuma/node_modules/@rollup/rollup-android-arm64'
38 silly reify ]
39 verbose reify failed optional dependency /home/geenloop/uptime-kuma/node_modules/@rollup/rollup-android-arm-eabi
40 silly reify mark deleted [
40 silly reify   '/home/geenloop/uptime-kuma/node_modules/@rollup/rollup-android-arm-eabi'
40 silly reify ]
41 verbose reify failed optional dependency /home/geenloop/uptime-kuma/node_modules/@esbuild/win32-x64
42 silly reify mark deleted [ '/home/geenloop/uptime-kuma/node_modules/@esbuild/win32-x64' ]
43 verbose reify failed optional dependency /home/geenloop/uptime-kuma/node_modules/@esbuild/win32-ia32
44 silly reify mark deleted [ '/home/geenloop/uptime-kuma/node_modules/@esbuild/win32-ia32' ]
45 verbose reify failed optional dependency /home/geenloop/uptime-kuma/node_modules/@esbuild/win32-arm64
46 silly reify mark deleted [ '/home/geenloop/uptime-kuma/node_modules/@esbuild/win32-arm64' ]
47 verbose reify failed optional dependency /home/geenloop/uptime-kuma/node_modules/@esbuild/sunos-x64
48 silly reify mark deleted [ '/home/geenloop/uptime-kuma/node_modules/@esbuild/sunos-x64' ]
49 verbose reify failed optional dependency /home/geenloop/uptime-kuma/node_modules/@esbuild/openbsd-x64
50 silly reify mark deleted [ '/home/geenloop/uptime-kuma/node_modules/@esbuild/openbsd-x64' ]
51 verbose reify failed optional dependency /home/geenloop/uptime-kuma/node_modules/@esbuild/netbsd-x64
52 silly reify mark deleted [ '/home/geenloop/uptime-kuma/node_modules/@esbuild/netbsd-x64' ]
53 verbose reify failed optional dependency /home/geenloop/uptime-kuma/node_modules/@esbuild/linux-s390x
54 silly reify mark deleted [ '/home/geenloop/uptime-kuma/node_modules/@esbuild/linux-s390x' ]
55 verbose reify failed optional dependency /home/geenloop/uptime-kuma/node_modules/@esbuild/linux-riscv64
56 silly reify mark deleted [ '/home/geenloop/uptime-kuma/node_modules/@esbuild/linux-riscv64' ]
57 verbose reify failed optional dependency /home/geenloop/uptime-kuma/node_modules/@esbuild/linux-ppc64
58 silly reify mark deleted [ '/home/geenloop/uptime-kuma/node_modules/@esbuild/linux-ppc64' ]
59 verbose reify failed optional dependency /home/geenloop/uptime-kuma/node_modules/@esbuild/linux-mips64el
60 silly reify mark deleted [ '/home/geenloop/uptime-kuma/node_modules/@esbuild/linux-mips64el' ]
61 verbose reify failed optional dependency /home/geenloop/uptime-kuma/node_modules/@esbuild/linux-loong64
62 silly reify mark deleted [ '/home/geenloop/uptime-kuma/node_modules/@esbuild/linux-loong64' ]
63 verbose reify failed optional dependency /home/geenloop/uptime-kuma/node_modules/@esbuild/linux-ia32
64 silly reify mark deleted [ '/home/geenloop/uptime-kuma/node_modules/@esbuild/linux-ia32' ]
65 verbose reify failed optional dependency /home/geenloop/uptime-kuma/node_modules/@esbuild/linux-arm64
66 silly reify mark deleted [ '/home/geenloop/uptime-kuma/node_modules/@esbuild/linux-arm64' ]
67 verbose reify failed optional dependency /home/geenloop/uptime-kuma/node_modules/@esbuild/linux-arm
68 silly reify mark deleted [ '/home/geenloop/uptime-kuma/node_modules/@esbuild/linux-arm' ]
69 verbose reify failed optional dependency /home/geenloop/uptime-kuma/node_modules/@esbuild/freebsd-x64
70 silly reify mark deleted [ '/home/geenloop/uptime-kuma/node_modules/@esbuild/freebsd-x64' ]
71 verbose reify failed optional dependency /home/geenloop/uptime-kuma/node_modules/@esbuild/freebsd-arm64
72 silly reify mark deleted [ '/home/geenloop/uptime-kuma/node_modules/@esbuild/freebsd-arm64' ]
73 verbose reify failed optional dependency /home/geenloop/uptime-kuma/node_modules/@esbuild/darwin-x64
74 silly reify mark deleted [ '/home/geenloop/uptime-kuma/node_modules/@esbuild/darwin-x64' ]
75 verbose reify failed optional dependency /home/geenloop/uptime-kuma/node_modules/@esbuild/darwin-arm64
76 silly reify mark deleted [ '/home/geenloop/uptime-kuma/node_modules/@esbuild/darwin-arm64' ]
77 verbose reify failed optional dependency /home/geenloop/uptime-kuma/node_modules/@esbuild/android-x64
78 silly reify mark deleted [ '/home/geenloop/uptime-kuma/node_modules/@esbuild/android-x64' ]
79 verbose reify failed optional dependency /home/geenloop/uptime-kuma/node_modules/@esbuild/android-arm64
80 silly reify mark deleted [ '/home/geenloop/uptime-kuma/node_modules/@esbuild/android-arm64' ]
81 verbose reify failed optional dependency /home/geenloop/uptime-kuma/node_modules/@esbuild/android-arm
82 silly reify mark deleted [ '/home/geenloop/uptime-kuma/node_modules/@esbuild/android-arm' ]
83 verbose reify failed optional dependency /home/geenloop/uptime-kuma/node_modules/@esbuild/aix-ppc64
84 silly reify mark deleted [ '/home/geenloop/uptime-kuma/node_modules/@esbuild/aix-ppc64' ]
85 verbose reify failed optional dependency /home/geenloop/uptime-kuma/node_modules/vite/node_modules/fsevents
86 silly reify mark deleted [
86 silly reify   '/home/geenloop/uptime-kuma/node_modules/vite/node_modules/fsevents'
86 silly reify ]
87 info run cpu-features@0.0.9 install node_modules/cpu-features node buildcheck.js > buildcheck.gypi && node-gyp rebuild
88 http fetch POST 200 https://registry.npmjs.org/-/npm/v1/security/advisories/bulk 490ms
89 silly audit report {
89 silly audit report   '@azure/identity': [
89 silly audit report     {
89 silly audit report       id: 1097650,
89 silly audit report       url: 'https://github.com/advisories/GHSA-m5vv-6r4h-3vj9',
89 silly audit report       title: 'Azure Identity Libraries and Microsoft Authentication Library Elevation of Privilege Vulnerability',
89 silly audit report       severity: 'moderate',
89 silly audit report       vulnerable_versions: '<4.2.1',
89 silly audit report       cwe: [Array],
89 silly audit report       cvss: [Object]
89 silly audit report     }
89 silly audit report   ],
89 silly audit report   '@grpc/grpc-js': [
89 silly audit report     {
89 silly audit report       id: 1097546,
89 silly audit report       url: 'https://github.com/advisories/GHSA-7v5v-9h63-cj86',
89 silly audit report       title: '@grpc/grpc-js can allocate memory for incoming messages well above configured limits',
89 silly audit report       severity: 'moderate',
89 silly audit report       vulnerable_versions: '<1.8.22',
89 silly audit report       cwe: [Array],
89 silly audit report       cvss: [Object]
89 silly audit report     }
89 silly audit report   ],
89 silly audit report   axios: [
89 silly audit report     {
89 silly audit report       id: 1097679,
89 silly audit report       url: 'https://github.com/advisories/GHSA-wf5p-g6vw-rhxx',
89 silly audit report       title: 'Axios Cross-Site Request Forgery Vulnerability',
89 silly audit report       severity: 'moderate',
89 silly audit report       vulnerable_versions: '>=0.8.1 <0.28.0',
89 silly audit report       cwe: [Array],
89 silly audit report       cvss: [Object]
89 silly audit report     }
89 silly audit report   ],
89 silly audit report   braces: [
89 silly audit report     {
89 silly audit report       id: 1097496,
89 silly audit report       url: 'https://github.com/advisories/GHSA-grv7-fg5c-xmjg',
89 silly audit report       title: 'Uncontrolled resource consumption in braces',
89 silly audit report       severity: 'high',
89 silly audit report       vulnerable_versions: '<3.0.3',
89 silly audit report       cwe: [Array],
89 silly audit report       cvss: [Object]
89 silly audit report     }
89 silly audit report   ],
89 silly audit report   ws: [
89 silly audit report     {
89 silly audit report       id: 1097615,
89 silly audit report       url: 'https://github.com/advisories/GHSA-3h5v-q93c-6h6q',
89 silly audit report       title: 'ws affected by a DoS when handling a request with many HTTP headers',
89 silly audit report       severity: 'high',
89 silly audit report       vulnerable_versions: '>=8.0.0 <8.17.1',
89 silly audit report       cwe: [Array],
89 silly audit report       cvss: [Object]
89 silly audit report     },
89 silly audit report     {
89 silly audit report       id: 1097616,
89 silly audit report       url: 'https://github.com/advisories/GHSA-3h5v-q93c-6h6q',
89 silly audit report       title: 'ws affected by a DoS when handling a request with many HTTP headers',
89 silly audit report       severity: 'high',
89 silly audit report       vulnerable_versions: '>=7.0.0 <7.5.10',
89 silly audit report       cwe: [Array],
89 silly audit report       cvss: [Object]
89 silly audit report     }
89 silly audit report   ],
89 silly audit report   hoek: [
89 silly audit report     {
89 silly audit report       id: 1096410,
89 silly audit report       url: 'https://github.com/advisories/GHSA-c429-5p7v-vgjp',
89 silly audit report       title: 'hoek subject to prototype pollution via the clone function.',
89 silly audit report       severity: 'high',
89 silly audit report       vulnerable_versions: '<=6.1.3',
89 silly audit report       cwe: [Array],
89 silly audit report       cvss: [Object]
89 silly audit report     }
89 silly audit report   ],
89 silly audit report   mysql2: [
89 silly audit report     {
89 silly audit report       id: 1096970,
89 silly audit report       url: 'https://github.com/advisories/GHSA-fpw7-j2hg-69v5',
89 silly audit report       title: 'mysql2 Remote Code Execution (RCE) via the readCodeFor function',
89 silly audit report       severity: 'critical',
89 silly audit report       vulnerable_versions: '<3.9.4',
89 silly audit report       cwe: [Array],
89 silly audit report       cvss: [Object]
89 silly audit report     },
89 silly audit report     {
89 silly audit report       id: 1096971,
89 silly audit report       url: 'https://github.com/advisories/GHSA-49j4-86m8-q2jw',
89 silly audit report       title: 'mysql2 vulnerable to Prototype Poisoning',
89 silly audit report       severity: 'moderate',
89 silly audit report       vulnerable_versions: '<3.9.4',
89 silly audit report       cwe: [Array],
89 silly audit report       cvss: [Object]
89 silly audit report     },
89 silly audit report     {
89 silly audit report       id: 1096972,
89 silly audit report       url: 'https://github.com/advisories/GHSA-mqr2-w7wj-jjgr',
89 silly audit report       title: 'mysql2 cache poisoning vulnerability',
89 silly audit report       severity: 'moderate',
89 silly audit report       vulnerable_versions: '<3.9.3',
89 silly audit report       cwe: [Array],
89 silly audit report       cvss: [Object]
89 silly audit report     },
89 silly audit report     {
89 silly audit report       id: 1097180,
89 silly audit report       url: 'https://github.com/advisories/GHSA-4rch-2fh8-94vw',
89 silly audit report       title: 'MySQL2 for Node Arbitrary Code Injection',
89 silly audit report       severity: 'critical',
89 silly audit report       vulnerable_versions: '<3.9.7',
89 silly audit report       cwe: [Array],
89 silly audit report       cvss: [Object]
89 silly audit report     },
89 silly audit report     {
89 silly audit report       id: 1097488,
89 silly audit report       url: 'https://github.com/advisories/GHSA-pmh2-wpjm-fj45',
89 silly audit report       title: 'mysql2 vulnerable to Prototype Pollution',
89 silly audit report       severity: 'high',
89 silly audit report       vulnerable_versions: '<3.9.8',
89 silly audit report       cwe: [Array],
89 silly audit report       cvss: [Object]
89 silly audit report     }
89 silly audit report   ],
89 silly audit report   tar: [
89 silly audit report     {
89 silly audit report       id: 1097493,
89 silly audit report       url: 'https://github.com/advisories/GHSA-f5x3-32g6-xq36',
89 silly audit report       title: 'Denial of service while parsing a tar file due to lack of folders count validation',
89 silly audit report       severity: 'moderate',
89 silly audit report       vulnerable_versions: '<6.2.1',
89 silly audit report       cwe: [Array],
89 silly audit report       cvss: [Object]
89 silly audit report     }
89 silly audit report   ],
89 silly audit report   undici: [
89 silly audit report     {
89 silly audit report       id: 1097109,
89 silly audit report       url: 'https://github.com/advisories/GHSA-m4v8-wqvr-p9f7',
89 silly audit report       title: "Undici's Proxy-Authorization header not cleared on cross-origin redirect for dispatch, request, stream, pipeline",
89 silly audit report       severity: 'low',
89 silly audit report       vulnerable_versions: '<5.28.4',
89 silly audit report       cwe: [Array],
89 silly audit report       cvss: [Object]
89 silly audit report     },
89 silly audit report     {
89 silly audit report       id: 1097200,
89 silly audit report       url: 'https://github.com/advisories/GHSA-9qxr-qj54-h672',
89 silly audit report       title: "Undici's fetch with integrity option is too lax when algorithm is specified but hash value is in incorrect",
89 silly audit report       severity: 'low',
89 silly audit report       vulnerable_versions: '<5.28.4',
89 silly audit report       cwe: [Array],
89 silly audit report       cvss: [Object]
89 silly audit report     }
89 silly audit report   ]
89 silly audit report }
90 http fetch GET 200 https://registry.npmjs.org/@grpc%2fgrpc-js 206ms (cache revalidated)
91 http fetch GET 200 https://registry.npmjs.org/ws 229ms (cache revalidated)
92 http fetch GET 200 https://registry.npmjs.org/axios 245ms (cache revalidated)
93 http fetch GET 200 https://registry.npmjs.org/braces 287ms (cache revalidated)
94 http fetch GET 200 https://registry.npmjs.org/tar 279ms (cache revalidated)
95 http fetch GET 200 https://registry.npmjs.org/mysql2 305ms (cache revalidated)
96 http fetch GET 200 https://registry.npmjs.org/hoek 322ms (cache revalidated)
97 http fetch GET 200 https://registry.npmjs.org/undici 316ms (cache revalidated)
98 http fetch GET 200 https://registry.npmjs.org/@azure%2fidentity 370ms (cache revalidated)
99 http fetch GET 200 https://registry.npmjs.org/tedious 68ms (cache revalidated)
100 http fetch GET 200 https://registry.npmjs.org/axios-ntlm 581ms (cache revalidated)
101 http fetch GET 200 https://registry.npmjs.org/chokidar 144ms (cache revalidated)
102 http fetch GET 200 https://registry.npmjs.org/micromatch 164ms (cache revalidated)
103 http fetch GET 200 https://registry.npmjs.org/engine.io 103ms (cache revalidated)
104 http fetch GET 200 https://registry.npmjs.org/socket.io-adapter 118ms (cache revalidated)
105 http fetch GET 200 https://registry.npmjs.org/engine.io-client 138ms (cache revalidated)
106 http fetch GET 200 https://registry.npmjs.org/mqtt 64ms (cache revalidated)
107 http fetch GET 200 https://registry.npmjs.org/topo 93ms (cache revalidated)
108 http fetch GET 200 https://registry.npmjs.org/joi 97ms (cache revalidated)
109 http fetch GET 200 https://registry.npmjs.org/node-gyp 74ms (cache revalidated)
110 http fetch GET 200 https://registry.npmjs.org/cacache 96ms (cache revalidated)
111 http fetch GET 200 https://registry.npmjs.org/@mapbox%2fnode-pre-gyp 160ms (cache revalidated)
112 http fetch GET 200 https://registry.npmjs.org/@louislam%2fsqlite3 178ms (cache revalidated)
113 http fetch GET 200 https://registry.npmjs.org/@actions%2fhttp-client 107ms (cache revalidated)
114 http fetch GET 200 https://registry.npmjs.org/mssql 540ms (cache revalidated)
115 http fetch GET 200 https://registry.npmjs.org/socket.io 52ms (cache revalidated)
116 http fetch GET 200 https://registry.npmjs.org/socket.io-client 95ms (cache revalidated)
117 http fetch GET 200 https://registry.npmjs.org/node-radius-client 107ms (cache revalidated)
118 info run cpu-features@0.0.9 install { code: 1, signal: null }
119 verbose reify failed optional dependency /home/geenloop/uptime-kuma/node_modules/cpu-features
120 silly reify mark deleted [ '/home/geenloop/uptime-kuma/node_modules/cpu-features' ]
121 verbose reify failed optional dependency /home/geenloop/uptime-kuma/node_modules/buildcheck
122 silly reify mark deleted [ '/home/geenloop/uptime-kuma/node_modules/buildcheck' ]
123 verbose reify failed optional dependency /home/geenloop/uptime-kuma/node_modules/nan
124 silly reify mark deleted [ '/home/geenloop/uptime-kuma/node_modules/nan' ]
125 silly ADD
126 silly ADD
127 silly ADD
128 silly ADD
129 silly ADD
130 silly ADD
131 silly ADD
132 silly ADD
133 silly ADD
134 silly ADD
135 silly ADD
136 silly ADD
137 silly ADD
138 silly ADD
139 silly ADD
140 silly ADD
141 silly ADD
142 silly ADD
143 silly ADD
144 silly ADD
145 silly ADD
146 silly ADD
147 silly ADD
148 silly ADD
149 silly ADD
150 silly ADD
151 silly ADD
152 silly ADD
153 silly ADD
154 silly ADD
155 silly ADD
156 silly ADD
157 silly ADD
158 silly ADD
159 silly ADD
160 silly ADD
161 silly ADD
162 silly ADD
163 verbose exit 0
164 info ok
