0 verbose cli /usr/bin/node /usr/bin/npm
1 info using npm@10.7.0
2 info using node@v20.15.0
3 silly config:load:file:/usr/lib/node_modules/npm/npmrc
4 silly config:load:file:/home/geenloop/.cache/typescript/5.2/.npmrc
5 silly config:load:file:/home/geenloop/.npmrc
6 silly config:load:file:/usr/etc/npmrc
7 verbose title npm install @types/chardet@ts5.2 @types/cheerio@ts5.2
8 verbose argv "install" "--ignore-scripts" "@types/chardet@ts5.2" "@types/cheerio@ts5.2" "--save-dev" "--user-agent" "typesInstaller/5.2.2"
9 verbose logfile logs-max:10 dir:/home/geenloop/.npm/_logs/2024-07-02T13_33_08_819Z-
10 verbose logfile /home/geenloop/.npm/_logs/2024-07-02T13_33_08_819Z-debug-0.log
11 silly logfile start cleaning logs, removing 2 files
12 silly logfile done cleaning log files
13 http fetch GET 200 https://registry.npmjs.org/@types%2fcheerio 273ms (cache miss)
14 http fetch GET 200 https://registry.npmjs.org/@types%2fchardet 1296ms (cache miss)
15 silly idealTree buildDeps
16 silly fetch manifest @types/cheerio@0.22.35
17 silly fetch manifest @types/chardet@0.8.3
18 silly placeDep ROOT @types/chardet@0.8.3 OK for:  want: 0.8.3
19 silly placeDep ROOT @types/cheerio@0.22.35 OK for:  want: 0.22.35
20 silly reify moves {}
21 silly audit bulk request {
21 silly audit   '@popperjs/core': [ '2.11.8' ],
21 silly audit   '@types/bcryptjs': [ '2.4.6' ],
21 silly audit   '@types/body-parser': [ '1.19.5' ],
21 silly audit   '@types/bootstrap': [ '5.2.10' ],
21 silly audit   '@types/chroma-js': [ '2.4.4' ],
21 silly audit   '@types/command-exists': [ '1.2.3' ],
21 silly audit   '@types/compression': [ '1.7.5' ],
21 silly audit   '@types/connect': [ '3.4.38' ],
21 silly audit   '@types/core-js': [ '2.5.8' ],
21 silly audit   '@types/debug': [ '4.1.12' ],
21 silly audit   '@types/dns2': [ '2.0.9' ],
21 silly audit   '@types/dompurify': [ '3.0.5' ],
21 silly audit   '@types/eslint': [ '8.56.10' ],
21 silly audit   '@types/estree': [ '1.0.5' ],
21 silly audit   '@types/express': [ '4.17.21' ],
21 silly audit   '@types/express-serve-static-core': [ '4.19.5' ],
21 silly audit   '@types/favico.js': [ '0.0.32' ],
21 silly audit   '@types/gamedig': [ '5.0.3' ],
21 silly audit   '@types/hoek': [ '4.1.7' ],
21 silly audit   '@types/html-escaper': [ '3.0.2' ],
21 silly audit   '@types/http-errors': [ '2.0.4' ],
21 silly audit   '@types/jsesc': [ '3.0.3' ],
21 silly audit   '@types/json-schema': [ '7.0.15' ],
21 silly audit   '@types/jsonwebtoken': [ '9.0.6' ],
21 silly audit   '@types/lodash': [ '4.17.6' ],
21 silly audit   '@types/mime': [ '1.3.5' ],
21 silly audit   '@types/ms': [ '0.7.34' ],
21 silly audit   '@types/mssql': [ '9.1.5' ],
21 silly audit   '@types/node': [ '20.14.9' ],
21 silly audit   '@types/nodemailer': [ '6.4.15' ],
21 silly audit   '@types/notp': [ '2.0.5' ],
21 silly audit   '@types/password-hash': [ '1.2.24' ],
21 silly audit   '@types/pg': [ '8.11.6' ],
21 silly audit   '@types/postcss-html': [ '1.5.3' ],
21 silly audit   '@types/prismjs': [ '1.26.4' ],
21 silly audit   '@types/qrcode': [ '1.5.5' ],
21 silly audit   '@types/qs': [ '6.9.15' ],
21 silly audit   '@types/radius': [ '0.0.33' ],
21 silly audit   '@types/range-parser': [ '1.2.7' ],
21 silly audit   '@types/rollup-plugin-visualizer': [ '4.2.4' ],
21 silly audit   '@types/semver': [ '7.5.8' ],
21 silly audit   '@types/send': [ '0.17.4' ],
21 silly audit   '@types/serve-static': [ '1.15.7' ],
21 silly audit   '@types/sqlite3': [ '3.1.11' ],
21 silly audit   '@types/ssh2-streams': [ '0.1.12' ],
21 silly audit   '@types/supports-color': [ '8.1.3' ],
21 silly audit   '@types/tar': [ '6.1.13' ],
21 silly audit   '@types/tcp-ping': [ '0.1.5' ],
21 silly audit   '@types/tedious': [ '4.0.14' ],
21 silly audit   '@types/tough-cookie': [ '4.0.5' ],
21 silly audit   '@types/trusted-types': [ '2.0.7' ],
21 silly audit   '@types/wait-on': [ '5.3.4' ],
21 silly audit   '@types/webidl-conversions': [ '7.0.3' ],
21 silly audit   '@types/whatwg-url': [ '11.0.5' ],
21 silly audit   '@types/ws': [ '8.5.10' ],
21 silly audit   fsevents: [ '2.3.3' ],
21 silly audit   minipass: [ '4.2.8' ],
21 silly audit   nanoid: [ '3.3.7' ],
21 silly audit   obuf: [ '1.1.2' ],
21 silly audit   'pg-int8': [ '1.0.1' ],
21 silly audit   'pg-numeric': [ '1.0.2' ],
21 silly audit   'pg-protocol': [ '1.6.1' ],
21 silly audit   'pg-types': [ '4.0.2' ],
21 silly audit   picocolors: [ '1.0.1' ],
21 silly audit   postcss: [ '8.4.39' ],
21 silly audit   'postgres-array': [ '3.0.2' ],
21 silly audit   'postgres-bytea': [ '3.0.0' ],
21 silly audit   'postgres-date': [ '2.1.0' ],
21 silly audit   'postgres-interval': [ '3.0.0' ],
21 silly audit   'postgres-range': [ '1.1.4' ],
21 silly audit   rollup: [ '2.79.1' ],
21 silly audit   'source-map-js': [ '1.2.0' ],
21 silly audit   tarn: [ '3.0.2' ],
21 silly audit   'types-registry': [ '0.1.685' ],
21 silly audit   'undici-types': [ '5.26.5' ],
21 silly audit   '@types/chardet': [ '0.8.3' ],
21 silly audit   '@types/cheerio': [ '0.22.35' ]
21 silly audit }
22 verbose reify failed optional dependency /home/geenloop/.cache/typescript/5.2/node_modules/fsevents
23 silly reify mark deleted [ '/home/geenloop/.cache/typescript/5.2/node_modules/fsevents' ]
24 silly tarball no local data for @types/cheerio@https://registry.npmjs.org/@types/cheerio/-/cheerio-0.22.35.tgz. Extracting by manifest.
25 silly tarball no local data for @types/chardet@https://registry.npmjs.org/@types/chardet/-/chardet-0.8.3.tgz. Extracting by manifest.
26 http fetch POST 200 https://registry.npmjs.org/-/npm/v1/security/advisories/bulk 224ms
27 silly audit report {}
28 http fetch GET 200 https://registry.npmjs.org/@types/cheerio/-/cheerio-0.22.35.tgz 263ms (cache miss)
29 http fetch GET 200 https://registry.npmjs.org/@types/chardet/-/chardet-0.8.3.tgz 375ms (cache miss)
30 silly ADD node_modules/@types/cheerio
31 silly ADD node_modules/@types/chardet
32 silly ADD
33 verbose exit 0
34 info ok
