0 verbose cli /usr/bin/node /usr/bin/npm
1 info using npm@10.7.0
2 info using node@v20.15.0
3 silly config:load:file:/usr/lib/node_modules/npm/npmrc
4 silly config:load:file:/home/geenloop/.cache/typescript/5.2/.npmrc
5 silly config:load:file:/home/geenloop/.npmrc
6 silly config:load:file:/usr/etc/npmrc
7 verbose title npm install types-registry@latest
8 verbose argv "install" "--ignore-scripts" "types-registry@latest"
9 verbose logfile logs-max:10 dir:/home/geenloop/.npm/_logs/2024-07-02T10_52_15_445Z-
10 verbose logfile /home/geenloop/.npm/_logs/2024-07-02T10_52_15_445Z-debug-0.log
11 silly logfile start cleaning logs, removing 1 files
12 silly logfile done cleaning log files
13 http fetch GET 200 https://registry.npmjs.org/types-registry 267ms (cache revalidated)
14 silly idealTree buildDeps
15 silly fetch manifest types-registry@0.1.685
16 silly placeDep ROOT types-registry@0.1.685 REPLACE for:  want: 0.1.685
17 silly reify moves {}
18 silly audit bulk request {
18 silly audit   '@popperjs/core': [ '2.11.8' ],
18 silly audit   '@types/bcryptjs': [ '2.4.6' ],
18 silly audit   '@types/body-parser': [ '1.19.5' ],
18 silly audit   '@types/bootstrap': [ '5.2.10' ],
18 silly audit   '@types/chroma-js': [ '2.4.4' ],
18 silly audit   '@types/command-exists': [ '1.2.3' ],
18 silly audit   '@types/compression': [ '1.7.5' ],
18 silly audit   '@types/connect': [ '3.4.38' ],
18 silly audit   '@types/core-js': [ '2.5.8' ],
18 silly audit   '@types/debug': [ '4.1.12' ],
18 silly audit   '@types/dns2': [ '2.0.9' ],
18 silly audit   '@types/dompurify': [ '3.0.5' ],
18 silly audit   '@types/eslint': [ '8.56.10' ],
18 silly audit   '@types/estree': [ '1.0.5' ],
18 silly audit   '@types/express': [ '4.17.21' ],
18 silly audit   '@types/express-serve-static-core': [ '4.19.5' ],
18 silly audit   '@types/favico.js': [ '0.0.32' ],
18 silly audit   '@types/gamedig': [ '5.0.3' ],
18 silly audit   '@types/hoek': [ '4.1.7' ],
18 silly audit   '@types/html-escaper': [ '3.0.2' ],
18 silly audit   '@types/http-errors': [ '2.0.4' ],
18 silly audit   '@types/jsesc': [ '3.0.3' ],
18 silly audit   '@types/json-schema': [ '7.0.15' ],
18 silly audit   '@types/jsonwebtoken': [ '9.0.6' ],
18 silly audit   '@types/lodash': [ '4.17.6' ],
18 silly audit   '@types/mime': [ '1.3.5' ],
18 silly audit   '@types/ms': [ '0.7.34' ],
18 silly audit   '@types/mssql': [ '9.1.5' ],
18 silly audit   '@types/node': [ '20.14.9' ],
18 silly audit   '@types/nodemailer': [ '6.4.15' ],
18 silly audit   '@types/notp': [ '2.0.5' ],
18 silly audit   '@types/password-hash': [ '1.2.24' ],
18 silly audit   '@types/pg': [ '8.11.6' ],
18 silly audit   '@types/postcss-html': [ '1.5.3' ],
18 silly audit   '@types/prismjs': [ '1.26.4' ],
18 silly audit   '@types/qrcode': [ '1.5.5' ],
18 silly audit   '@types/qs': [ '6.9.15' ],
18 silly audit   '@types/radius': [ '0.0.33' ],
18 silly audit   '@types/range-parser': [ '1.2.7' ],
18 silly audit   '@types/rollup-plugin-visualizer': [ '4.2.4' ],
18 silly audit   '@types/semver': [ '7.5.8' ],
18 silly audit   '@types/send': [ '0.17.4' ],
18 silly audit   '@types/serve-static': [ '1.15.7' ],
18 silly audit   '@types/sqlite3': [ '3.1.11' ],
18 silly audit   '@types/ssh2-streams': [ '0.1.12' ],
18 silly audit   '@types/supports-color': [ '8.1.3' ],
18 silly audit   '@types/tar': [ '6.1.13' ],
18 silly audit   '@types/tcp-ping': [ '0.1.5' ],
18 silly audit   '@types/tedious': [ '4.0.14' ],
18 silly audit   '@types/tough-cookie': [ '4.0.5' ],
18 silly audit   '@types/trusted-types': [ '2.0.7' ],
18 silly audit   '@types/wait-on': [ '5.3.4' ],
18 silly audit   '@types/webidl-conversions': [ '7.0.3' ],
18 silly audit   '@types/whatwg-url': [ '11.0.5' ],
18 silly audit   '@types/ws': [ '8.5.10' ],
18 silly audit   fsevents: [ '2.3.3' ],
18 silly audit   minipass: [ '4.2.8' ],
18 silly audit   nanoid: [ '3.3.7' ],
18 silly audit   obuf: [ '1.1.2' ],
18 silly audit   'pg-int8': [ '1.0.1' ],
18 silly audit   'pg-numeric': [ '1.0.2' ],
18 silly audit   'pg-protocol': [ '1.6.1' ],
18 silly audit   'pg-types': [ '4.0.2' ],
18 silly audit   picocolors: [ '1.0.1' ],
18 silly audit   postcss: [ '8.4.39' ],
18 silly audit   'postgres-array': [ '3.0.2' ],
18 silly audit   'postgres-bytea': [ '3.0.0' ],
18 silly audit   'postgres-date': [ '2.1.0' ],
18 silly audit   'postgres-interval': [ '3.0.0' ],
18 silly audit   'postgres-range': [ '1.1.4' ],
18 silly audit   rollup: [ '2.79.1' ],
18 silly audit   'source-map-js': [ '1.2.0' ],
18 silly audit   tarn: [ '3.0.2' ],
18 silly audit   'undici-types': [ '5.26.5' ],
18 silly audit   'types-registry': [ '0.1.685' ]
18 silly audit }
19 verbose reify failed optional dependency /home/geenloop/.cache/typescript/5.2/node_modules/fsevents
20 silly reify mark deleted [ '/home/geenloop/.cache/typescript/5.2/node_modules/fsevents' ]
21 http fetch POST 200 https://registry.npmjs.org/-/npm/v1/security/advisories/bulk 212ms
22 silly audit report {}
23 silly ADD
24 verbose exit 0
25 info ok
