2024-07-02 10:38:23.874 [info] Extension host with pid 31331 started
2024-07-02 10:38:23.894 [info] Lock '/home/geenloop/.local/share/code-server/User/workspaceStorage/3c6d983/vscode.lock': Lock acquired.
2024-07-02 10:38:23.975 [info] ExtensionService#_doActivateExtension vscode.emmet, startup: false, activationEvent: 'onLanguage'
2024-07-02 10:38:23.978 [info] ExtensionService#_doActivateExtension vscode.git-base, startup: false, activationEvent: 'onLanguage:git-commit'
2024-07-02 10:38:24.128 [info] ExtensionService#_doActivateExtension vscode.git, startup: true, activationEvent: '*'
2024-07-02 10:38:24.128 [info] ExtensionService#_doActivateExtension vscode.github, startup: true, activationEvent: '*'
2024-07-02 10:38:24.701 [info] Eager extensions activated
2024-07-02 10:38:24.702 [info] ExtensionService#_doActivateExtension vscode.debug-auto-launch, startup: false, activationEvent: 'onStartupFinished'
2024-07-02 10:38:24.703 [info] ExtensionService#_doActivateExtension vscode.merge-conflict, startup: false, activationEvent: 'onStartupFinished'
2024-07-02 10:38:25.552 [info] ExtensionService#_doActivateExtension vscode.github-authentication, startup: false, activationEvent: 'onAuthenticationRequest:github'
2024-07-02 10:38:31.908 [info] ExtensionService#_doActivateExtension vscode.extension-editing, startup: false, activationEvent: 'onLanguage:json'
2024-07-02 10:38:31.908 [info] ExtensionService#_doActivateExtension vscode.json-language-features, startup: false, activationEvent: 'onLanguage:json'
2024-07-02 10:38:31.910 [info] ExtensionService#_doActivateExtension vscode.npm, startup: false, activationEvent: 'onLanguage:json'
2024-07-02 10:38:32.667 [info] ExtensionService#_doActivateExtension vscode.typescript-language-features, startup: false, activationEvent: 'onLanguage:jsonc'
2024-07-02 10:40:04.723 [info] ExtensionService#_doActivateExtension ms-vscode.js-debug, startup: false, activationEvent: 'onCommand:extension.js-debug.createDebuggerTerminal'
2024-07-02 10:40:06.395 [info] ExtensionService#_doActivateExtension vscode.debug-server-ready, startup: false, activationEvent: 'onDebugResolve'
2024-07-02 10:41:25.571 [info] ExtensionService#_doActivateExtension vscode.tunnel-forwarding, startup: false, activationEvent: 'onTunnel'
2024-07-02 10:52:14.536 [info] ExtensionService#_doActivateExtension ms-azuretools.vscode-docker, startup: false, activationEvent: 'onLanguage:dockercompose'
2024-07-02 12:10:09.505 [info] ExtensionService#_doActivateExtension vscode.simple-browser, startup: false, activationEvent: 'onOpenExternalUri:https'
2024-07-02 13:24:48.137 [error] Error: Repository not initialized
	at k.db (/tmp/code-server/lib/code-server-4.19.1/lib/vscode/extensions/git/dist/main.js:2:1384534)
	at k.checkIgnore (/tmp/code-server/lib/code-server-4.19.1/lib/vscode/extensions/git/dist/main.js:2:1382149)
	at c.g (/tmp/code-server/lib/code-server-4.19.1/lib/vscode/extensions/git/dist/main.js:2:1265640)
	at Timeout._onTimeout (/tmp/code-server/lib/code-server-4.19.1/lib/vscode/extensions/git/dist/main.js:2:1268861)
	at listOnTimeout (node:internal/timers:569:17)
	at process.processTimers (node:internal/timers:512:7)
2024-07-02 13:24:48.137 [error] Error: Repository not initialized
	at k.db (/tmp/code-server/lib/code-server-4.19.1/lib/vscode/extensions/git/dist/main.js:2:1384534)
	at k.checkIgnore (/tmp/code-server/lib/code-server-4.19.1/lib/vscode/extensions/git/dist/main.js:2:1382149)
	at c.g (/tmp/code-server/lib/code-server-4.19.1/lib/vscode/extensions/git/dist/main.js:2:1265640)
	at Timeout._onTimeout (/tmp/code-server/lib/code-server-4.19.1/lib/vscode/extensions/git/dist/main.js:2:1268861)
	at listOnTimeout (node:internal/timers:569:17)
	at process.processTimers (node:internal/timers:512:7)
2024-07-02 13:24:48.137 [error] Error: Repository not initialized
	at k.db (/tmp/code-server/lib/code-server-4.19.1/lib/vscode/extensions/git/dist/main.js:2:1384534)
	at k.checkIgnore (/tmp/code-server/lib/code-server-4.19.1/lib/vscode/extensions/git/dist/main.js:2:1382149)
	at c.g (/tmp/code-server/lib/code-server-4.19.1/lib/vscode/extensions/git/dist/main.js:2:1265640)
	at Timeout._onTimeout (/tmp/code-server/lib/code-server-4.19.1/lib/vscode/extensions/git/dist/main.js:2:1268861)
	at listOnTimeout (node:internal/timers:569:17)
	at process.processTimers (node:internal/timers:512:7)
2024-07-02 13:24:48.137 [error] Error: Repository not initialized
	at k.db (/tmp/code-server/lib/code-server-4.19.1/lib/vscode/extensions/git/dist/main.js:2:1384534)
	at k.checkIgnore (/tmp/code-server/lib/code-server-4.19.1/lib/vscode/extensions/git/dist/main.js:2:1382149)
	at c.g (/tmp/code-server/lib/code-server-4.19.1/lib/vscode/extensions/git/dist/main.js:2:1265640)
	at Timeout._onTimeout (/tmp/code-server/lib/code-server-4.19.1/lib/vscode/extensions/git/dist/main.js:2:1268861)
	at listOnTimeout (node:internal/timers:569:17)
	at process.processTimers (node:internal/timers:512:7)
2024-07-02 13:24:48.138 [error] Error: Repository not initialized
	at k.db (/tmp/code-server/lib/code-server-4.19.1/lib/vscode/extensions/git/dist/main.js:2:1384534)
	at k.checkIgnore (/tmp/code-server/lib/code-server-4.19.1/lib/vscode/extensions/git/dist/main.js:2:1382149)
	at c.g (/tmp/code-server/lib/code-server-4.19.1/lib/vscode/extensions/git/dist/main.js:2:1265640)
	at Timeout._onTimeout (/tmp/code-server/lib/code-server-4.19.1/lib/vscode/extensions/git/dist/main.js:2:1268861)
	at listOnTimeout (node:internal/timers:569:17)
	at process.processTimers (node:internal/timers:512:7)
2024-07-02 13:24:48.138 [error] Error: Repository not initialized
	at k.db (/tmp/code-server/lib/code-server-4.19.1/lib/vscode/extensions/git/dist/main.js:2:1384534)
	at k.checkIgnore (/tmp/code-server/lib/code-server-4.19.1/lib/vscode/extensions/git/dist/main.js:2:1382149)
	at c.g (/tmp/code-server/lib/code-server-4.19.1/lib/vscode/extensions/git/dist/main.js:2:1265640)
	at Timeout._onTimeout (/tmp/code-server/lib/code-server-4.19.1/lib/vscode/extensions/git/dist/main.js:2:1268861)
	at listOnTimeout (node:internal/timers:569:17)
	at process.processTimers (node:internal/timers:512:7)
2024-07-02 13:24:49.140 [error] Error: Repository not initialized
	at k.db (/tmp/code-server/lib/code-server-4.19.1/lib/vscode/extensions/git/dist/main.js:2:1384534)
	at k.checkIgnore (/tmp/code-server/lib/code-server-4.19.1/lib/vscode/extensions/git/dist/main.js:2:1382149)
	at c.g (/tmp/code-server/lib/code-server-4.19.1/lib/vscode/extensions/git/dist/main.js:2:1265640)
	at Timeout._onTimeout (/tmp/code-server/lib/code-server-4.19.1/lib/vscode/extensions/git/dist/main.js:2:1268861)
	at listOnTimeout (node:internal/timers:569:17)
	at process.processTimers (node:internal/timers:512:7)
2024-07-02 13:24:49.149 [error] Error: Repository not initialized
	at k.db (/tmp/code-server/lib/code-server-4.19.1/lib/vscode/extensions/git/dist/main.js:2:1384534)
	at k.checkIgnore (/tmp/code-server/lib/code-server-4.19.1/lib/vscode/extensions/git/dist/main.js:2:1382149)
	at c.g (/tmp/code-server/lib/code-server-4.19.1/lib/vscode/extensions/git/dist/main.js:2:1265640)
	at Timeout._onTimeout (/tmp/code-server/lib/code-server-4.19.1/lib/vscode/extensions/git/dist/main.js:2:1268861)
	at listOnTimeout (node:internal/timers:569:17)
	at process.processTimers (node:internal/timers:512:7)
2024-07-02 13:24:49.150 [error] Error: Repository not initialized
	at k.db (/tmp/code-server/lib/code-server-4.19.1/lib/vscode/extensions/git/dist/main.js:2:1384534)
	at k.checkIgnore (/tmp/code-server/lib/code-server-4.19.1/lib/vscode/extensions/git/dist/main.js:2:1382149)
	at c.g (/tmp/code-server/lib/code-server-4.19.1/lib/vscode/extensions/git/dist/main.js:2:1265640)
	at Timeout._onTimeout (/tmp/code-server/lib/code-server-4.19.1/lib/vscode/extensions/git/dist/main.js:2:1268861)
	at listOnTimeout (node:internal/timers:569:17)
	at process.processTimers (node:internal/timers:512:7)
2024-07-02 13:24:49.151 [error] Error: Repository not initialized
	at k.db (/tmp/code-server/lib/code-server-4.19.1/lib/vscode/extensions/git/dist/main.js:2:1384534)
	at k.checkIgnore (/tmp/code-server/lib/code-server-4.19.1/lib/vscode/extensions/git/dist/main.js:2:1382149)
	at c.g (/tmp/code-server/lib/code-server-4.19.1/lib/vscode/extensions/git/dist/main.js:2:1265640)
	at Timeout._onTimeout (/tmp/code-server/lib/code-server-4.19.1/lib/vscode/extensions/git/dist/main.js:2:1268861)
	at listOnTimeout (node:internal/timers:569:17)
	at process.processTimers (node:internal/timers:512:7)
2024-07-02 13:24:49.152 [error] Error: Repository not initialized
	at k.db (/tmp/code-server/lib/code-server-4.19.1/lib/vscode/extensions/git/dist/main.js:2:1384534)
	at k.checkIgnore (/tmp/code-server/lib/code-server-4.19.1/lib/vscode/extensions/git/dist/main.js:2:1382149)
	at c.g (/tmp/code-server/lib/code-server-4.19.1/lib/vscode/extensions/git/dist/main.js:2:1265640)
	at Timeout._onTimeout (/tmp/code-server/lib/code-server-4.19.1/lib/vscode/extensions/git/dist/main.js:2:1268861)
	at listOnTimeout (node:internal/timers:569:17)
	at process.processTimers (node:internal/timers:512:7)
2024-07-02 13:24:49.153 [error] Error: Repository not initialized
	at k.db (/tmp/code-server/lib/code-server-4.19.1/lib/vscode/extensions/git/dist/main.js:2:1384534)
	at k.checkIgnore (/tmp/code-server/lib/code-server-4.19.1/lib/vscode/extensions/git/dist/main.js:2:1382149)
	at c.g (/tmp/code-server/lib/code-server-4.19.1/lib/vscode/extensions/git/dist/main.js:2:1265640)
	at Timeout._onTimeout (/tmp/code-server/lib/code-server-4.19.1/lib/vscode/extensions/git/dist/main.js:2:1268861)
	at listOnTimeout (node:internal/timers:569:17)
	at process.processTimers (node:internal/timers:512:7)
2024-07-02 13:25:51.563 [info] ExtensionService#_doActivateExtension vscode.markdown-language-features, startup: false, activationEvent: 'onLanguage:markdown'
2024-07-02 13:25:52.712 [info] ExtensionService#_doActivateExtension vscode.markdown-math, startup: false, activationEvent: 'api', root cause: vscode.markdown-language-features
2024-07-02 20:52:52.668 [info] Extension host terminating: renderer disconnected for too long (1)
2024-07-02 20:52:52.676 [info] Lock '/home/geenloop/.local/share/code-server/User/workspaceStorage/3c6d983/vscode.lock': Marking the lockfile as scheduled to be released in 6000 ms.
2024-07-02 20:52:52.901 [error] Canceled: Canceled
	at new l (/tmp/code-server/lib/code-server-4.19.1/lib/vscode/out/vs/workbench/api/node/extensionHostProcess.js:125:108505)
	at n.U (/tmp/code-server/lib/code-server-4.19.1/lib/vscode/out/vs/workbench/api/node/extensionHostProcess.js:134:10833)
	at F.<computed>.T.charCodeAt.F.<computed> (/tmp/code-server/lib/code-server-4.19.1/lib/vscode/out/vs/workbench/api/node/extensionHostProcess.js:134:8284)
	at r.g (/tmp/code-server/lib/code-server-4.19.1/lib/vscode/out/vs/workbench/api/node/extensionHostProcess.js:125:139796)
	at r.executeCommand (/tmp/code-server/lib/code-server-4.19.1/lib/vscode/out/vs/workbench/api/node/extensionHostProcess.js:125:139220)
	at I.registerCommand.description (/tmp/code-server/lib/code-server-4.19.1/lib/vscode/out/vs/workbench/api/node/extensionHostProcess.js:125:138530)
	at r.h (/tmp/code-server/lib/code-server-4.19.1/lib/vscode/out/vs/workbench/api/node/extensionHostProcess.js:125:140335)
	at r.g (/tmp/code-server/lib/code-server-4.19.1/lib/vscode/out/vs/workbench/api/node/extensionHostProcess.js:125:139320)
	at r.executeCommand (/tmp/code-server/lib/code-server-4.19.1/lib/vscode/out/vs/workbench/api/node/extensionHostProcess.js:125:139220)
	at Object.executeCommand (/tmp/code-server/lib/code-server-4.19.1/lib/vscode/out/vs/workbench/api/node/extensionHostProcess.js:140:21298)
	at h.D [as value] (/tmp/code-server/lib/code-server-4.19.1/lib/vscode/extensions/git/dist/main.js:2:1316925)
	at c.y (/tmp/code-server/lib/code-server-4.19.1/lib/vscode/out/vs/workbench/api/node/extensionHostProcess.js:80:1918)
	at c.z (/tmp/code-server/lib/code-server-4.19.1/lib/vscode/out/vs/workbench/api/node/extensionHostProcess.js:80:1988)
	at c.fire (/tmp/code-server/lib/code-server-4.19.1/lib/vscode/out/vs/workbench/api/node/extensionHostProcess.js:80:2204)
	at Object.m [as dispose] (/tmp/code-server/lib/code-server-4.19.1/lib/vscode/extensions/git/dist/main.js:2:1332842)
	at /tmp/code-server/lib/code-server-4.19.1/lib/vscode/extensions/git/dist/main.js:2:1337795
	at Array.forEach (<anonymous>)
	at g.dispose (/tmp/code-server/lib/code-server-4.19.1/lib/vscode/extensions/git/dist/main.js:2:1337781)
	at i.<anonymous> (/tmp/code-server/lib/code-server-4.19.1/lib/vscode/out/vs/workbench/api/node/extensionHostProcess.js:121:4339)
	at i.dispose (/tmp/code-server/lib/code-server-4.19.1/lib/vscode/out/vs/workbench/api/node/extensionHostProcess.js:121:4474)
	at i.<anonymous> (/tmp/code-server/lib/code-server-4.19.1/lib/vscode/extensions/git/dist/main.js:2:1318937)
	at i.dispose (/tmp/code-server/lib/code-server-4.19.1/lib/vscode/out/vs/workbench/api/node/extensionHostProcess.js:121:4474)
	at u (/tmp/code-server/lib/code-server-4.19.1/lib/vscode/out/vs/workbench/api/node/extensionHostProcess.js:30:760)
	at d.cb (/tmp/code-server/lib/code-server-4.19.1/lib/vscode/out/vs/workbench/api/node/extensionHostProcess.js:136:10604)
	at /tmp/code-server/lib/code-server-4.19.1/lib/vscode/out/vs/workbench/api/node/extensionHostProcess.js:136:8561
	at Array.map (<anonymous>)
	at d.Y (/tmp/code-server/lib/code-server-4.19.1/lib/vscode/out/vs/workbench/api/node/extensionHostProcess.js:136:8548)
	at d.terminate (/tmp/code-server/lib/code-server-4.19.1/lib/vscode/out/vs/workbench/api/node/extensionHostProcess.js:136:8818)
	at u.terminate (/tmp/code-server/lib/code-server-4.19.1/lib/vscode/out/vs/workbench/api/node/extensionHostProcess.js:140:1513)
	at t (/tmp/code-server/lib/code-server-4.19.1/lib/vscode/out/vs/workbench/api/node/extensionHostProcess.js:153:9808)
	at T.a (/tmp/code-server/lib/code-server-4.19.1/lib/vscode/out/vs/workbench/api/node/extensionHostProcess.js:153:6537)
	at T.h (/tmp/code-server/lib/code-server-4.19.1/lib/vscode/out/vs/workbench/api/node/extensionHostProcess.js:84:19679)
	at listOnTimeout (node:internal/timers:569:17)
	at process.processTimers (node:internal/timers:512:7) setContext undefined
2024-07-02 20:52:52.902 [error] Canceled: Canceled
	at new l (/tmp/code-server/lib/code-server-4.19.1/lib/vscode/out/vs/workbench/api/node/extensionHostProcess.js:125:108505)
	at n.U (/tmp/code-server/lib/code-server-4.19.1/lib/vscode/out/vs/workbench/api/node/extensionHostProcess.js:134:10833)
	at F.<computed>.T.charCodeAt.F.<computed> (/tmp/code-server/lib/code-server-4.19.1/lib/vscode/out/vs/workbench/api/node/extensionHostProcess.js:134:8284)
	at r.g (/tmp/code-server/lib/code-server-4.19.1/lib/vscode/out/vs/workbench/api/node/extensionHostProcess.js:125:139796)
	at r.executeCommand (/tmp/code-server/lib/code-server-4.19.1/lib/vscode/out/vs/workbench/api/node/extensionHostProcess.js:125:139220)
	at I.registerCommand.description (/tmp/code-server/lib/code-server-4.19.1/lib/vscode/out/vs/workbench/api/node/extensionHostProcess.js:125:138530)
	at r.h (/tmp/code-server/lib/code-server-4.19.1/lib/vscode/out/vs/workbench/api/node/extensionHostProcess.js:125:140335)
	at r.g (/tmp/code-server/lib/code-server-4.19.1/lib/vscode/out/vs/workbench/api/node/extensionHostProcess.js:125:139320)
	at r.executeCommand (/tmp/code-server/lib/code-server-4.19.1/lib/vscode/out/vs/workbench/api/node/extensionHostProcess.js:125:139220)
	at Object.executeCommand (/tmp/code-server/lib/code-server-4.19.1/lib/vscode/out/vs/workbench/api/node/extensionHostProcess.js:140:21298)
	at h.D [as value] (/tmp/code-server/lib/code-server-4.19.1/lib/vscode/extensions/git/dist/main.js:2:1316925)
	at c.y (/tmp/code-server/lib/code-server-4.19.1/lib/vscode/out/vs/workbench/api/node/extensionHostProcess.js:80:1918)
	at c.z (/tmp/code-server/lib/code-server-4.19.1/lib/vscode/out/vs/workbench/api/node/extensionHostProcess.js:80:1988)
	at c.fire (/tmp/code-server/lib/code-server-4.19.1/lib/vscode/out/vs/workbench/api/node/extensionHostProcess.js:80:2204)
	at Object.m [as dispose] (/tmp/code-server/lib/code-server-4.19.1/lib/vscode/extensions/git/dist/main.js:2:1332842)
	at /tmp/code-server/lib/code-server-4.19.1/lib/vscode/extensions/git/dist/main.js:2:1337795
	at Array.forEach (<anonymous>)
	at g.dispose (/tmp/code-server/lib/code-server-4.19.1/lib/vscode/extensions/git/dist/main.js:2:1337781)
	at i.<anonymous> (/tmp/code-server/lib/code-server-4.19.1/lib/vscode/out/vs/workbench/api/node/extensionHostProcess.js:121:4339)
	at i.dispose (/tmp/code-server/lib/code-server-4.19.1/lib/vscode/out/vs/workbench/api/node/extensionHostProcess.js:121:4474)
	at i.<anonymous> (/tmp/code-server/lib/code-server-4.19.1/lib/vscode/extensions/git/dist/main.js:2:1318937)
	at i.dispose (/tmp/code-server/lib/code-server-4.19.1/lib/vscode/out/vs/workbench/api/node/extensionHostProcess.js:121:4474)
	at u (/tmp/code-server/lib/code-server-4.19.1/lib/vscode/out/vs/workbench/api/node/extensionHostProcess.js:30:760)
	at d.cb (/tmp/code-server/lib/code-server-4.19.1/lib/vscode/out/vs/workbench/api/node/extensionHostProcess.js:136:10604)
	at /tmp/code-server/lib/code-server-4.19.1/lib/vscode/out/vs/workbench/api/node/extensionHostProcess.js:136:8561
	at Array.map (<anonymous>)
	at d.Y (/tmp/code-server/lib/code-server-4.19.1/lib/vscode/out/vs/workbench/api/node/extensionHostProcess.js:136:8548)
	at d.terminate (/tmp/code-server/lib/code-server-4.19.1/lib/vscode/out/vs/workbench/api/node/extensionHostProcess.js:136:8818)
	at u.terminate (/tmp/code-server/lib/code-server-4.19.1/lib/vscode/out/vs/workbench/api/node/extensionHostProcess.js:140:1513)
	at t (/tmp/code-server/lib/code-server-4.19.1/lib/vscode/out/vs/workbench/api/node/extensionHostProcess.js:153:9808)
	at T.a (/tmp/code-server/lib/code-server-4.19.1/lib/vscode/out/vs/workbench/api/node/extensionHostProcess.js:153:6537)
	at T.h (/tmp/code-server/lib/code-server-4.19.1/lib/vscode/out/vs/workbench/api/node/extensionHostProcess.js:84:19679)
	at listOnTimeout (node:internal/timers:569:17)
	at process.processTimers (node:internal/timers:512:7) setContext undefined
2024-07-02 20:52:52.903 [error] Canceled: Canceled
	at new l (/tmp/code-server/lib/code-server-4.19.1/lib/vscode/out/vs/workbench/api/node/extensionHostProcess.js:125:108505)
	at n.U (/tmp/code-server/lib/code-server-4.19.1/lib/vscode/out/vs/workbench/api/node/extensionHostProcess.js:134:10833)
	at F.<computed>.T.charCodeAt.F.<computed> (/tmp/code-server/lib/code-server-4.19.1/lib/vscode/out/vs/workbench/api/node/extensionHostProcess.js:134:8284)
	at r.g (/tmp/code-server/lib/code-server-4.19.1/lib/vscode/out/vs/workbench/api/node/extensionHostProcess.js:125:139796)
	at r.executeCommand (/tmp/code-server/lib/code-server-4.19.1/lib/vscode/out/vs/workbench/api/node/extensionHostProcess.js:125:139220)
	at I.registerCommand.description (/tmp/code-server/lib/code-server-4.19.1/lib/vscode/out/vs/workbench/api/node/extensionHostProcess.js:125:138530)
	at r.h (/tmp/code-server/lib/code-server-4.19.1/lib/vscode/out/vs/workbench/api/node/extensionHostProcess.js:125:140335)
	at r.g (/tmp/code-server/lib/code-server-4.19.1/lib/vscode/out/vs/workbench/api/node/extensionHostProcess.js:125:139320)
	at r.executeCommand (/tmp/code-server/lib/code-server-4.19.1/lib/vscode/out/vs/workbench/api/node/extensionHostProcess.js:125:139220)
	at Object.executeCommand (/tmp/code-server/lib/code-server-4.19.1/lib/vscode/out/vs/workbench/api/node/extensionHostProcess.js:140:21298)
	at set b [as b] (/tmp/code-server/lib/code-server-4.19.1/lib/vscode/extensions/github/dist/extension.js:2:714708)
	at /tmp/code-server/lib/code-server-4.19.1/lib/vscode/extensions/github/dist/extension.js:2:715349
	at h.value (/tmp/code-server/lib/code-server-4.19.1/lib/vscode/extensions/git/dist/main.js:2:1408111)
	at c.y (/tmp/code-server/lib/code-server-4.19.1/lib/vscode/out/vs/workbench/api/node/extensionHostProcess.js:80:1918)
	at c.z (/tmp/code-server/lib/code-server-4.19.1/lib/vscode/out/vs/workbench/api/node/extensionHostProcess.js:80:1988)
	at c.fire (/tmp/code-server/lib/code-server-4.19.1/lib/vscode/out/vs/workbench/api/node/extensionHostProcess.js:80:2204)
	at Object.m [as dispose] (/tmp/code-server/lib/code-server-4.19.1/lib/vscode/extensions/git/dist/main.js:2:1332842)
	at /tmp/code-server/lib/code-server-4.19.1/lib/vscode/extensions/git/dist/main.js:2:1337795
	at Array.forEach (<anonymous>)
	at g.dispose (/tmp/code-server/lib/code-server-4.19.1/lib/vscode/extensions/git/dist/main.js:2:1337781)
	at i.<anonymous> (/tmp/code-server/lib/code-server-4.19.1/lib/vscode/out/vs/workbench/api/node/extensionHostProcess.js:121:4339)
	at i.dispose (/tmp/code-server/lib/code-server-4.19.1/lib/vscode/out/vs/workbench/api/node/extensionHostProcess.js:121:4474)
	at i.<anonymous> (/tmp/code-server/lib/code-server-4.19.1/lib/vscode/extensions/git/dist/main.js:2:1318937)
	at i.dispose (/tmp/code-server/lib/code-server-4.19.1/lib/vscode/out/vs/workbench/api/node/extensionHostProcess.js:121:4474)
	at u (/tmp/code-server/lib/code-server-4.19.1/lib/vscode/out/vs/workbench/api/node/extensionHostProcess.js:30:760)
	at d.cb (/tmp/code-server/lib/code-server-4.19.1/lib/vscode/out/vs/workbench/api/node/extensionHostProcess.js:136:10604)
	at /tmp/code-server/lib/code-server-4.19.1/lib/vscode/out/vs/workbench/api/node/extensionHostProcess.js:136:8561
	at Array.map (<anonymous>)
	at d.Y (/tmp/code-server/lib/code-server-4.19.1/lib/vscode/out/vs/workbench/api/node/extensionHostProcess.js:136:8548)
	at d.terminate (/tmp/code-server/lib/code-server-4.19.1/lib/vscode/out/vs/workbench/api/node/extensionHostProcess.js:136:8818)
	at u.terminate (/tmp/code-server/lib/code-server-4.19.1/lib/vscode/out/vs/workbench/api/node/extensionHostProcess.js:140:1513)
	at t (/tmp/code-server/lib/code-server-4.19.1/lib/vscode/out/vs/workbench/api/node/extensionHostProcess.js:153:9808)
	at T.a (/tmp/code-server/lib/code-server-4.19.1/lib/vscode/out/vs/workbench/api/node/extensionHostProcess.js:153:6537)
	at T.h (/tmp/code-server/lib/code-server-4.19.1/lib/vscode/out/vs/workbench/api/node/extensionHostProcess.js:84:19679)
	at listOnTimeout (node:internal/timers:569:17)
	at process.processTimers (node:internal/timers:512:7) setContext undefined
2024-07-02 20:52:52.942 [info] Extension host with pid 31331 exiting with code 0
