2024-07-02 08:58:36.920 [info] Log level: Info
2024-07-02 08:58:36.920 [info] Validating found git in: "git"
2024-07-02 08:58:36.920 [info] Using git "2.43.0" from "git"
2024-07-02 08:58:36.920 [info] > git rev-parse --show-toplevel [17ms]
2024-07-02 08:58:36.920 [info] fatal: not a git repository (or any parent up to mount point /home)
Stopping at filesystem boundary (GIT_DISCOVERY_ACROSS_FILESYSTEM not set).
2024-07-02 08:58:36.920 [info] > git rev-parse --show-toplevel [5ms]
2024-07-02 08:58:36.920 [info] fatal: not a git repository (or any parent up to mount point /home)
Stopping at filesystem boundary (GIT_DISCOVERY_ACROSS_FILESYSTEM not set).
2024-07-02 08:58:36.920 [info] > git rev-parse --show-toplevel [7ms]
2024-07-02 08:58:36.920 [info] fatal: not a git repository (or any parent up to mount point /home)
Stopping at filesystem boundary (GIT_DISCOVERY_ACROSS_FILESYSTEM not set).
2024-07-02 08:58:36.920 [info] > git rev-parse --show-toplevel [8ms]
2024-07-02 08:58:36.920 [info] fatal: not a git repository (or any parent up to mount point /home)
Stopping at filesystem boundary (GIT_DISCOVERY_ACROSS_FILESYSTEM not set).
2024-07-02 08:58:36.974 [info] > git rev-parse --show-toplevel [55ms]
2024-07-02 08:58:36.974 [info] fatal: not a git repository (or any parent up to mount point /home)
Stopping at filesystem boundary (GIT_DISCOVERY_ACROSS_FILESYSTEM not set).
2024-07-02 08:58:36.990 [info] > git rev-parse --show-toplevel [5ms]
2024-07-02 08:58:37.005 [info] > git rev-parse --git-dir --git-common-dir [2ms]
2024-07-02 08:58:37.034 [info] Open repository: /home/geenloop/uptime-kuma
2024-07-02 08:58:37.071 [info] > git config --get commit.template [17ms]
2024-07-02 08:58:37.073 [info] > git for-each-ref --format=%(refname)%00%(upstream:short)%00%(objectname)%00%(upstream:track)%00%(upstream:remotename)%00%(upstream:remoteref) refs/heads/master refs/remotes/master [6ms]
2024-07-02 08:58:37.131 [info] > git status -z -uall [47ms]
2024-07-02 08:58:37.176 [info] > git config --get commit.template [17ms]
2024-07-02 08:58:37.180 [info] > git for-each-ref --format=%(refname)%00%(upstream:short)%00%(objectname)%00%(upstream:track)%00%(upstream:remotename)%00%(upstream:remoteref) refs/heads/master refs/remotes/master [6ms]
2024-07-02 08:58:37.300 [info] > git status -z -uall [109ms]
2024-07-02 08:58:37.615 [info] > git check-ignore -v -z --stdin [3ms]
2024-07-02 08:58:55.595 [info] > git config --get commit.template [3ms]
2024-07-02 08:58:55.611 [info] > git for-each-ref --format=%(refname)%00%(upstream:short)%00%(objectname)%00%(upstream:track)%00%(upstream:remotename)%00%(upstream:remoteref) refs/heads/master refs/remotes/master [3ms]
2024-07-02 08:58:55.671 [info] > git status -z -uall [44ms]
2024-07-02 08:59:01.493 [info] > git config --get commit.template [3ms]
2024-07-02 08:59:01.510 [info] > git for-each-ref --format=%(refname)%00%(upstream:short)%00%(objectname)%00%(upstream:track)%00%(upstream:remotename)%00%(upstream:remoteref) refs/heads/master refs/remotes/master [3ms]
2024-07-02 08:59:01.583 [info] > git status -z -uall [59ms]
2024-07-02 08:59:16.631 [info] > git config --get commit.template [19ms]
2024-07-02 08:59:16.632 [info] > git for-each-ref --format=%(refname)%00%(upstream:short)%00%(objectname)%00%(upstream:track)%00%(upstream:remotename)%00%(upstream:remoteref) refs/heads/master refs/remotes/master [5ms]
2024-07-02 08:59:16.699 [info] > git status -z -uall [54ms]
2024-07-02 08:59:21.733 [info] > git config --get commit.template [3ms]
2024-07-02 08:59:21.758 [info] > git for-each-ref --format=%(refname)%00%(upstream:short)%00%(objectname)%00%(upstream:track)%00%(upstream:remotename)%00%(upstream:remoteref) refs/heads/master refs/remotes/master [3ms]
2024-07-02 08:59:21.835 [info] > git status -z -uall [57ms]
2024-07-02 08:59:51.804 [info] > git config --get commit.template [3ms]
2024-07-02 08:59:51.818 [info] > git for-each-ref --format=%(refname)%00%(upstream:short)%00%(objectname)%00%(upstream:track)%00%(upstream:remotename)%00%(upstream:remoteref) refs/heads/master refs/remotes/master [2ms]
2024-07-02 08:59:51.863 [info] > git status -z -uall [35ms]
2024-07-02 08:59:56.886 [info] > git config --get commit.template [3ms]
2024-07-02 08:59:56.902 [info] > git for-each-ref --format=%(refname)%00%(upstream:short)%00%(objectname)%00%(upstream:track)%00%(upstream:remotename)%00%(upstream:remoteref) refs/heads/master refs/remotes/master [3ms]
2024-07-02 08:59:56.958 [info] > git status -z -uall [32ms]
2024-07-02 09:00:17.707 [info] > git show --textconv :package.json [14ms]
2024-07-02 09:00:17.711 [info] > git ls-files --stage -- /home/geenloop/uptime-kuma/package.json [6ms]
2024-07-02 09:00:17.729 [info] > git cat-file -s 567efa1b5a035f570a956f106003039ef1e76376 [4ms]
2024-07-02 09:01:07.317 [info] > git config --get commit.template [23ms]
2024-07-02 09:01:07.319 [info] > git for-each-ref --format=%(refname)%00%(upstream:short)%00%(objectname)%00%(upstream:track)%00%(upstream:remotename)%00%(upstream:remoteref) refs/heads/master refs/remotes/master [5ms]
2024-07-02 09:01:07.402 [info] > git status -z -uall [61ms]
2024-07-02 09:01:12.519 [info] > git config --get commit.template [50ms]
2024-07-02 09:01:12.529 [info] > git for-each-ref --format=%(refname)%00%(upstream:short)%00%(objectname)%00%(upstream:track)%00%(upstream:remotename)%00%(upstream:remoteref) refs/heads/master refs/remotes/master [12ms]
2024-07-02 09:01:12.632 [info] > git status -z -uall [63ms]
2024-07-02 09:01:17.694 [info] > git config --get commit.template [27ms]
2024-07-02 09:01:17.696 [info] > git for-each-ref --format=%(refname)%00%(upstream:short)%00%(objectname)%00%(upstream:track)%00%(upstream:remotename)%00%(upstream:remoteref) refs/heads/master refs/remotes/master [3ms]
2024-07-02 09:01:17.765 [info] > git status -z -uall [47ms]
2024-07-02 09:01:22.793 [info] > git config --get commit.template [2ms]
2024-07-02 09:01:22.818 [info] > git for-each-ref --format=%(refname)%00%(upstream:short)%00%(objectname)%00%(upstream:track)%00%(upstream:remotename)%00%(upstream:remoteref) refs/heads/master refs/remotes/master [3ms]
2024-07-02 09:01:22.877 [info] > git status -z -uall [37ms]
2024-07-02 09:01:29.793 [info] > git check-ignore -v -z --stdin [2ms]
2024-07-02 09:01:31.226 [info] > git check-ignore -v -z --stdin [4ms]
2024-07-02 09:01:46.405 [info] > git config --get commit.template [26ms]
2024-07-02 09:01:46.406 [info] > git for-each-ref --format=%(refname)%00%(upstream:short)%00%(objectname)%00%(upstream:track)%00%(upstream:remotename)%00%(upstream:remoteref) refs/heads/master refs/remotes/master [3ms]
2024-07-02 09:01:46.480 [info] > git status -z -uall [53ms]
2024-07-02 09:01:46.528 [info] > git check-ignore -v -z --stdin [4ms]
2024-07-02 09:02:51.963 [info] > git rev-parse --show-toplevel [2ms]
2024-07-02 09:02:51.963 [info] fatal: not a git repository (or any parent up to mount point /home)
Stopping at filesystem boundary (GIT_DISCOVERY_ACROSS_FILESYSTEM not set).
2024-07-02 09:06:19.882 [info] > git show --textconv :package.json [22ms]
2024-07-02 09:06:19.883 [info] > git ls-files --stage -- /home/geenloop/uptime-kuma/package.json [2ms]
2024-07-02 09:06:19.906 [info] > git cat-file -s 567efa1b5a035f570a956f106003039ef1e76376 [3ms]
2024-07-02 09:06:43.507 [info] > git check-ignore -v -z --stdin [3ms]
2024-07-02 09:06:49.299 [info] > git check-ignore -v -z --stdin [3ms]
2024-07-02 09:06:55.357 [info] > git show --textconv :index.html [32ms]
2024-07-02 09:06:55.363 [info] > git ls-files --stage -- /home/geenloop/uptime-kuma/index.html [6ms]
2024-07-02 09:06:55.389 [info] > git cat-file -s 87aa6063a2f69445f79647b1c371fe2da503295e [3ms]
2024-07-02 09:08:03.530 [info] > git check-ignore -v -z --stdin [3ms]
2024-07-02 09:08:09.153 [info] > git show --textconv :src/App.vue [26ms]
2024-07-02 09:08:09.155 [info] > git ls-files --stage -- /home/geenloop/uptime-kuma/src/App.vue [3ms]
2024-07-02 09:08:09.178 [info] > git cat-file -s f102360c11909128d8d0de618acf2b1a5325b830 [2ms]
2024-07-02 09:08:17.412 [info] > git show --textconv :src/main.js [41ms]
2024-07-02 09:08:17.426 [info] > git ls-files --stage -- /home/geenloop/uptime-kuma/src/main.js [15ms]
2024-07-02 09:08:17.455 [info] > git cat-file -s 1fda9df15b3a958cfd5fee69fe843c09ff90e585 [4ms]
2024-07-02 09:08:26.634 [info] > git check-ignore -v -z --stdin [6ms]
2024-07-02 09:08:29.132 [info] > git check-ignore -v -z --stdin [3ms]
2024-07-02 09:08:31.850 [info] > git check-ignore -v -z --stdin [2ms]
2024-07-02 09:08:37.368 [info] > git check-ignore -v -z --stdin [3ms]
2024-07-02 09:08:42.732 [info] > git check-ignore -v -z --stdin [3ms]
2024-07-02 09:08:44.882 [info] > git check-ignore -v -z --stdin [2ms]
2024-07-02 09:09:08.704 [info] > git rev-parse --show-toplevel [24ms]
2024-07-02 09:09:08.705 [info] fatal: not a git repository (or any parent up to mount point /home)
Stopping at filesystem boundary (GIT_DISCOVERY_ACROSS_FILESYSTEM not set).
2024-07-02 09:09:10.805 [info] > git show --textconv :src/main.js [41ms]
2024-07-02 09:09:10.825 [info] > git ls-files --stage -- /home/geenloop/uptime-kuma/src/main.js [23ms]
2024-07-02 09:09:10.875 [info] > git cat-file -s 1fda9df15b3a958cfd5fee69fe843c09ff90e585 [3ms]
2024-07-02 09:09:11.374 [info] > git show --textconv :src/App.vue [39ms]
2024-07-02 09:09:11.376 [info] > git ls-files --stage -- /home/geenloop/uptime-kuma/src/App.vue [3ms]
2024-07-02 09:09:11.409 [info] > git cat-file -s f102360c11909128d8d0de618acf2b1a5325b830 [4ms]
2024-07-02 09:10:09.107 [info] > git show --textconv :vue.config.js [33ms]
2024-07-02 09:10:09.112 [info] > git ls-files --stage -- /home/geenloop/uptime-kuma/vue.config.js [6ms]
2024-07-02 09:10:09.243 [info] > git check-ignore -v -z --stdin [5ms]
2024-07-02 09:10:09.761 [info] > git config --get commit.template [1ms]
2024-07-02 09:10:09.790 [info] > git for-each-ref --format=%(refname)%00%(upstream:short)%00%(objectname)%00%(upstream:track)%00%(upstream:remotename)%00%(upstream:remoteref) refs/heads/master refs/remotes/master [3ms]
2024-07-02 09:10:09.872 [info] > git status -z -uall [52ms]
2024-07-02 09:10:19.295 [info] > git config --get commit.template [28ms]
2024-07-02 09:10:19.296 [info] > git for-each-ref --format=%(refname)%00%(upstream:short)%00%(objectname)%00%(upstream:track)%00%(upstream:remotename)%00%(upstream:remoteref) refs/heads/master refs/remotes/master [3ms]
2024-07-02 09:10:19.367 [info] > git status -z -uall [38ms]
2024-07-02 09:10:24.448 [info] > git config --get commit.template [38ms]
2024-07-02 09:10:24.449 [info] > git for-each-ref --format=%(refname)%00%(upstream:short)%00%(objectname)%00%(upstream:track)%00%(upstream:remotename)%00%(upstream:remoteref) refs/heads/master refs/remotes/master [4ms]
2024-07-02 09:10:24.531 [info] > git status -z -uall [51ms]
2024-07-02 09:10:29.593 [info] > git config --get commit.template [23ms]
2024-07-02 09:10:29.594 [info] > git for-each-ref --format=%(refname)%00%(upstream:short)%00%(objectname)%00%(upstream:track)%00%(upstream:remotename)%00%(upstream:remoteref) refs/heads/master refs/remotes/master [2ms]
2024-07-02 09:10:29.665 [info] > git status -z -uall [46ms]
2024-07-02 09:10:48.224 [info] > git config --get commit.template [3ms]
2024-07-02 09:10:48.258 [info] > git for-each-ref --format=%(refname)%00%(upstream:short)%00%(objectname)%00%(upstream:track)%00%(upstream:remotename)%00%(upstream:remoteref) refs/heads/master refs/remotes/master [3ms]
2024-07-02 09:10:48.341 [info] > git status -z -uall [44ms]
2024-07-02 09:10:53.402 [info] > git for-each-ref --format=%(refname)%00%(upstream:short)%00%(objectname)%00%(upstream:track)%00%(upstream:remotename)%00%(upstream:remoteref) refs/heads/master refs/remotes/master [1ms]
2024-07-02 09:10:53.402 [info] > git config --get commit.template [28ms]
2024-07-02 09:10:53.465 [info] > git status -z -uall [39ms]
2024-07-02 09:11:29.987 [info] > git config --get commit.template [25ms]
2024-07-02 09:11:29.988 [info] > git for-each-ref --format=%(refname)%00%(upstream:short)%00%(objectname)%00%(upstream:track)%00%(upstream:remotename)%00%(upstream:remoteref) refs/heads/master refs/remotes/master [3ms]
2024-07-02 09:11:30.070 [info] > git status -z -uall [45ms]
2024-07-02 09:11:42.068 [info] > git show --textconv :node_modules/http-graceful-shutdown/lib/index.js [28ms]
2024-07-02 09:11:42.069 [info] > git ls-files --stage -- /home/geenloop/uptime-kuma/node_modules/http-graceful-shutdown/lib/index.js [6ms]
2024-07-02 09:11:42.213 [info] > git check-ignore -v -z --stdin [7ms]
2024-07-02 09:12:00.183 [info] > git show --textconv :package.json [37ms]
2024-07-02 09:12:00.184 [info] > git ls-files --stage -- /home/geenloop/uptime-kuma/package.json [14ms]
2024-07-02 09:12:00.209 [info] > git cat-file -s 567efa1b5a035f570a956f106003039ef1e76376 [3ms]
2024-07-02 09:13:48.668 [info] > git config --get commit.template [26ms]
2024-07-02 09:13:48.670 [info] > git for-each-ref --format=%(refname)%00%(upstream:short)%00%(objectname)%00%(upstream:track)%00%(upstream:remotename)%00%(upstream:remoteref) refs/heads/master refs/remotes/master [4ms]
2024-07-02 09:13:48.743 [info] > git status -z -uall [49ms]
2024-07-02 09:13:53.796 [info] > git config --get commit.template [22ms]
2024-07-02 09:13:53.798 [info] > git for-each-ref --format=%(refname)%00%(upstream:short)%00%(objectname)%00%(upstream:track)%00%(upstream:remotename)%00%(upstream:remoteref) refs/heads/master refs/remotes/master [3ms]
2024-07-02 09:13:53.868 [info] > git status -z -uall [44ms]
2024-07-02 09:14:07.635 [info] > git rev-parse --show-toplevel [35ms]
2024-07-02 09:14:07.636 [info] fatal: not a git repository (or any parent up to mount point /home)
Stopping at filesystem boundary (GIT_DISCOVERY_ACROSS_FILESYSTEM not set).
2024-07-02 09:14:07.936 [info] > git rev-parse --show-toplevel [5ms]
2024-07-02 09:14:07.936 [info] fatal: not a git repository (or any parent up to mount point /home)
Stopping at filesystem boundary (GIT_DISCOVERY_ACROSS_FILESYSTEM not set).
2024-07-02 09:14:21.898 [info] > git rev-parse --show-toplevel [5ms]
2024-07-02 09:14:21.899 [info] fatal: not a git repository (or any parent up to mount point /home)
Stopping at filesystem boundary (GIT_DISCOVERY_ACROSS_FILESYSTEM not set).
2024-07-02 09:14:25.881 [info] > git rev-parse --show-toplevel [5ms]
2024-07-02 09:14:25.882 [info] fatal: not a git repository (or any parent up to mount point /home)
Stopping at filesystem boundary (GIT_DISCOVERY_ACROSS_FILESYSTEM not set).
2024-07-02 09:14:30.348 [info] > git rev-parse --show-toplevel [5ms]
2024-07-02 09:14:30.348 [info] fatal: not a git repository (or any parent up to mount point /home)
Stopping at filesystem boundary (GIT_DISCOVERY_ACROSS_FILESYSTEM not set).
2024-07-02 09:14:34.478 [info] > git rev-parse --show-toplevel [3ms]
2024-07-02 09:14:34.478 [info] fatal: not a git repository (or any parent up to mount point /home)
Stopping at filesystem boundary (GIT_DISCOVERY_ACROSS_FILESYSTEM not set).
2024-07-02 09:14:50.803 [info] > git ls-tree -l HEAD -- /home/geenloop/uptime-kuma/package-lock.json [89ms]
2024-07-02 09:14:50.832 [info] > git show --textconv HEAD:package-lock.json [148ms]
2024-07-02 09:14:58.595 [info] > git show --textconv :package.json [24ms]
2024-07-02 09:14:58.599 [info] > git ls-files --stage -- /home/geenloop/uptime-kuma/package.json [6ms]
2024-07-02 09:14:58.642 [info] > git cat-file -s 567efa1b5a035f570a956f106003039ef1e76376 [9ms]
2024-07-02 09:15:32.422 [info] > git show --textconv :package.json [30ms]
2024-07-02 09:15:32.423 [info] > git ls-files --stage -- /home/geenloop/uptime-kuma/package.json [3ms]
2024-07-02 09:15:32.453 [info] > git cat-file -s 567efa1b5a035f570a956f106003039ef1e76376 [3ms]
2024-07-02 09:15:45.545 [info] > git show --textconv :vue.config.js [40ms]
2024-07-02 09:15:45.545 [info] > git ls-files --stage -- /home/geenloop/uptime-kuma/vue.config.js [3ms]
2024-07-02 09:15:52.674 [info] > git show --textconv :package.json [28ms]
2024-07-02 09:15:52.677 [info] > git ls-files --stage -- /home/geenloop/uptime-kuma/package.json [5ms]
2024-07-02 09:15:52.726 [info] > git cat-file -s 567efa1b5a035f570a956f106003039ef1e76376 [17ms]
2024-07-02 09:16:25.586 [info] > git config --get commit.template [30ms]
2024-07-02 09:16:25.586 [info] > git for-each-ref --format=%(refname)%00%(upstream:short)%00%(objectname)%00%(upstream:track)%00%(upstream:remotename)%00%(upstream:remoteref) refs/heads/master refs/remotes/master [3ms]
2024-07-02 09:16:25.717 [info] > git status -z -uall [102ms]
2024-07-02 09:18:10.360 [info] > git rev-parse --show-toplevel [3ms]
2024-07-02 09:18:10.360 [info] fatal: not a git repository (or any parent up to mount point /home)
Stopping at filesystem boundary (GIT_DISCOVERY_ACROSS_FILESYSTEM not set).
2024-07-02 09:20:52.219 [info] > git rev-parse --show-toplevel [6ms]
2024-07-02 09:20:52.219 [info] fatal: not a git repository (or any parent up to mount point /home)
Stopping at filesystem boundary (GIT_DISCOVERY_ACROSS_FILESYSTEM not set).
2024-07-02 09:21:18.036 [info] > git rev-parse --show-toplevel [3ms]
2024-07-02 09:21:18.036 [info] fatal: not a git repository (or any parent up to mount point /home)
Stopping at filesystem boundary (GIT_DISCOVERY_ACROSS_FILESYSTEM not set).
2024-07-02 09:21:27.451 [info] > git rev-parse --show-toplevel [5ms]
2024-07-02 09:21:27.452 [info] fatal: not a git repository (or any parent up to mount point /home)
Stopping at filesystem boundary (GIT_DISCOVERY_ACROSS_FILESYSTEM not set).
2024-07-02 09:21:37.288 [info] > git rev-parse --show-toplevel [7ms]
2024-07-02 09:21:37.289 [info] fatal: not a git repository (or any parent up to mount point /home)
Stopping at filesystem boundary (GIT_DISCOVERY_ACROSS_FILESYSTEM not set).
2024-07-02 09:21:40.921 [info] > git rev-parse --show-toplevel [4ms]
2024-07-02 09:21:40.922 [info] fatal: not a git repository (or any parent up to mount point /home)
Stopping at filesystem boundary (GIT_DISCOVERY_ACROSS_FILESYSTEM not set).
2024-07-02 09:21:53.982 [info] > git show --textconv :package.json [30ms]
2024-07-02 09:21:53.986 [info] > git ls-files --stage -- /home/geenloop/uptime-kuma/package.json [4ms]
2024-07-02 09:21:54.031 [info] > git cat-file -s 567efa1b5a035f570a956f106003039ef1e76376 [18ms]
2024-07-02 09:22:04.443 [info] > git rev-parse --show-toplevel [2ms]
2024-07-02 09:22:04.444 [info] fatal: not a git repository (or any parent up to mount point /home)
Stopping at filesystem boundary (GIT_DISCOVERY_ACROSS_FILESYSTEM not set).
2024-07-02 09:22:09.610 [info] > git rev-parse --show-toplevel [5ms]
2024-07-02 09:22:09.611 [info] fatal: not a git repository (or any parent up to mount point /home)
Stopping at filesystem boundary (GIT_DISCOVERY_ACROSS_FILESYSTEM not set).
2024-07-02 09:22:11.598 [info] > git rev-parse --show-toplevel [4ms]
2024-07-02 09:22:11.598 [info] fatal: not a git repository (or any parent up to mount point /home)
Stopping at filesystem boundary (GIT_DISCOVERY_ACROSS_FILESYSTEM not set).
2024-07-02 09:22:13.849 [info] > git rev-parse --show-toplevel [5ms]
2024-07-02 09:22:13.849 [info] fatal: not a git repository (or any parent up to mount point /home)
Stopping at filesystem boundary (GIT_DISCOVERY_ACROSS_FILESYSTEM not set).
2024-07-02 09:22:19.495 [info] > git rev-parse --show-toplevel [4ms]
2024-07-02 09:22:19.495 [info] fatal: not a git repository (or any parent up to mount point /home)
Stopping at filesystem boundary (GIT_DISCOVERY_ACROSS_FILESYSTEM not set).
2024-07-02 09:22:24.149 [info] > git show --textconv :package.json [35ms]
2024-07-02 09:22:24.153 [info] > git ls-files --stage -- /home/geenloop/uptime-kuma/package.json [5ms]
2024-07-02 09:22:24.183 [info] > git cat-file -s 567efa1b5a035f570a956f106003039ef1e76376 [4ms]
2024-07-02 09:22:24.722 [info] > git ls-files --stage -- /home/geenloop/uptime-kuma/index.html [4ms]
2024-07-02 09:22:24.759 [info] > git show --textconv :index.html [72ms]
2024-07-02 09:22:24.765 [info] > git cat-file -s 87aa6063a2f69445f79647b1c371fe2da503295e [7ms]
2024-07-02 09:22:42.843 [info] > git rev-parse --show-toplevel [8ms]
2024-07-02 09:22:42.854 [info] fatal: not a git repository (or any parent up to mount point /home)
Stopping at filesystem boundary (GIT_DISCOVERY_ACROSS_FILESYSTEM not set).
2024-07-02 09:22:42.999 [info] > git check-ignore -v -z --stdin [13ms]
2024-07-02 09:22:43.528 [info] > git config --get commit.template [32ms]
2024-07-02 09:22:43.530 [info] > git for-each-ref --format=%(refname)%00%(upstream:short)%00%(objectname)%00%(upstream:track)%00%(upstream:remotename)%00%(upstream:remoteref) refs/heads/master refs/remotes/master [3ms]
2024-07-02 09:22:43.603 [info] > git status -z -uall [47ms]
2024-07-02 09:23:14.565 [info] > git show --textconv :launch.json [23ms]
2024-07-02 09:23:14.567 [info] > git ls-files --stage -- /home/geenloop/uptime-kuma/launch.json [3ms]
2024-07-02 09:23:20.542 [info] > git rev-parse --show-toplevel [19ms]
2024-07-02 09:23:20.542 [info] fatal: not a git repository (or any parent up to mount point /home)
Stopping at filesystem boundary (GIT_DISCOVERY_ACROSS_FILESYSTEM not set).
2024-07-02 09:23:21.515 [info] > git config --get commit.template [24ms]
2024-07-02 09:23:21.516 [info] > git for-each-ref --format=%(refname)%00%(upstream:short)%00%(objectname)%00%(upstream:track)%00%(upstream:remotename)%00%(upstream:remoteref) refs/heads/master refs/remotes/master [3ms]
2024-07-02 09:23:21.580 [info] > git status -z -uall [39ms]
2024-07-02 09:23:59.724 [info] > git rev-parse --show-toplevel [3ms]
2024-07-02 09:23:59.725 [info] fatal: not a git repository (or any parent up to mount point /home)
Stopping at filesystem boundary (GIT_DISCOVERY_ACROSS_FILESYSTEM not set).
2024-07-02 09:23:59.995 [info] > git rev-parse --show-toplevel [3ms]
2024-07-02 09:23:59.995 [info] fatal: not a git repository (or any parent up to mount point /home)
Stopping at filesystem boundary (GIT_DISCOVERY_ACROSS_FILESYSTEM not set).
2024-07-02 09:24:01.098 [info] > git rev-parse --show-toplevel [5ms]
2024-07-02 09:24:01.098 [info] fatal: not a git repository (or any parent up to mount point /home)
Stopping at filesystem boundary (GIT_DISCOVERY_ACROSS_FILESYSTEM not set).
2024-07-02 09:24:03.959 [info] > git rev-parse --show-toplevel [4ms]
2024-07-02 09:24:03.959 [info] fatal: not a git repository (or any parent up to mount point /home)
Stopping at filesystem boundary (GIT_DISCOVERY_ACROSS_FILESYSTEM not set).
2024-07-02 09:24:07.247 [info] > git rev-parse --show-toplevel [4ms]
2024-07-02 09:24:07.248 [info] fatal: not a git repository (or any parent up to mount point /home)
Stopping at filesystem boundary (GIT_DISCOVERY_ACROSS_FILESYSTEM not set).
2024-07-02 09:24:27.349 [info] > git rev-parse --show-toplevel [6ms]
2024-07-02 09:24:27.349 [info] fatal: not a git repository (or any parent up to mount point /home)
Stopping at filesystem boundary (GIT_DISCOVERY_ACROSS_FILESYSTEM not set).
2024-07-02 09:24:31.327 [info] > git rev-parse --show-toplevel [3ms]
2024-07-02 09:24:31.327 [info] fatal: not a git repository (or any parent up to mount point /home)
Stopping at filesystem boundary (GIT_DISCOVERY_ACROSS_FILESYSTEM not set).
2024-07-02 09:25:11.823 [info] > git rev-parse --show-toplevel [3ms]
2024-07-02 09:25:11.823 [info] fatal: not a git repository (or any parent up to mount point /home)
Stopping at filesystem boundary (GIT_DISCOVERY_ACROSS_FILESYSTEM not set).
2024-07-02 09:25:27.988 [info] > git rev-parse --show-toplevel [3ms]
2024-07-02 09:25:27.988 [info] fatal: not a git repository (or any parent up to mount point /home)
Stopping at filesystem boundary (GIT_DISCOVERY_ACROSS_FILESYSTEM not set).
2024-07-02 09:25:30.047 [info] > git rev-parse --show-toplevel [3ms]
2024-07-02 09:25:30.047 [info] fatal: not a git repository (or any parent up to mount point /home)
Stopping at filesystem boundary (GIT_DISCOVERY_ACROSS_FILESYSTEM not set).
2024-07-02 09:25:30.785 [info] > git show --textconv :index.html [29ms]
2024-07-02 09:25:30.787 [info] > git ls-files --stage -- /home/geenloop/uptime-kuma/index.html [4ms]
2024-07-02 09:25:30.823 [info] > git cat-file -s 87aa6063a2f69445f79647b1c371fe2da503295e [8ms]
2024-07-02 09:27:26.372 [info] > git show --textconv :vue.config.js [28ms]
2024-07-02 09:27:26.375 [info] > git ls-files --stage -- /home/geenloop/uptime-kuma/vue.config.js [3ms]
2024-07-02 09:27:44.034 [info] > git show --textconv :index.html [31ms]
2024-07-02 09:27:44.039 [info] > git ls-files --stage -- /home/geenloop/uptime-kuma/index.html [5ms]
2024-07-02 09:27:44.070 [info] > git cat-file -s 87aa6063a2f69445f79647b1c371fe2da503295e [2ms]
2024-07-02 09:27:52.743 [info] > git show --textconv :server/server.js [48ms]
2024-07-02 09:27:52.764 [info] > git ls-files --stage -- /home/geenloop/uptime-kuma/server/server.js [24ms]
2024-07-02 09:27:52.824 [info] > git cat-file -s d5e3f215f4dcc8f55c8b316369f5c1dbf10c9065 [27ms]
2024-07-02 09:28:39.251 [info] > git show --textconv :server/config.js [27ms]
2024-07-02 09:28:39.253 [info] > git ls-files --stage -- /home/geenloop/uptime-kuma/server/config.js [6ms]
2024-07-02 09:28:39.285 [info] > git cat-file -s 515b90465f174833bfc939127903fc06b623c8d6 [2ms]
2024-07-02 09:29:05.246 [info] > git rev-parse --show-toplevel [3ms]
2024-07-02 09:29:05.246 [info] fatal: not a git repository (or any parent up to mount point /home)
Stopping at filesystem boundary (GIT_DISCOVERY_ACROSS_FILESYSTEM not set).
2024-07-02 09:29:06.467 [info] > git rev-parse --show-toplevel [6ms]
2024-07-02 09:29:06.468 [info] fatal: not a git repository (or any parent up to mount point /home)
Stopping at filesystem boundary (GIT_DISCOVERY_ACROSS_FILESYSTEM not set).
2024-07-02 09:29:34.760 [info] > git rev-parse --show-toplevel [4ms]
2024-07-02 09:29:34.760 [info] fatal: not a git repository (or any parent up to mount point /home)
Stopping at filesystem boundary (GIT_DISCOVERY_ACROSS_FILESYSTEM not set).
2024-07-02 09:32:15.573 [info] > git rev-parse --show-toplevel [4ms]
2024-07-02 09:32:15.573 [info] fatal: not a git repository (or any parent up to mount point /home)
Stopping at filesystem boundary (GIT_DISCOVERY_ACROSS_FILESYSTEM not set).
2024-07-02 09:32:21.442 [info] > git rev-parse --show-toplevel [4ms]
2024-07-02 09:32:21.442 [info] fatal: not a git repository (or any parent up to mount point /home)
Stopping at filesystem boundary (GIT_DISCOVERY_ACROSS_FILESYSTEM not set).
2024-07-02 09:32:24.904 [info] > git rev-parse --show-toplevel [3ms]
2024-07-02 09:32:24.904 [info] fatal: not a git repository (or any parent up to mount point /home)
Stopping at filesystem boundary (GIT_DISCOVERY_ACROSS_FILESYSTEM not set).
2024-07-02 09:32:46.516 [info] > git rev-parse --show-toplevel [4ms]
2024-07-02 09:32:46.517 [info] fatal: not a git repository (or any parent up to mount point /home)
Stopping at filesystem boundary (GIT_DISCOVERY_ACROSS_FILESYSTEM not set).
2024-07-02 09:32:54.025 [info] > git rev-parse --show-toplevel [4ms]
2024-07-02 09:32:54.025 [info] fatal: not a git repository (or any parent up to mount point /home)
Stopping at filesystem boundary (GIT_DISCOVERY_ACROSS_FILESYSTEM not set).
2024-07-02 09:33:03.257 [info] > git rev-parse --show-toplevel [3ms]
2024-07-02 09:33:03.257 [info] fatal: not a git repository (or any parent up to mount point /home)
Stopping at filesystem boundary (GIT_DISCOVERY_ACROSS_FILESYSTEM not set).
2024-07-02 09:33:09.856 [info] > git rev-parse --show-toplevel [2ms]
2024-07-02 09:33:09.856 [info] fatal: not a git repository (or any parent up to mount point /home)
Stopping at filesystem boundary (GIT_DISCOVERY_ACROSS_FILESYSTEM not set).
2024-07-02 09:33:13.197 [info] > git rev-parse --show-toplevel [6ms]
2024-07-02 09:33:13.198 [info] fatal: not a git repository (or any parent up to mount point /home)
Stopping at filesystem boundary (GIT_DISCOVERY_ACROSS_FILESYSTEM not set).
2024-07-02 09:33:15.938 [info] > git rev-parse --show-toplevel [3ms]
2024-07-02 09:33:15.938 [info] fatal: not a git repository (or any parent up to mount point /home)
Stopping at filesystem boundary (GIT_DISCOVERY_ACROSS_FILESYSTEM not set).
2024-07-02 09:33:22.414 [info] > git rev-parse --show-toplevel [3ms]
2024-07-02 09:33:22.415 [info] fatal: not a git repository (or any parent up to mount point /home)
Stopping at filesystem boundary (GIT_DISCOVERY_ACROSS_FILESYSTEM not set).
2024-07-02 09:33:27.657 [info] > git rev-parse --show-toplevel [4ms]
2024-07-02 09:33:27.657 [info] fatal: not a git repository (or any parent up to mount point /home)
Stopping at filesystem boundary (GIT_DISCOVERY_ACROSS_FILESYSTEM not set).
2024-07-02 09:33:31.732 [info] > git rev-parse --show-toplevel [5ms]
2024-07-02 09:33:31.732 [info] fatal: not a git repository (or any parent up to mount point /home)
Stopping at filesystem boundary (GIT_DISCOVERY_ACROSS_FILESYSTEM not set).
2024-07-02 09:33:34.073 [info] > git rev-parse --show-toplevel [3ms]
2024-07-02 09:33:34.073 [info] fatal: not a git repository (or any parent up to mount point /home)
Stopping at filesystem boundary (GIT_DISCOVERY_ACROSS_FILESYSTEM not set).
2024-07-02 09:33:38.019 [info] > git rev-parse --show-toplevel [3ms]
2024-07-02 09:33:38.019 [info] fatal: not a git repository (or any parent up to mount point /home)
Stopping at filesystem boundary (GIT_DISCOVERY_ACROSS_FILESYSTEM not set).
2024-07-02 09:33:40.918 [info] > git rev-parse --show-toplevel [8ms]
2024-07-02 09:33:40.918 [info] fatal: not a git repository (or any parent up to mount point /home)
Stopping at filesystem boundary (GIT_DISCOVERY_ACROSS_FILESYSTEM not set).
2024-07-02 09:34:17.580 [info] > git rev-parse --show-toplevel [4ms]
2024-07-02 09:34:17.581 [info] fatal: not a git repository (or any parent up to mount point /home)
Stopping at filesystem boundary (GIT_DISCOVERY_ACROSS_FILESYSTEM not set).
2024-07-02 09:34:19.744 [info] > git rev-parse --show-toplevel [2ms]
2024-07-02 09:34:19.744 [info] fatal: not a git repository (or any parent up to mount point /home)
Stopping at filesystem boundary (GIT_DISCOVERY_ACROSS_FILESYSTEM not set).
2024-07-02 09:34:22.290 [info] > git rev-parse --show-toplevel [2ms]
2024-07-02 09:34:22.290 [info] fatal: not a git repository (or any parent up to mount point /home)
Stopping at filesystem boundary (GIT_DISCOVERY_ACROSS_FILESYSTEM not set).
2024-07-02 09:34:34.129 [info] > git rev-parse --show-toplevel [3ms]
2024-07-02 09:34:34.129 [info] fatal: not a git repository (or any parent up to mount point /home)
Stopping at filesystem boundary (GIT_DISCOVERY_ACROSS_FILESYSTEM not set).
2024-07-02 09:34:41.792 [info] > git rev-parse --show-toplevel [3ms]
2024-07-02 09:34:41.792 [info] fatal: not a git repository (or any parent up to mount point /home)
Stopping at filesystem boundary (GIT_DISCOVERY_ACROSS_FILESYSTEM not set).
2024-07-02 09:34:46.706 [info] > git rev-parse --show-toplevel [3ms]
2024-07-02 09:34:46.706 [info] fatal: not a git repository (or any parent up to mount point /home)
Stopping at filesystem boundary (GIT_DISCOVERY_ACROSS_FILESYSTEM not set).
2024-07-02 09:34:49.508 [info] > git rev-parse --show-toplevel [4ms]
2024-07-02 09:34:49.508 [info] fatal: not a git repository (or any parent up to mount point /home)
Stopping at filesystem boundary (GIT_DISCOVERY_ACROSS_FILESYSTEM not set).
2024-07-02 09:34:58.737 [info] > git show --textconv :package.json [38ms]
2024-07-02 09:34:58.750 [info] > git ls-files --stage -- /home/geenloop/uptime-kuma/package.json [16ms]
2024-07-02 09:34:58.820 [info] > git cat-file -s 567efa1b5a035f570a956f106003039ef1e76376 [40ms]
2024-07-02 09:35:04.436 [info] > git rev-parse --show-toplevel [8ms]
2024-07-02 09:35:04.436 [info] fatal: not a git repository (or any parent up to mount point /home)
Stopping at filesystem boundary (GIT_DISCOVERY_ACROSS_FILESYSTEM not set).
2024-07-02 09:35:09.281 [info] > git rev-parse --show-toplevel [4ms]
2024-07-02 09:35:09.281 [info] fatal: not a git repository (or any parent up to mount point /home)
Stopping at filesystem boundary (GIT_DISCOVERY_ACROSS_FILESYSTEM not set).
2024-07-02 09:35:11.798 [info] > git rev-parse --show-toplevel [3ms]
2024-07-02 09:35:11.799 [info] fatal: not a git repository (or any parent up to mount point /home)
Stopping at filesystem boundary (GIT_DISCOVERY_ACROSS_FILESYSTEM not set).
2024-07-02 09:35:17.675 [info] > git rev-parse --show-toplevel [3ms]
2024-07-02 09:35:17.675 [info] fatal: not a git repository (or any parent up to mount point /home)
Stopping at filesystem boundary (GIT_DISCOVERY_ACROSS_FILESYSTEM not set).
2024-07-02 09:35:20.351 [info] > git rev-parse --show-toplevel [5ms]
2024-07-02 09:35:20.352 [info] fatal: not a git repository (or any parent up to mount point /home)
Stopping at filesystem boundary (GIT_DISCOVERY_ACROSS_FILESYSTEM not set).
2024-07-02 09:35:24.647 [info] > git rev-parse --show-toplevel [3ms]
2024-07-02 09:35:24.647 [info] fatal: not a git repository (or any parent up to mount point /home)
Stopping at filesystem boundary (GIT_DISCOVERY_ACROSS_FILESYSTEM not set).
2024-07-02 09:35:34.990 [info] > git show --textconv :server/server.js [34ms]
2024-07-02 09:35:34.996 [info] > git ls-files --stage -- /home/geenloop/uptime-kuma/server/server.js [11ms]
2024-07-02 09:35:35.028 [info] > git cat-file -s d5e3f215f4dcc8f55c8b316369f5c1dbf10c9065 [7ms]
2024-07-02 09:35:42.895 [info] > git show --textconv :server/config.js [29ms]
2024-07-02 09:35:42.895 [info] > git ls-files --stage -- /home/geenloop/uptime-kuma/server/config.js [5ms]
2024-07-02 09:35:42.922 [info] > git cat-file -s 515b90465f174833bfc939127903fc06b623c8d6 [3ms]
2024-07-02 09:35:48.114 [info] > git show --textconv :server/server.js [33ms]
2024-07-02 09:35:48.119 [info] > git ls-files --stage -- /home/geenloop/uptime-kuma/server/server.js [11ms]
2024-07-02 09:35:48.152 [info] > git cat-file -s d5e3f215f4dcc8f55c8b316369f5c1dbf10c9065 [4ms]
2024-07-02 09:35:49.367 [info] > git rev-parse --show-toplevel [4ms]
2024-07-02 09:35:49.367 [info] fatal: not a git repository (or any parent up to mount point /home)
Stopping at filesystem boundary (GIT_DISCOVERY_ACROSS_FILESYSTEM not set).
2024-07-02 09:35:52.889 [info] > git rev-parse --show-toplevel [3ms]
2024-07-02 09:35:52.889 [info] fatal: not a git repository (or any parent up to mount point /home)
Stopping at filesystem boundary (GIT_DISCOVERY_ACROSS_FILESYSTEM not set).
2024-07-02 09:35:55.405 [info] > git rev-parse --show-toplevel [3ms]
2024-07-02 09:35:55.405 [info] fatal: not a git repository (or any parent up to mount point /home)
Stopping at filesystem boundary (GIT_DISCOVERY_ACROSS_FILESYSTEM not set).
2024-07-02 09:35:57.052 [info] > git show --textconv :index.html [32ms]
2024-07-02 09:35:57.054 [info] > git ls-files --stage -- /home/geenloop/uptime-kuma/index.html [3ms]
2024-07-02 09:35:57.092 [info] > git cat-file -s 87aa6063a2f69445f79647b1c371fe2da503295e [5ms]
2024-07-02 09:36:00.493 [info] > git show --textconv :package.json [37ms]
2024-07-02 09:36:00.496 [info] > git ls-files --stage -- /home/geenloop/uptime-kuma/package.json [4ms]
2024-07-02 09:36:00.529 [info] > git cat-file -s 567efa1b5a035f570a956f106003039ef1e76376 [7ms]
2024-07-02 09:36:26.107 [info] > git rev-parse --show-toplevel [3ms]
2024-07-02 09:36:26.107 [info] fatal: not a git repository (or any parent up to mount point /home)
Stopping at filesystem boundary (GIT_DISCOVERY_ACROSS_FILESYSTEM not set).
2024-07-02 09:36:31.682 [info] > git rev-parse --show-toplevel [7ms]
2024-07-02 09:36:31.682 [info] fatal: not a git repository (or any parent up to mount point /home)
Stopping at filesystem boundary (GIT_DISCOVERY_ACROSS_FILESYSTEM not set).
2024-07-02 09:36:34.384 [info] > git rev-parse --show-toplevel [4ms]
2024-07-02 09:36:34.384 [info] fatal: not a git repository (or any parent up to mount point /home)
Stopping at filesystem boundary (GIT_DISCOVERY_ACROSS_FILESYSTEM not set).
2024-07-02 09:36:56.620 [info] > git rev-parse --show-toplevel [8ms]
2024-07-02 09:36:56.621 [info] fatal: not a git repository (or any parent up to mount point /home)
Stopping at filesystem boundary (GIT_DISCOVERY_ACROSS_FILESYSTEM not set).
2024-07-02 09:37:00.964 [info] > git rev-parse --show-toplevel [3ms]
2024-07-02 09:37:00.964 [info] fatal: not a git repository (or any parent up to mount point /home)
Stopping at filesystem boundary (GIT_DISCOVERY_ACROSS_FILESYSTEM not set).
2024-07-02 09:37:14.732 [info] > git show --textconv :package.json [30ms]
2024-07-02 09:37:14.733 [info] > git ls-files --stage -- /home/geenloop/uptime-kuma/package.json [2ms]
2024-07-02 09:37:14.765 [info] > git cat-file -s 567efa1b5a035f570a956f106003039ef1e76376 [3ms]
2024-07-02 09:37:17.780 [info] > git rev-parse --show-toplevel [5ms]
2024-07-02 09:37:17.780 [info] fatal: not a git repository (or any parent up to mount point /home)
Stopping at filesystem boundary (GIT_DISCOVERY_ACROSS_FILESYSTEM not set).
2024-07-02 09:37:24.982 [info] > git show --textconv :package.json [32ms]
2024-07-02 09:37:24.984 [info] > git ls-files --stage -- /home/geenloop/uptime-kuma/package.json [4ms]
2024-07-02 09:37:25.021 [info] > git cat-file -s 567efa1b5a035f570a956f106003039ef1e76376 [5ms]
2024-07-02 09:37:31.259 [info] > git config --get commit.template [39ms]
2024-07-02 09:37:31.262 [info] > git for-each-ref --format=%(refname)%00%(upstream:short)%00%(objectname)%00%(upstream:track)%00%(upstream:remotename)%00%(upstream:remoteref) refs/heads/master refs/remotes/master [4ms]
2024-07-02 09:37:31.348 [info] > git status -z -uall [55ms]
2024-07-02 09:37:33.389 [info] > git rev-parse --show-toplevel [2ms]
2024-07-02 09:37:33.389 [info] fatal: not a git repository (or any parent up to mount point /home)
Stopping at filesystem boundary (GIT_DISCOVERY_ACROSS_FILESYSTEM not set).
2024-07-02 09:37:36.408 [info] > git config --get commit.template [30ms]
2024-07-02 09:37:36.411 [info] > git for-each-ref --format=%(refname)%00%(upstream:short)%00%(objectname)%00%(upstream:track)%00%(upstream:remotename)%00%(upstream:remoteref) refs/heads/master refs/remotes/master [4ms]
2024-07-02 09:37:36.483 [info] > git status -z -uall [46ms]
2024-07-02 09:37:36.730 [info] > git rev-parse --show-toplevel [3ms]
2024-07-02 09:37:36.730 [info] fatal: not a git repository (or any parent up to mount point /home)
Stopping at filesystem boundary (GIT_DISCOVERY_ACROSS_FILESYSTEM not set).
2024-07-02 09:40:12.222 [info] > git show --textconv :package.json [31ms]
2024-07-02 09:40:12.226 [info] > git ls-files --stage -- /home/geenloop/uptime-kuma/package.json [4ms]
2024-07-02 09:40:12.259 [info] > git cat-file -s 567efa1b5a035f570a956f106003039ef1e76376 [7ms]
2024-07-02 09:40:17.770 [info] > git config --get commit.template [29ms]
2024-07-02 09:40:17.772 [info] > git for-each-ref --format=%(refname)%00%(upstream:short)%00%(objectname)%00%(upstream:track)%00%(upstream:remotename)%00%(upstream:remoteref) refs/heads/master refs/remotes/master [4ms]
2024-07-02 09:40:17.857 [info] > git status -z -uall [53ms]
2024-07-02 09:40:22.916 [info] > git config --get commit.template [28ms]
2024-07-02 09:40:22.917 [info] > git for-each-ref --format=%(refname)%00%(upstream:short)%00%(objectname)%00%(upstream:track)%00%(upstream:remotename)%00%(upstream:remoteref) refs/heads/master refs/remotes/master [3ms]
2024-07-02 09:40:22.979 [info] > git status -z -uall [34ms]
2024-07-02 09:40:28.096 [info] > git config --get commit.template [28ms]
2024-07-02 09:40:28.133 [info] > git for-each-ref --format=%(refname)%00%(upstream:short)%00%(objectname)%00%(upstream:track)%00%(upstream:remotename)%00%(upstream:remoteref) refs/heads/master refs/remotes/master [4ms]
2024-07-02 09:40:28.202 [info] > git status -z -uall [37ms]
2024-07-02 09:43:16.427 [info] > git rev-parse --show-toplevel [7ms]
2024-07-02 09:43:16.427 [info] fatal: not a git repository (or any parent up to mount point /home)
Stopping at filesystem boundary (GIT_DISCOVERY_ACROSS_FILESYSTEM not set).
2024-07-02 09:43:18.403 [info] > git show --textconv :index.html [30ms]
2024-07-02 09:43:18.406 [info] > git ls-files --stage -- /home/geenloop/uptime-kuma/index.html [3ms]
2024-07-02 09:43:18.438 [info] > git cat-file -s 87aa6063a2f69445f79647b1c371fe2da503295e [4ms]
2024-07-02 09:43:21.358 [info] > git show --textconv :vue.config.js [35ms]
2024-07-02 09:43:21.359 [info] > git ls-files --stage -- /home/geenloop/uptime-kuma/vue.config.js [2ms]
2024-07-02 09:43:43.556 [info] > git config --get commit.template [2ms]
2024-07-02 09:43:43.589 [info] > git for-each-ref --format=%(refname)%00%(upstream:short)%00%(objectname)%00%(upstream:track)%00%(upstream:remotename)%00%(upstream:remoteref) refs/heads/master refs/remotes/master [4ms]
2024-07-02 09:43:43.676 [info] > git status -z -uall [53ms]
2024-07-02 09:43:48.725 [info] > git config --get commit.template [1ms]
2024-07-02 09:43:48.767 [info] > git for-each-ref --format=%(refname)%00%(upstream:short)%00%(objectname)%00%(upstream:track)%00%(upstream:remotename)%00%(upstream:remoteref) refs/heads/master refs/remotes/master [11ms]
2024-07-02 09:43:48.842 [info] > git status -z -uall [48ms]
2024-07-02 09:48:49.615 [info] > git config --get commit.template [41ms]
2024-07-02 09:48:49.617 [info] > git for-each-ref --format=%(refname)%00%(upstream:short)%00%(objectname)%00%(upstream:track)%00%(upstream:remotename)%00%(upstream:remoteref) refs/heads/master refs/remotes/master [4ms]
2024-07-02 09:48:49.707 [info] > git status -z -uall [54ms]
2024-07-02 09:48:52.337 [info] > git show --textconv :package.json [27ms]
2024-07-02 09:48:52.341 [info] > git ls-files --stage -- /home/geenloop/uptime-kuma/package.json [3ms]
2024-07-02 09:48:52.370 [info] > git cat-file -s 567efa1b5a035f570a956f106003039ef1e76376 [3ms]
2024-07-02 09:52:00.449 [info] > git show --textconv :compose.yaml [44ms]
2024-07-02 09:52:00.481 [info] > git ls-files --stage -- /home/geenloop/uptime-kuma/compose.yaml [38ms]
2024-07-02 09:52:00.525 [info] > git cat-file -s 004705a636093004949e017e8548ab9936d0b3ec [3ms]
2024-07-02 09:52:18.919 [info] > git config --get commit.template [3ms]
2024-07-02 09:52:18.965 [info] > git for-each-ref --format=%(refname)%00%(upstream:short)%00%(objectname)%00%(upstream:track)%00%(upstream:remotename)%00%(upstream:remoteref) refs/heads/master refs/remotes/master [3ms]
2024-07-02 09:52:19.065 [info] > git status -z -uall [58ms]
2024-07-02 09:52:24.135 [info] > git config --get commit.template [9ms]
2024-07-02 09:52:24.170 [info] > git for-each-ref --format=%(refname)%00%(upstream:short)%00%(objectname)%00%(upstream:track)%00%(upstream:remotename)%00%(upstream:remoteref) refs/heads/master refs/remotes/master [3ms]
2024-07-02 09:52:24.243 [info] > git status -z -uall [44ms]
2024-07-02 09:52:29.312 [info] > git config --get commit.template [3ms]
2024-07-02 09:52:29.363 [info] > git for-each-ref --format=%(refname)%00%(upstream:short)%00%(objectname)%00%(upstream:track)%00%(upstream:remotename)%00%(upstream:remoteref) refs/heads/master refs/remotes/master [7ms]
2024-07-02 09:52:29.475 [info] > git status -z -uall [73ms]
2024-07-02 09:52:34.551 [info] > git config --get commit.template [35ms]
2024-07-02 09:52:34.553 [info] > git for-each-ref --format=%(refname)%00%(upstream:short)%00%(objectname)%00%(upstream:track)%00%(upstream:remotename)%00%(upstream:remoteref) refs/heads/master refs/remotes/master [3ms]
2024-07-02 09:52:34.637 [info] > git status -z -uall [57ms]
2024-07-02 09:52:39.680 [info] > git config --get commit.template [2ms]
2024-07-02 09:52:39.714 [info] > git for-each-ref --format=%(refname)%00%(upstream:short)%00%(objectname)%00%(upstream:track)%00%(upstream:remotename)%00%(upstream:remoteref) refs/heads/master refs/remotes/master [4ms]
2024-07-02 09:52:39.792 [info] > git status -z -uall [45ms]
2024-07-02 09:52:57.855 [info] > git check-ignore -v -z --stdin [2ms]
2024-07-02 09:53:03.641 [info] > git check-ignore -v -z --stdin [2ms]
2024-07-02 09:53:21.698 [info] > git show --textconv HEAD:vue.config.js [32ms]
2024-07-02 09:53:21.702 [info] > git ls-tree -l HEAD -- /home/geenloop/uptime-kuma/vue.config.js [5ms]
2024-07-02 09:53:27.160 [info] > git show --textconv HEAD:compose.yaml [39ms]
2024-07-02 09:53:27.160 [info] > git ls-tree -l HEAD -- /home/geenloop/uptime-kuma/compose.yaml [6ms]
2024-07-02 09:55:17.251 [info] > git ls-tree -l HEAD -- /home/geenloop/uptime-kuma/compose.yaml [3ms]
2024-07-02 09:55:46.755 [info] > git ls-tree -l HEAD -- /home/geenloop/uptime-kuma/compose.yaml [3ms]
2024-07-02 09:55:51.201 [info] > git show --textconv :compose.yaml [27ms]
2024-07-02 09:55:51.204 [info] > git ls-files --stage -- /home/geenloop/uptime-kuma/compose.yaml [4ms]
2024-07-02 09:55:51.234 [info] > git cat-file -s 004705a636093004949e017e8548ab9936d0b3ec [2ms]
2024-07-02 09:55:55.139 [info] > git config --get commit.template [2ms]
2024-07-02 09:55:55.175 [info] > git for-each-ref --format=%(refname)%00%(upstream:short)%00%(objectname)%00%(upstream:track)%00%(upstream:remotename)%00%(upstream:remoteref) refs/heads/master refs/remotes/master [2ms]
2024-07-02 09:55:55.245 [info] > git status -z -uall [46ms]
2024-07-02 09:56:00.316 [info] > git config --get commit.template [32ms]
2024-07-02 09:56:00.317 [info] > git for-each-ref --format=%(refname)%00%(upstream:short)%00%(objectname)%00%(upstream:track)%00%(upstream:remotename)%00%(upstream:remoteref) refs/heads/master refs/remotes/master [3ms]
2024-07-02 09:56:00.397 [info] > git status -z -uall [49ms]
2024-07-02 09:56:07.387 [info] > git config --get commit.template [4ms]
2024-07-02 09:56:07.510 [info] > git for-each-ref --format=%(refname)%00%(upstream:short)%00%(objectname)%00%(upstream:track)%00%(upstream:remotename)%00%(upstream:remoteref) refs/heads/master refs/remotes/master [60ms]
2024-07-02 09:56:07.597 [info] > git status -z -uall [48ms]
2024-07-02 09:56:13.339 [info] > git config --get commit.template [31ms]
2024-07-02 09:56:13.340 [info] > git for-each-ref --format=%(refname)%00%(upstream:short)%00%(objectname)%00%(upstream:track)%00%(upstream:remotename)%00%(upstream:remoteref) refs/heads/master refs/remotes/master [3ms]
2024-07-02 09:56:13.405 [info] > git status -z -uall [38ms]
2024-07-02 09:56:18.472 [info] > git config --get commit.template [29ms]
2024-07-02 09:56:18.474 [info] > git for-each-ref --format=%(refname)%00%(upstream:short)%00%(objectname)%00%(upstream:track)%00%(upstream:remotename)%00%(upstream:remoteref) refs/heads/master refs/remotes/master [3ms]
2024-07-02 09:56:18.554 [info] > git status -z -uall [51ms]
2024-07-02 09:56:24.929 [info] > git config --get commit.template [30ms]
2024-07-02 09:56:24.931 [info] > git for-each-ref --format=%(refname)%00%(upstream:short)%00%(objectname)%00%(upstream:track)%00%(upstream:remotename)%00%(upstream:remoteref) refs/heads/master refs/remotes/master [3ms]
2024-07-02 09:56:25.008 [info] > git status -z -uall [41ms]
2024-07-02 09:56:30.070 [info] > git config --get commit.template [27ms]
2024-07-02 09:56:30.071 [info] > git for-each-ref --format=%(refname)%00%(upstream:short)%00%(objectname)%00%(upstream:track)%00%(upstream:remotename)%00%(upstream:remoteref) refs/heads/master refs/remotes/master [3ms]
2024-07-02 09:56:30.130 [info] > git status -z -uall [34ms]
2024-07-02 09:56:35.205 [info] > git config --get commit.template [35ms]
2024-07-02 09:56:35.207 [info] > git for-each-ref --format=%(refname)%00%(upstream:short)%00%(objectname)%00%(upstream:track)%00%(upstream:remotename)%00%(upstream:remoteref) refs/heads/master refs/remotes/master [4ms]
2024-07-02 09:56:35.300 [info] > git status -z -uall [61ms]
2024-07-02 09:56:40.365 [info] > git config --get commit.template [30ms]
2024-07-02 09:56:40.366 [info] > git for-each-ref --format=%(refname)%00%(upstream:short)%00%(objectname)%00%(upstream:track)%00%(upstream:remotename)%00%(upstream:remoteref) refs/heads/master refs/remotes/master [3ms]
2024-07-02 09:56:40.439 [info] > git status -z -uall [43ms]
2024-07-02 09:56:45.809 [info] > git config --get commit.template [2ms]
2024-07-02 09:56:45.840 [info] > git for-each-ref --format=%(refname)%00%(upstream:short)%00%(objectname)%00%(upstream:track)%00%(upstream:remotename)%00%(upstream:remoteref) refs/heads/master refs/remotes/master [3ms]
2024-07-02 09:56:45.905 [info] > git status -z -uall [35ms]
2024-07-02 09:56:59.308 [info] > git config --get commit.template [26ms]
2024-07-02 09:56:59.315 [info] > git for-each-ref --format=%(refname)%00%(upstream:short)%00%(objectname)%00%(upstream:track)%00%(upstream:remotename)%00%(upstream:remoteref) refs/heads/master refs/remotes/master [8ms]
2024-07-02 09:56:59.378 [info] > git status -z -uall [38ms]
2024-07-02 09:57:04.357 [info] > git rev-parse --show-toplevel [4ms]
2024-07-02 09:57:04.358 [info] fatal: not a git repository (or any parent up to mount point /home)
Stopping at filesystem boundary (GIT_DISCOVERY_ACROSS_FILESYSTEM not set).
2024-07-02 09:57:04.413 [info] > git config --get commit.template [2ms]
2024-07-02 09:57:04.444 [info] > git for-each-ref --format=%(refname)%00%(upstream:short)%00%(objectname)%00%(upstream:track)%00%(upstream:remotename)%00%(upstream:remoteref) refs/heads/master refs/remotes/master [3ms]
2024-07-02 09:57:04.521 [info] > git status -z -uall [45ms]
2024-07-02 09:57:08.841 [info] > git show --textconv :package.json [28ms]
2024-07-02 09:57:08.844 [info] > git ls-files --stage -- /home/geenloop/uptime-kuma/package.json [4ms]
2024-07-02 09:57:08.875 [info] > git cat-file -s 567efa1b5a035f570a956f106003039ef1e76376 [3ms]
2024-07-02 09:57:20.766 [info] > git show --textconv :vue.config.js [30ms]
2024-07-02 09:57:20.768 [info] > git ls-files --stage -- /home/geenloop/uptime-kuma/vue.config.js [4ms]
2024-07-02 09:57:21.714 [info] > git show --textconv :index.html [27ms]
2024-07-02 09:57:21.716 [info] > git ls-files --stage -- /home/geenloop/uptime-kuma/index.html [3ms]
2024-07-02 09:57:21.749 [info] > git cat-file -s 87aa6063a2f69445f79647b1c371fe2da503295e [7ms]
2024-07-02 09:57:23.928 [info] > git show --textconv :compose.yaml [33ms]
2024-07-02 09:57:23.931 [info] > git ls-files --stage -- /home/geenloop/uptime-kuma/compose.yaml [4ms]
2024-07-02 09:57:23.961 [info] > git cat-file -s 004705a636093004949e017e8548ab9936d0b3ec [3ms]
2024-07-02 09:57:28.047 [info] > git config --get commit.template [26ms]
2024-07-02 09:57:28.048 [info] > git for-each-ref --format=%(refname)%00%(upstream:short)%00%(objectname)%00%(upstream:track)%00%(upstream:remotename)%00%(upstream:remoteref) refs/heads/master refs/remotes/master [3ms]
2024-07-02 09:57:28.113 [info] > git status -z -uall [38ms]
2024-07-02 09:57:33.176 [info] > git config --get commit.template [27ms]
2024-07-02 09:57:33.177 [info] > git for-each-ref --format=%(refname)%00%(upstream:short)%00%(objectname)%00%(upstream:track)%00%(upstream:remotename)%00%(upstream:remoteref) refs/heads/master refs/remotes/master [3ms]
2024-07-02 09:57:33.260 [info] > git status -z -uall [53ms]
2024-07-02 09:57:47.565 [info] > git config --get commit.template [42ms]
2024-07-02 09:57:47.566 [info] > git for-each-ref --format=%(refname)%00%(upstream:short)%00%(objectname)%00%(upstream:track)%00%(upstream:remotename)%00%(upstream:remoteref) refs/heads/master refs/remotes/master [3ms]
2024-07-02 09:57:47.625 [info] > git status -z -uall [34ms]
2024-07-02 09:58:03.612 [info] > git add -A -- . [105ms]
2024-07-02 09:58:03.693 [info] > git -c user.useConfigOnly=true commit --quiet --allow-empty-message --file - [40ms]
2024-07-02 09:58:03.723 [info] > git config --get commit.template [1ms]
2024-07-02 09:58:03.780 [info] > git config --get commit.template [29ms]
2024-07-02 09:58:03.781 [info] > git for-each-ref --format=%(refname)%00%(upstream:short)%00%(objectname)%00%(upstream:track)%00%(upstream:remotename)%00%(upstream:remoteref) refs/heads/master refs/remotes/master [4ms]
2024-07-02 09:58:03.824 [info] > git status -z -uall [8ms]
2024-07-02 09:58:03.984 [info] > git rev-parse --show-toplevel [2ms]
2024-07-02 09:58:03.984 [info] fatal: not a git repository (or any parent up to mount point /home)
Stopping at filesystem boundary (GIT_DISCOVERY_ACROSS_FILESYSTEM not set).
2024-07-02 09:58:04.055 [info] > git config --get commit.template [29ms]
2024-07-02 09:58:04.056 [info] > git for-each-ref --format=%(refname)%00%(upstream:short)%00%(objectname)%00%(upstream:track)%00%(upstream:remotename)%00%(upstream:remoteref) refs/heads/master refs/remotes/master [3ms]
2024-07-02 09:58:04.098 [info] > git status -z -uall [10ms]
2024-07-02 09:58:05.189 [info] > git ls-files --stage -- /home/geenloop/uptime-kuma/compose.yaml [4ms]
2024-07-02 09:58:05.223 [info] > git cat-file -s c2fb3e8c3f04099d14a9d325aa51a4caad87e7c3 [3ms]
2024-07-02 09:58:05.293 [info] > git show --textconv :compose.yaml [7ms]
2024-07-02 09:58:06.184 [info] > git config --get commit.template [32ms]
2024-07-02 09:58:06.187 [info] > git for-each-ref --format=%(refname)%00%(upstream:short)%00%(objectname)%00%(upstream:track)%00%(upstream:remotename)%00%(upstream:remoteref) refs/heads/master refs/remotes/master [5ms]
2024-07-02 09:58:06.234 [info] > git status -z -uall [8ms]
2024-07-02 09:58:07.324 [info] > git log --oneline --cherry master...master@{upstream} -- [2ms]
2024-07-02 09:58:07.935 [info] > git pull --tags origin master [581ms]
2024-07-02 09:58:07.935 [info] From https://github.com/brokengdnb/uptime-kuma
 * branch              master     -> FETCH_HEAD
2024-07-02 09:58:09.252 [info] > git ls-files --stage -- /home/geenloop/uptime-kuma/compose.yaml [3ms]
2024-07-02 09:58:09.281 [info] > git cat-file -s c2fb3e8c3f04099d14a9d325aa51a4caad87e7c3 [3ms]
2024-07-02 09:58:09.340 [info] > git show --textconv :compose.yaml [3ms]
2024-07-02 09:59:43.003 [info] > git push origin master:master [95038ms]
2024-07-02 09:59:43.003 [info] To https://github.com/brokengdnb/uptime-kuma.git
   d8e4eb5a..22442309  master -> master
2024-07-02 09:59:43.067 [info] > git config --get commit.template [32ms]
2024-07-02 09:59:43.069 [info] > git for-each-ref --format=%(refname)%00%(upstream:short)%00%(objectname)%00%(upstream:track)%00%(upstream:remotename)%00%(upstream:remoteref) refs/heads/master refs/remotes/master [3ms]
2024-07-02 09:59:43.107 [info] > git status -z -uall [8ms]
2024-07-02 09:59:51.297 [info] > git config --get commit.template [2ms]
2024-07-02 09:59:51.325 [info] > git for-each-ref --format=%(refname)%00%(upstream:short)%00%(objectname)%00%(upstream:track)%00%(upstream:remotename)%00%(upstream:remoteref) refs/heads/master refs/remotes/master [2ms]
2024-07-02 09:59:51.380 [info] > git status -z -uall [29ms]
2024-07-02 09:59:51.384 [info] > git ls-files --stage -- /home/geenloop/uptime-kuma/compose.yaml [5ms]
2024-07-02 09:59:51.414 [info] > git cat-file -s c2fb3e8c3f04099d14a9d325aa51a4caad87e7c3 [3ms]
2024-07-02 09:59:51.471 [info] > git show --textconv :compose.yaml [3ms]
2024-07-02 10:28:16.361 [info] > git ls-files --stage -- /home/geenloop/uptime-kuma/package.json [5ms]
2024-07-02 10:28:16.392 [info] > git show --textconv :package.json [66ms]
2024-07-02 10:28:16.395 [info] > git cat-file -s 06040f440c1811cfa7a4c9daa3ba2de864fb6722 [4ms]
2024-07-02 10:28:25.043 [info] > git config --get commit.template [1ms]
2024-07-02 10:28:25.078 [info] > git for-each-ref --format=%(refname)%00%(upstream:short)%00%(objectname)%00%(upstream:track)%00%(upstream:remotename)%00%(upstream:remoteref) refs/heads/master refs/remotes/master [7ms]
2024-07-02 10:28:25.138 [info] > git status -z -uall [32ms]
2024-07-02 10:28:30.192 [info] > git config --get commit.template [3ms]
2024-07-02 10:28:30.225 [info] > git for-each-ref --format=%(refname)%00%(upstream:short)%00%(objectname)%00%(upstream:track)%00%(upstream:remotename)%00%(upstream:remoteref) refs/heads/master refs/remotes/master [2ms]
2024-07-02 10:28:30.258 [info] > git status -z -uall [8ms]
2024-07-02 10:28:35.318 [info] > git config --get commit.template [27ms]
2024-07-02 10:28:35.319 [info] > git for-each-ref --format=%(refname)%00%(upstream:short)%00%(objectname)%00%(upstream:track)%00%(upstream:remotename)%00%(upstream:remoteref) refs/heads/master refs/remotes/master [3ms]
2024-07-02 10:28:35.353 [info] > git status -z -uall [8ms]
2024-07-02 10:28:40.393 [info] > git config --get commit.template [2ms]
2024-07-02 10:28:40.428 [info] > git for-each-ref --format=%(refname)%00%(upstream:short)%00%(objectname)%00%(upstream:track)%00%(upstream:remotename)%00%(upstream:remoteref) refs/heads/master refs/remotes/master [4ms]
2024-07-02 10:28:40.458 [info] > git status -z -uall [6ms]
2024-07-02 10:28:48.507 [info] > git config --get commit.template [27ms]
2024-07-02 10:28:48.508 [info] > git for-each-ref --format=%(refname)%00%(upstream:short)%00%(objectname)%00%(upstream:track)%00%(upstream:remotename)%00%(upstream:remoteref) refs/heads/master refs/remotes/master [2ms]
2024-07-02 10:28:48.539 [info] > git status -z -uall [8ms]
2024-07-02 10:28:53.600 [info] > git config --get commit.template [32ms]
2024-07-02 10:28:53.603 [info] > git for-each-ref --format=%(refname)%00%(upstream:short)%00%(objectname)%00%(upstream:track)%00%(upstream:remotename)%00%(upstream:remoteref) refs/heads/master refs/remotes/master [5ms]
2024-07-02 10:28:53.642 [info] > git status -z -uall [9ms]
2024-07-02 10:28:58.721 [info] > git config --get commit.template [36ms]
2024-07-02 10:28:58.725 [info] > git for-each-ref --format=%(refname)%00%(upstream:short)%00%(objectname)%00%(upstream:track)%00%(upstream:remotename)%00%(upstream:remoteref) refs/heads/master refs/remotes/master [5ms]
2024-07-02 10:28:58.759 [info] > git status -z -uall [6ms]
2024-07-02 10:29:03.830 [info] > git config --get commit.template [35ms]
2024-07-02 10:29:03.832 [info] > git for-each-ref --format=%(refname)%00%(upstream:short)%00%(objectname)%00%(upstream:track)%00%(upstream:remotename)%00%(upstream:remoteref) refs/heads/master refs/remotes/master [4ms]
2024-07-02 10:29:03.864 [info] > git status -z -uall [5ms]
2024-07-02 10:29:08.925 [info] > git config --get commit.template [29ms]
2024-07-02 10:29:08.926 [info] > git for-each-ref --format=%(refname)%00%(upstream:short)%00%(objectname)%00%(upstream:track)%00%(upstream:remotename)%00%(upstream:remoteref) refs/heads/master refs/remotes/master [3ms]
2024-07-02 10:29:08.967 [info] > git status -z -uall [6ms]
2024-07-02 10:29:15.286 [info] > git config --get commit.template [26ms]
2024-07-02 10:29:15.287 [info] > git for-each-ref --format=%(refname)%00%(upstream:short)%00%(objectname)%00%(upstream:track)%00%(upstream:remotename)%00%(upstream:remoteref) refs/heads/master refs/remotes/master [3ms]
2024-07-02 10:29:15.319 [info] > git status -z -uall [9ms]
2024-07-02 10:29:24.111 [info] > git add -A -- . [11ms]
2024-07-02 10:29:24.178 [info] > git -c user.useConfigOnly=true commit --quiet --allow-empty-message --file - [43ms]
2024-07-02 10:29:24.206 [info] > git config --get commit.template [2ms]
2024-07-02 10:29:24.270 [info] > git config --get commit.template [33ms]
2024-07-02 10:29:24.273 [info] > git for-each-ref --format=%(refname)%00%(upstream:short)%00%(objectname)%00%(upstream:track)%00%(upstream:remotename)%00%(upstream:remoteref) refs/heads/master refs/remotes/master [4ms]
2024-07-02 10:29:24.307 [info] > git status -z -uall [7ms]
2024-07-02 10:29:24.444 [info] > git config --get commit.template [28ms]
2024-07-02 10:29:24.445 [info] > git for-each-ref --format=%(refname)%00%(upstream:short)%00%(objectname)%00%(upstream:track)%00%(upstream:remotename)%00%(upstream:remoteref) refs/heads/master refs/remotes/master [3ms]
2024-07-02 10:29:24.476 [info] > git status -z -uall [7ms]
2024-07-02 10:29:25.544 [info] > git ls-files --stage -- /home/geenloop/uptime-kuma/package.json [3ms]
2024-07-02 10:29:25.574 [info] > git cat-file -s feff55fdf8d25756b43e8c785ef6f2a631950a93 [2ms]
2024-07-02 10:29:25.639 [info] > git show --textconv :package.json [3ms]
2024-07-02 10:29:26.576 [info] > git config --get commit.template [30ms]
2024-07-02 10:29:26.577 [info] > git for-each-ref --format=%(refname)%00%(upstream:short)%00%(objectname)%00%(upstream:track)%00%(upstream:remotename)%00%(upstream:remoteref) refs/heads/master refs/remotes/master [4ms]
2024-07-02 10:29:26.618 [info] > git status -z -uall [9ms]
2024-07-02 10:29:27.150 [info] > git log --oneline --cherry master...master@{upstream} -- [4ms]
2024-07-02 10:29:27.742 [info] > git pull --tags origin master [559ms]
2024-07-02 10:29:27.742 [info] From https://github.com/brokengdnb/uptime-kuma
 * branch              master     -> FETCH_HEAD
2024-07-02 10:29:29.062 [info] > git ls-files --stage -- /home/geenloop/uptime-kuma/package.json [3ms]
2024-07-02 10:29:29.091 [info] > git cat-file -s feff55fdf8d25756b43e8c785ef6f2a631950a93 [4ms]
2024-07-02 10:29:29.154 [info] > git show --textconv :package.json [4ms]
2024-07-02 10:29:31.711 [info] > git push origin master:master [3943ms]
2024-07-02 10:29:31.711 [info] To https://github.com/brokengdnb/uptime-kuma.git
   22442309..f3ec9778  master -> master
2024-07-02 10:29:31.750 [info] > git config --get commit.template [6ms]
2024-07-02 10:29:31.779 [info] > git for-each-ref --format=%(refname)%00%(upstream:short)%00%(objectname)%00%(upstream:track)%00%(upstream:remotename)%00%(upstream:remoteref) refs/heads/master refs/remotes/master [3ms]
2024-07-02 10:29:31.821 [info] > git status -z -uall [9ms]
2024-07-02 10:29:33.033 [info] > git config --get commit.template [25ms]
2024-07-02 10:29:33.034 [info] > git for-each-ref --format=%(refname)%00%(upstream:short)%00%(objectname)%00%(upstream:track)%00%(upstream:remotename)%00%(upstream:remoteref) refs/heads/master refs/remotes/master [2ms]
2024-07-02 10:29:33.067 [info] > git status -z -uall [6ms]
2024-07-02 10:29:33.133 [info] > git ls-files --stage -- /home/geenloop/uptime-kuma/package.json [2ms]
2024-07-02 10:29:33.165 [info] > git cat-file -s feff55fdf8d25756b43e8c785ef6f2a631950a93 [2ms]
2024-07-02 10:29:33.227 [info] > git show --textconv :package.json [4ms]
2024-07-02 10:32:21.321 [info] > git config --get commit.template [19ms]
2024-07-02 10:32:21.356 [info] > git for-each-ref --format=%(refname)%00%(upstream:short)%00%(objectname)%00%(upstream:track)%00%(upstream:remotename)%00%(upstream:remoteref) refs/heads/master refs/remotes/master [5ms]
2024-07-02 10:32:21.416 [info] > git status -z -uall [34ms]
2024-07-02 10:32:41.721 [info] > git config --get commit.template [32ms]
2024-07-02 10:32:41.722 [info] > git for-each-ref --format=%(refname)%00%(upstream:short)%00%(objectname)%00%(upstream:track)%00%(upstream:remotename)%00%(upstream:remoteref) refs/heads/master refs/remotes/master [4ms]
2024-07-02 10:32:41.755 [info] > git status -z -uall [7ms]
2024-07-02 10:32:53.280 [info] > git config --get commit.template [25ms]
2024-07-02 10:32:53.281 [info] > git for-each-ref --format=%(refname)%00%(upstream:short)%00%(objectname)%00%(upstream:track)%00%(upstream:remotename)%00%(upstream:remoteref) refs/heads/master refs/remotes/master [3ms]
2024-07-02 10:32:53.314 [info] > git status -z -uall [6ms]
2024-07-02 10:32:57.622 [info] > git add -A -- . [11ms]
2024-07-02 10:32:57.660 [info] > git -c user.useConfigOnly=true commit --quiet --allow-empty-message --file - [14ms]
2024-07-02 10:32:57.690 [info] > git config --get commit.template [4ms]
2024-07-02 10:32:57.742 [info] > git config --get commit.template [26ms]
2024-07-02 10:32:57.744 [info] > git for-each-ref --format=%(refname)%00%(upstream:short)%00%(objectname)%00%(upstream:track)%00%(upstream:remotename)%00%(upstream:remoteref) refs/heads/master refs/remotes/master [3ms]
2024-07-02 10:32:57.779 [info] > git status -z -uall [10ms]
2024-07-02 10:32:57.884 [info] > git config --get commit.template [3ms]
2024-07-02 10:32:57.911 [info] > git for-each-ref --format=%(refname)%00%(upstream:short)%00%(objectname)%00%(upstream:track)%00%(upstream:remotename)%00%(upstream:remoteref) refs/heads/master refs/remotes/master [3ms]
2024-07-02 10:32:57.943 [info] > git status -z -uall [6ms]
2024-07-02 10:32:59.071 [info] > git ls-files --stage -- /home/geenloop/uptime-kuma/package.json [2ms]
2024-07-02 10:32:59.101 [info] > git cat-file -s 9181bb828a3a4ac133d0c29db438de8211580a43 [2ms]
2024-07-02 10:32:59.160 [info] > git show --textconv :package.json [4ms]
2024-07-02 10:33:00.083 [info] > git log --oneline --cherry master...master@{upstream} -- [35ms]
2024-07-02 10:33:00.118 [info] > git rev-parse --show-toplevel [41ms]
2024-07-02 10:33:00.119 [info] fatal: not a git repository (or any parent up to mount point /home)
Stopping at filesystem boundary (GIT_DISCOVERY_ACROSS_FILESYSTEM not set).
2024-07-02 10:33:00.468 [info] > git pull --tags origin master [359ms]
2024-07-02 10:33:00.468 [info] From https://github.com/brokengdnb/uptime-kuma
 * branch              master     -> FETCH_HEAD
2024-07-02 10:33:01.796 [info] > git ls-files --stage -- /home/geenloop/uptime-kuma/package.json [6ms]
2024-07-02 10:33:01.827 [info] > git cat-file -s 9181bb828a3a4ac133d0c29db438de8211580a43 [3ms]
2024-07-02 10:33:01.830 [info] > git push origin master:master [1336ms]
2024-07-02 10:33:01.830 [info] To https://github.com/brokengdnb/uptime-kuma.git
   f3ec9778..3a1f2033  master -> master
2024-07-02 10:33:01.890 [info] > git config --get commit.template [35ms]
2024-07-02 10:33:01.920 [info] > git for-each-ref --format=%(refname)%00%(upstream:short)%00%(objectname)%00%(upstream:track)%00%(upstream:remotename)%00%(upstream:remoteref) refs/heads/master refs/remotes/master [33ms]
2024-07-02 10:33:01.947 [info] > git show --textconv :package.json [29ms]
2024-07-02 10:33:01.953 [info] > git status -z -uall [7ms]
2024-07-02 10:33:02.016 [info] > git config --get commit.template [5ms]
2024-07-02 10:33:02.063 [info] > git for-each-ref --format=%(refname)%00%(upstream:short)%00%(objectname)%00%(upstream:track)%00%(upstream:remotename)%00%(upstream:remoteref) refs/heads/master refs/remotes/master [4ms]
2024-07-02 10:33:02.136 [info] > git status -z -uall [24ms]
2024-07-02 10:33:03.229 [info] > git ls-files --stage -- /home/geenloop/uptime-kuma/package.json [3ms]
2024-07-02 10:33:03.259 [info] > git cat-file -s 9181bb828a3a4ac133d0c29db438de8211580a43 [2ms]
2024-07-02 10:33:03.328 [info] > git show --textconv :package.json [3ms]
2024-07-02 10:37:04.274 [info] > git config --get commit.template [28ms]
2024-07-02 10:37:04.275 [info] > git for-each-ref --format=%(refname)%00%(upstream:short)%00%(objectname)%00%(upstream:track)%00%(upstream:remotename)%00%(upstream:remoteref) refs/heads/master refs/remotes/master [4ms]
2024-07-02 10:37:04.311 [info] > git status -z -uall [11ms]
2024-07-02 10:37:10.598 [info] > git config --get commit.template [29ms]
2024-07-02 10:37:10.599 [info] > git for-each-ref --format=%(refname)%00%(upstream:short)%00%(objectname)%00%(upstream:track)%00%(upstream:remotename)%00%(upstream:remoteref) refs/heads/master refs/remotes/master [3ms]
2024-07-02 10:37:10.639 [info] > git status -z -uall [7ms]
2024-07-02 10:37:15.703 [info] > git config --get commit.template [28ms]
2024-07-02 10:37:15.704 [info] > git for-each-ref --format=%(refname)%00%(upstream:short)%00%(objectname)%00%(upstream:track)%00%(upstream:remotename)%00%(upstream:remoteref) refs/heads/master refs/remotes/master [2ms]
2024-07-02 10:37:15.739 [info] > git status -z -uall [9ms]
2024-07-02 10:37:21.768 [info] > git add -A -- . [12ms]
2024-07-02 10:37:22.330 [info] > git show --textconv :.git/COMMIT_EDITMSG [25ms]
2024-07-02 10:37:22.332 [info] > git ls-files --stage -- /home/geenloop/uptime-kuma/.git/COMMIT_EDITMSG [4ms]
2024-07-02 10:37:22.567 [info] > git check-ignore -v -z --stdin [2ms]
2024-07-02 10:37:38.247 [info] > git ls-files --stage -- /home/geenloop/uptime-kuma/.git/COMMIT_EDITMSG [3ms]
2024-07-02 10:37:38.327 [info] > git show --textconv :.git/COMMIT_EDITMSG [2ms]
2024-07-02 10:37:40.469 [info] > git -c user.useConfigOnly=true commit --quiet [18677ms]
2024-07-02 10:37:40.469 [info] Aborting commit due to empty commit message.
2024-07-02 10:37:40.531 [info] > git config --get commit.template [33ms]
2024-07-02 10:37:40.540 [info] > git for-each-ref --format=%(refname)%00%(upstream:short)%00%(objectname)%00%(upstream:track)%00%(upstream:remotename)%00%(upstream:remoteref) refs/heads/master refs/remotes/master [11ms]
2024-07-02 10:37:40.570 [info] > git status -z -uall [7ms]
2024-07-02 10:37:40.706 [info] > git show --textconv :package.json [31ms]
2024-07-02 10:37:40.707 [info] > git ls-files --stage -- /home/geenloop/uptime-kuma/package.json [5ms]
2024-07-02 10:37:40.736 [info] > git cat-file -s 4f37cb25b547e7c5ce6546dc9c374e3707cba44d [4ms]
2024-07-02 10:37:42.242 [info] > git show --textconv :.git/COMMIT_EDITMSG [27ms]
2024-07-02 10:37:42.246 [info] > git ls-files --stage -- /home/geenloop/uptime-kuma/.git/COMMIT_EDITMSG [3ms]
2024-07-02 10:37:43.051 [info] > git ls-files --stage -- /home/geenloop/uptime-kuma/.git/COMMIT_EDITMSG [4ms]
2024-07-02 10:37:43.107 [info] > git show --textconv :.git/COMMIT_EDITMSG [3ms]
